#
# There is insufficient memory for the Java Runtime Environment to continue.
# Native memory allocation (malloc) failed to allocate 32744 bytes. Error detail: ChunkPool::allocate
# Possible reasons:
#   The system is out of physical RAM or swap space
#   This process is running with CompressedOops enabled, and the Java Heap may be blocking the growth of the native heap
# Possible solutions:
#   Reduce memory load on the system
#   Increase physical memory or swap space
#   Check if swap backing store is full
#   Decrease Java heap size (-Xmx/-Xms)
#   Decrease number of Java threads
#   Decrease Java thread stack sizes (-Xss)
#   Set larger code cache with -XX:ReservedCodeCacheSize=
#   JVM is running with Unscaled Compressed Oops mode in which the Java heap is
#     placed in the first 4GB address space. The Java Heap base address is the
#     maximum limit for the native heap growth. Please use -XX:HeapBaseMinAddress
#     to set the Java Heap base and to place the Java Heap above 4GB virtual address.
# This output file may be truncated or incomplete.
#
#  Out of Memory Error (arena.cpp:79), pid=89560, tid=89352
#
# JRE version: OpenJDK Runtime Environment Temurin-17.0.13+11 (17.0.13+11) (build 17.0.13+11)
# Java VM: OpenJDK 64-Bit Server VM Temurin-17.0.13+11 (17.0.13+11, mixed mode, tiered, compressed oops, compressed class ptrs, parallel gc, windows-amd64)
# No core dump will be written. Minidumps are not enabled by default on client versions of Windows
#

---------------  S U M M A R Y ------------

Command Line: --add-modules=ALL-SYSTEM --add-opens=java.base/java.util=ALL-UNNAMED --add-opens=java.base/java.lang=ALL-UNNAMED --add-opens=java.base/sun.nio.fs=ALL-UNNAMED -Declipse.application=org.eclipse.jdt.ls.core.id1 -Dosgi.bundles.defaultStartLevel=4 -Declipse.product=org.eclipse.jdt.ls.core.product -Djava.import.generatesMetadataFilesAtProjectRoot=false -DDetectVMInstallationsJob.disabled=true -Dfile.encoding=utf8 -XX:+UseParallelGC -XX:GCTimeRatio=4 -XX:AdaptiveSizePolicyWeight=90 -Dsun.zip.disableMemoryMapping=true -Xmx1G -Xms100m -Xlog:disable -javaagent:c:\Users\tuant\.vscode\extensions\redhat.java-1.37.0-win32-x64\lombok\lombok-1.18.34.jar -XX:+HeapDumpOnOutOfMemoryError -XX:HeapDumpPath=c:\Users\tuant\AppData\Roaming\Code\User\workspaceStorage\9255a2486ce90b51e51345d54823f42f\redhat.java -Daether.dependencyCollector.impl=bf c:\Users\tuant\.vscode\extensions\redhat.java-1.37.0-win32-x64\server\plugins\org.eclipse.equinox.launcher_1.6.900.v20240613-2009.jar -configuration c:\Users\tuant\AppData\Roaming\Code\User\globalStorage\redhat.java\1.37.0\config_win -data c:\Users\tuant\AppData\Roaming\Code\User\workspaceStorage\9255a2486ce90b51e51345d54823f42f\redhat.java\jdt_ws --pipe=\\.\pipe\lsp-eb7e3e8aad009fce04856f03f8f8b059-sock

Host: 12th Gen Intel(R) Core(TM) i5-12450H, 12 cores, 7G,  Windows 11 , 64 bit Build 22621 (10.0.22621.4391)
Time: Mon Dec  9 18:00:29 2024 SE Asia Standard Time elapsed time: 16.201229 seconds (0d 0h 0m 16s)

---------------  T H R E A D  ---------------

Current thread (0x000001f0d109c830):  JavaThread "C2 CompilerThread0" daemon [_thread_in_native, id=89352, stack(0x0000003956c00000,0x0000003956d00000)]


Current CompileTask:
C2:  16201 11292       4       org.eclipse.jdt.internal.compiler.parser.Scanner::internalScanIdentifierOrKeyword (4943 bytes)

Stack: [0x0000003956c00000,0x0000003956d00000]
Native frames: (J=compiled Java code, j=interpreted, Vv=VM code, C=native code)
V  [jvm.dll+0x682a19]
V  [jvm.dll+0x839538]
V  [jvm.dll+0x83afe3]
V  [jvm.dll+0x83b653]
V  [jvm.dll+0x24704f]
V  [jvm.dll+0xad03c]
V  [jvm.dll+0xad4cc]
V  [jvm.dll+0x569efc]
V  [jvm.dll+0x32fc07]
V  [jvm.dll+0x32f05a]
V  [jvm.dll+0x21804f]
V  [jvm.dll+0x21748f]
V  [jvm.dll+0x1a3070]
V  [jvm.dll+0x22788c]
V  [jvm.dll+0x2259eb]
V  [jvm.dll+0x7eec98]
V  [jvm.dll+0x7e8ffc]
V  [jvm.dll+0x6818f7]
C  [ucrtbase.dll+0x29333]
C  [KERNEL32.DLL+0x1259d]
C  [ntdll.dll+0x5af38]


---------------  P R O C E S S  ---------------

Threads class SMR info:
_java_thread_list=0x000001f0d6138eb0, length=79, elements={
0x000001f0b5fddc00, 0x000001f0d1067020, 0x000001f0d1068640, 0x000001f0d1093330,
0x000001f0d10941b0, 0x000001f0d10957d0, 0x000001f0d109b940, 0x000001f0d109c830,
0x000001f0d10a2290, 0x000001f0d10a3470, 0x000001f0d11fe390, 0x000001f0d13eda10,
0x000001f0d2d41980, 0x000001f0d2d30960, 0x000001f0d3296010, 0x000001f0d2b4f030,
0x000001f0d2cfaa60, 0x000001f0d32b1090, 0x000001f0d32b0b80, 0x000001f0d32af740,
0x000001f0d32b29e0, 0x000001f0d32b0670, 0x000001f0d32b1fc0, 0x000001f0d32b24d0,
0x000001f0d32afc50, 0x000001f0d32b2ef0, 0x000001f0d4e242a0, 0x000001f0d4e23880,
0x000001f0d4e23d90, 0x000001f0d4e22e60, 0x000001f0d4e247b0, 0x000001f0d4e21000,
0x000001f0d4e21510, 0x000001f0d4e23370, 0x000001f0d4e21a20, 0x000001f0d4e21f30,
0x000001f0d4e22440, 0x000001f0d4e22950, 0x000001f0d43ca9b0, 0x000001f0d43caec0,
0x000001f0d43cc810, 0x000001f0d43cb3d0, 0x000001f0d43c9f90, 0x000001f0d43ca4a0,
0x000001f0d43cbdf0, 0x000001f0d43cd740, 0x000001f0d32b15a0, 0x000001f0d633f1d0,
0x000001f0d633c440, 0x000001f0d633e7b0, 0x000001f0d6337d60, 0x000001f0d633ecc0,
0x000001f0d633d880, 0x000001f0d633ba20, 0x000001f0d633c950, 0x000001f0d633e2a0,
0x000001f0d633f6e0, 0x000001f0d633b000, 0x000001f0d63396b0, 0x000001f0d6338270,
0x000001f0d6338780, 0x000001f0d633ce60, 0x000001f0d6338c90, 0x000001f0d633dd90,
0x000001f0d633b510, 0x000001f0d633d370, 0x000001f0d633a5e0, 0x000001f0d63391a0,
0x000001f0d633aaf0, 0x000001f0d6339bc0, 0x000001f0d32b0160, 0x000001f0d5e445a0,
0x000001f0d5e3e570, 0x000001f0d5e408e0, 0x000001f0d5e42230, 0x000001f0d5e42c50,
0x000001f0d5e3ea80, 0x000001f0d5e41810, 0x000001f0d5e43160
}

Java Threads: ( => current thread )
  0x000001f0b5fddc00 JavaThread "main" [_thread_blocked, id=89276, stack(0x0000003956300000,0x0000003956400000)]
  0x000001f0d1067020 JavaThread "Reference Handler" daemon [_thread_blocked, id=89484, stack(0x0000003956600000,0x0000003956700000)]
  0x000001f0d1068640 JavaThread "Finalizer" daemon [_thread_blocked, id=89384, stack(0x0000003956700000,0x0000003956800000)]
  0x000001f0d1093330 JavaThread "Signal Dispatcher" daemon [_thread_blocked, id=89480, stack(0x0000003956800000,0x0000003956900000)]
  0x000001f0d10941b0 JavaThread "Attach Listener" daemon [_thread_blocked, id=89548, stack(0x0000003956900000,0x0000003956a00000)]
  0x000001f0d10957d0 JavaThread "Service Thread" daemon [_thread_blocked, id=89344, stack(0x0000003956a00000,0x0000003956b00000)]
  0x000001f0d109b940 JavaThread "Monitor Deflation Thread" daemon [_thread_blocked, id=90716, stack(0x0000003956b00000,0x0000003956c00000)]
=>0x000001f0d109c830 JavaThread "C2 CompilerThread0" daemon [_thread_in_native, id=89352, stack(0x0000003956c00000,0x0000003956d00000)]
  0x000001f0d10a2290 JavaThread "C1 CompilerThread0" daemon [_thread_blocked, id=89260, stack(0x0000003956d00000,0x0000003956e00000)]
  0x000001f0d10a3470 JavaThread "Sweeper thread" daemon [_thread_blocked, id=89504, stack(0x0000003956e00000,0x0000003956f00000)]
  0x000001f0d11fe390 JavaThread "Common-Cleaner" daemon [_thread_blocked, id=89292, stack(0x0000003956f00000,0x0000003957000000)]
  0x000001f0d13eda10 JavaThread "Notification Thread" daemon [_thread_blocked, id=89316, stack(0x0000003957000000,0x0000003957100000)]
  0x000001f0d2d41980 JavaThread "Active Thread: Equinox Container: 6e6a85c3-9775-42d1-a42c-e7041d8434d5" [_thread_blocked, id=89500, stack(0x0000003957800000,0x0000003957900000)]
  0x000001f0d2d30960 JavaThread "Refresh Thread: Equinox Container: 6e6a85c3-9775-42d1-a42c-e7041d8434d5" daemon [_thread_blocked, id=75444, stack(0x0000003957900000,0x0000003957a00000)]
  0x000001f0d3296010 JavaThread "Framework Event Dispatcher: Equinox Container: 6e6a85c3-9775-42d1-a42c-e7041d8434d5" daemon [_thread_blocked, id=92004, stack(0x0000003957a00000,0x0000003957b00000)]
  0x000001f0d2b4f030 JavaThread "Start Level: Equinox Container: 6e6a85c3-9775-42d1-a42c-e7041d8434d5" daemon [_thread_blocked, id=18804, stack(0x0000003957b00000,0x0000003957c00000)]
  0x000001f0d2cfaa60 JavaThread "Bundle File Closer" daemon [_thread_blocked, id=92676, stack(0x0000003957d00000,0x0000003957e00000)]
  0x000001f0d32b1090 JavaThread "SCR Component Actor" daemon [_thread_blocked, id=72264, stack(0x0000003957f00000,0x0000003958000000)]
  0x000001f0d32b0b80 JavaThread "Worker-JM" [_thread_blocked, id=35732, stack(0x0000003958200000,0x0000003958300000)]
  0x000001f0d32af740 JavaThread "JNA Cleaner" daemon [_thread_blocked, id=92904, stack(0x0000003958300000,0x0000003958400000)]
  0x000001f0d32b29e0 JavaThread "Worker-0" [_thread_blocked, id=69032, stack(0x0000003958400000,0x0000003958500000)]
  0x000001f0d32b0670 JavaThread "Worker-1" [_thread_blocked, id=88012, stack(0x0000003958500000,0x0000003958600000)]
  0x000001f0d32b1fc0 JavaThread "Java indexing" daemon [_thread_in_Java, id=90476, stack(0x0000003958600000,0x0000003958700000)]
  0x000001f0d32b24d0 JavaThread "Worker-2: Java indexing... " [_thread_blocked, id=90468, stack(0x0000003958700000,0x0000003958800000)]
  0x000001f0d32afc50 JavaThread "Worker-3" [_thread_blocked, id=90724, stack(0x0000003958800000,0x0000003958900000)]
  0x000001f0d32b2ef0 JavaThread "Thread-2" daemon [_thread_in_native, id=76568, stack(0x0000003958900000,0x0000003958a00000)]
  0x000001f0d4e242a0 JavaThread "Thread-3" daemon [_thread_in_native, id=91532, stack(0x0000003958a00000,0x0000003958b00000)]
  0x000001f0d4e23880 JavaThread "Thread-4" daemon [_thread_in_native, id=75264, stack(0x0000003958b00000,0x0000003958c00000)]
  0x000001f0d4e23d90 JavaThread "Thread-5" daemon [_thread_in_native, id=85528, stack(0x0000003958c00000,0x0000003958d00000)]
  0x000001f0d4e22e60 JavaThread "Thread-6" daemon [_thread_in_native, id=91020, stack(0x0000003958d00000,0x0000003958e00000)]
  0x000001f0d4e247b0 JavaThread "Thread-7" daemon [_thread_in_native, id=90464, stack(0x0000003958e00000,0x0000003958f00000)]
  0x000001f0d4e21000 JavaThread "Thread-8" daemon [_thread_in_native, id=64256, stack(0x0000003958f00000,0x0000003959000000)]
  0x000001f0d4e21510 JavaThread "Thread-9" daemon [_thread_in_native, id=87624, stack(0x0000003959000000,0x0000003959100000)]
  0x000001f0d4e23370 JavaThread "Thread-10" daemon [_thread_in_native, id=68552, stack(0x0000003959100000,0x0000003959200000)]
  0x000001f0d4e21a20 JavaThread "Thread-11" daemon [_thread_in_native, id=92468, stack(0x0000003959200000,0x0000003959300000)]
  0x000001f0d4e21f30 JavaThread "Thread-12" daemon [_thread_in_native, id=61492, stack(0x0000003959300000,0x0000003959400000)]
  0x000001f0d4e22440 JavaThread "Thread-13" daemon [_thread_in_native, id=43408, stack(0x0000003959400000,0x0000003959500000)]
  0x000001f0d4e22950 JavaThread "Thread-14" daemon [_thread_in_native, id=89192, stack(0x0000003959500000,0x0000003959600000)]
  0x000001f0d43ca9b0 JavaThread "pool-2-thread-1" [_thread_blocked, id=73808, stack(0x0000003959600000,0x0000003959700000)]
  0x000001f0d43caec0 JavaThread "WorkspaceEventsHandler" [_thread_blocked, id=74824, stack(0x0000003959700000,0x0000003959800000)]
  0x000001f0d43cc810 JavaThread "pool-1-thread-1" [_thread_blocked, id=92800, stack(0x0000003959800000,0x0000003959900000)]
  0x000001f0d43cb3d0 JavaThread "Worker-4" [_thread_blocked, id=89952, stack(0x0000003959900000,0x0000003959a00000)]
  0x000001f0d43c9f90 JavaThread "Worker-5" [_thread_blocked, id=67740, stack(0x0000003959a00000,0x0000003959b00000)]
  0x000001f0d43ca4a0 JavaThread "Worker-6" [_thread_blocked, id=50100, stack(0x0000003959b00000,0x0000003959c00000)]
  0x000001f0d43cbdf0 JavaThread "Worker-7: Initialize Workspace" [_thread_in_native, id=92076, stack(0x0000003959c00000,0x0000003959d00000)]
  0x000001f0d43cd740 JavaThread "Worker-8" [_thread_blocked, id=68600, stack(0x0000003959d00000,0x0000003959e00000)]
  0x000001f0d32b15a0 JavaThread "LocalFile Deleter" daemon [_thread_blocked, id=71520, stack(0x0000003959e00000,0x0000003959f00000)]
  0x000001f0d633f1d0 JavaThread "LocalFile Deleter" daemon [_thread_blocked, id=86152, stack(0x0000003959f00000,0x000000395a000000)]
  0x000001f0d633c440 JavaThread "LocalFile Deleter" daemon [_thread_blocked, id=68516, stack(0x000000395a000000,0x000000395a100000)]
  0x000001f0d633e7b0 JavaThread "LocalFile Deleter" daemon [_thread_blocked, id=92184, stack(0x000000395a100000,0x000000395a200000)]
  0x000001f0d6337d60 JavaThread "LocalFile Deleter" daemon [_thread_blocked, id=86160, stack(0x000000395a200000,0x000000395a300000)]
  0x000001f0d633ecc0 JavaThread "LocalFile Deleter" daemon [_thread_blocked, id=58176, stack(0x000000395a300000,0x000000395a400000)]
  0x000001f0d633d880 JavaThread "LocalFile Deleter" daemon [_thread_blocked, id=69500, stack(0x000000395a400000,0x000000395a500000)]
  0x000001f0d633ba20 JavaThread "LocalFile Deleter" daemon [_thread_blocked, id=93092, stack(0x000000395a500000,0x000000395a600000)]
  0x000001f0d633c950 JavaThread "LocalFile Deleter" daemon [_thread_blocked, id=90556, stack(0x000000395a600000,0x000000395a700000)]
  0x000001f0d633e2a0 JavaThread "LocalFile Deleter" daemon [_thread_blocked, id=92424, stack(0x000000395a700000,0x000000395a800000)]
  0x000001f0d633f6e0 JavaThread "LocalFile Deleter" daemon [_thread_blocked, id=31304, stack(0x000000395a800000,0x000000395a900000)]
  0x000001f0d633b000 JavaThread "LocalFile Deleter" daemon [_thread_blocked, id=92552, stack(0x000000395a900000,0x000000395aa00000)]
  0x000001f0d63396b0 JavaThread "Compiler Source File Reader" daemon [_thread_blocked, id=92816, stack(0x000000395aa00000,0x000000395ab00000)]
  0x000001f0d6338270 JavaThread "Compiler Source File Reader" daemon [_thread_blocked, id=50468, stack(0x000000395ab00000,0x000000395ac00000)]
  0x000001f0d6338780 JavaThread "Compiler Source File Reader" daemon [_thread_blocked, id=71932, stack(0x000000395ac00000,0x000000395ad00000)]
  0x000001f0d633ce60 JavaThread "Compiler Source File Reader" daemon [_thread_blocked, id=82992, stack(0x000000395ad00000,0x000000395ae00000)]
  0x000001f0d6338c90 JavaThread "Compiler Source File Reader" daemon [_thread_blocked, id=91492, stack(0x000000395ae00000,0x000000395af00000)]
  0x000001f0d633dd90 JavaThread "Compiler Source File Reader" daemon [_thread_blocked, id=88932, stack(0x000000395af00000,0x000000395b000000)]
  0x000001f0d633b510 JavaThread "Compiler Source File Reader" daemon [_thread_blocked, id=73612, stack(0x000000395b000000,0x000000395b100000)]
  0x000001f0d633d370 JavaThread "Compiler Source File Reader" daemon [_thread_blocked, id=64760, stack(0x000000395b100000,0x000000395b200000)]
  0x000001f0d633a5e0 JavaThread "Compiler Source File Reader" daemon [_thread_blocked, id=83156, stack(0x000000395b200000,0x000000395b300000)]
  0x000001f0d63391a0 JavaThread "Compiler Source File Reader" daemon [_thread_blocked, id=60804, stack(0x000000395b300000,0x000000395b400000)]
  0x000001f0d633aaf0 JavaThread "Compiler Processing Task" daemon [_thread_blocked, id=72456, stack(0x0000003958000000,0x0000003958100000)]
  0x000001f0d6339bc0 JavaThread "Compiler Class File Writer" daemon [_thread_blocked, id=90592, stack(0x000000395b400000,0x000000395b500000)]
  0x000001f0d32b0160 JavaThread "Compiler Class File Writer" daemon [_thread_blocked, id=71684, stack(0x000000395b500000,0x000000395b600000)]
  0x000001f0d5e445a0 JavaThread "Compiler Class File Writer" daemon [_thread_blocked, id=76176, stack(0x000000395b600000,0x000000395b700000)]
  0x000001f0d5e3e570 JavaThread "Compiler Class File Writer" daemon [_thread_blocked, id=56760, stack(0x000000395b700000,0x000000395b800000)]
  0x000001f0d5e408e0 JavaThread "Compiler Class File Writer" daemon [_thread_blocked, id=78108, stack(0x000000395b800000,0x000000395b900000)]
  0x000001f0d5e42230 JavaThread "Compiler Class File Writer" daemon [_thread_blocked, id=93144, stack(0x000000395b900000,0x000000395ba00000)]
  0x000001f0d5e42c50 JavaThread "Compiler Class File Writer" daemon [_thread_blocked, id=70484, stack(0x000000395ba00000,0x000000395bb00000)]
  0x000001f0d5e3ea80 JavaThread "Compiler Class File Writer" daemon [_thread_blocked, id=37376, stack(0x000000395bb00000,0x000000395bc00000)]
  0x000001f0d5e41810 JavaThread "Compiler Class File Writer" daemon [_thread_blocked, id=92572, stack(0x000000395bc00000,0x000000395bd00000)]
  0x000001f0d5e43160 JavaThread "Compiler Class File Writer" daemon [_thread_blocked, id=59352, stack(0x000000395bd00000,0x000000395be00000)]

Other Threads:
  0x000001f0b608ed10 VMThread "VM Thread" [stack: 0x0000003956500000,0x0000003956600000] [id=89492]
  0x000001f0d13edef0 WatcherThread [stack: 0x0000003957100000,0x0000003957200000] [id=89536]
  0x000001f0b5ff4ff0 GCTaskThread "GC Thread#0" [stack: 0x0000003956400000,0x0000003956500000] [id=89364]
  0x000001f0d2deec80 GCTaskThread "GC Thread#1" [stack: 0x0000003957200000,0x0000003957300000] [id=89864]
  0x000001f0d27b6650 GCTaskThread "GC Thread#2" [stack: 0x0000003957300000,0x0000003957400000] [id=89868]
  0x000001f0d27b6910 GCTaskThread "GC Thread#3" [stack: 0x0000003957400000,0x0000003957500000] [id=89544]
  0x000001f0d27b6bd0 GCTaskThread "GC Thread#4" [stack: 0x0000003957500000,0x0000003957600000] [id=89472]
  0x000001f0d27b6e90 GCTaskThread "GC Thread#5" [stack: 0x0000003957600000,0x0000003957700000] [id=89540]
  0x000001f0d27b7150 GCTaskThread "GC Thread#6" [stack: 0x0000003957700000,0x0000003957800000] [id=91496]
  0x000001f0d26d5100 GCTaskThread "GC Thread#7" [stack: 0x0000003957c00000,0x0000003957d00000] [id=91468]
  0x000001f0d30ed3c0 GCTaskThread "GC Thread#8" [stack: 0x0000003957e00000,0x0000003957f00000] [id=90264]
  0x000001f0d32f14b0 GCTaskThread "GC Thread#9" [stack: 0x0000003958100000,0x0000003958200000] [id=92992]

Threads with active compile tasks:
C2 CompilerThread0    16251 11292       4       org.eclipse.jdt.internal.compiler.parser.Scanner::internalScanIdentifierOrKeyword (4943 bytes)

VM state: at safepoint (normal execution)

VM Mutex/Monitor currently owned by a thread:  ([mutex/lock_event])
[0x000001f0b5fdb1f0] Threads_lock - owner thread: 0x000001f0b608ed10
[0x000001f0b5fda620] Heap_lock - owner thread: 0x000001f0d32b1fc0

Heap address: 0x00000000c0000000, size: 1024 MB, Compressed Oops mode: 32-bit

CDS archive(s) not mapped
Compressed class space mapped at: 0x0000000100000000-0x0000000140000000, reserved size: 1073741824
Narrow klass base: 0x0000000000000000, Narrow klass shift: 3, Narrow klass range: 0x140000000

GC Precious Log:
 CPUs: 12 total, 12 available
 Memory: 7896M
 Large Page Support: Disabled
 NUMA Support: Disabled
 Compressed Oops: Enabled (32-bit)
 Alignments: Space 512K, Generation 512K, Heap 2M
 Heap Min Capacity: 100M
 Heap Initial Capacity: 100M
 Heap Max Capacity: 1G
 Pre-touch: Disabled
 Parallel Workers: 10

Heap:
 PSYoungGen      total 8192K, used 8089K [0x00000000eab00000, 0x00000000eb580000, 0x0000000100000000)
  eden space 5632K, 98% used [0x00000000eab00000,0x00000000eb06c328,0x00000000eb080000)
  from space 2560K, 99% used [0x00000000eb300000,0x00000000eb57a3f8,0x00000000eb580000)
  to   space 2560K, 21% used [0x00000000eb080000,0x00000000eb10c8f8,0x00000000eb300000)
 ParOldGen       total 212480K, used 180632K [0x00000000c0000000, 0x00000000ccf80000, 0x00000000eab00000)
  object space 212480K, 85% used [0x00000000c0000000,0x00000000cb066308,0x00000000ccf80000)
 Metaspace       used 66084K, committed 67136K, reserved 1114112K
  class space    used 6751K, committed 7168K, reserved 1048576K

Card table byte_map: [0x000001f0c9630000,0x000001f0c9840000] _byte_map_base: 0x000001f0c9030000

Marking Bits: (ParMarkBitMap*) 0x00007ffcaffd6940
 Begin Bits: [0x000001f0c99a0000, 0x000001f0ca9a0000)
 End Bits:   [0x000001f0ca9a0000, 0x000001f0cb9a0000)

Polling page: 0x000001f0b6090000

Metaspace:

Usage:
  Non-class:     57.94 MB used.
      Class:      6.59 MB used.
       Both:     64.54 MB used.

Virtual space:
  Non-class space:       64.00 MB reserved,      58.56 MB ( 92%) committed,  1 nodes.
      Class space:        1.00 GB reserved,       7.00 MB ( <1%) committed,  1 nodes.
             Both:        1.06 GB reserved,      65.56 MB (  6%) committed. 

Chunk freelists:
   Non-Class:  5.08 MB
       Class:  9.01 MB
        Both:  14.09 MB

MaxMetaspaceSize: unlimited
CompressedClassSpaceSize: 1.00 GB
Initial GC threshold: 21.00 MB
Current GC threshold: 109.31 MB
CDS: off
MetaspaceReclaimPolicy: balanced
 - commit_granule_bytes: 65536.
 - commit_granule_words: 8192.
 - virtual_space_node_default_size: 8388608.
 - enlarge_chunks_in_place: 1.
 - new_chunks_are_fully_committed: 0.
 - uncommit_free_chunks: 1.
 - use_allocation_guard: 0.
 - handle_deallocations: 1.


Internal statistics:

num_allocs_failed_limit: 6.
num_arena_births: 700.
num_arena_deaths: 14.
num_vsnodes_births: 2.
num_vsnodes_deaths: 0.
num_space_committed: 1049.
num_space_uncommitted: 0.
num_chunks_returned_to_freelist: 20.
num_chunks_taken_from_freelist: 3356.
num_chunk_merges: 10.
num_chunk_splits: 2077.
num_chunks_enlarged: 1231.
num_inconsistent_stats: 0.

CodeHeap 'non-profiled nmethods': size=120000Kb used=3659Kb max_used=3659Kb free=116340Kb
 bounds [0x000001f0c1f10000, 0x000001f0c22b0000, 0x000001f0c9440000]
CodeHeap 'profiled nmethods': size=120000Kb used=20470Kb max_used=20470Kb free=99529Kb
 bounds [0x000001f0ba440000, 0x000001f0bb840000, 0x000001f0c1970000]
CodeHeap 'non-nmethods': size=5760Kb used=1355Kb max_used=1426Kb free=4404Kb
 bounds [0x000001f0c1970000, 0x000001f0c1be0000, 0x000001f0c1f10000]
 total_blobs=10126 nmethods=9426 adapters=612
 compilation: enabled
              stopped_count=0, restarted_count=0
 full_count=0

Compilation events (20 events):
Event: 16.077 Thread 0x000001f0d109c830 nmethod 11281 0x000001f0c229bb10 code [0x000001f0c229bca0, 0x000001f0c229bf38]
Event: 16.077 Thread 0x000001f0d109c830 11282       4       org.eclipse.jdt.internal.compiler.classfmt.FieldInfo::getTypeName (49 bytes)
Event: 16.095 Thread 0x000001f0d10a2290 11287   !   3       sun.nio.fs.AbstractFileSystemProvider::isRegularFile (20 bytes)
Event: 16.096 Thread 0x000001f0d10a2290 nmethod 11287 0x000001f0bb835890 code [0x000001f0bb835a40, 0x000001f0bb835d38]
Event: 16.096 Thread 0x000001f0d10a2290 11288   !   3       java.nio.file.Files::isRegularFile (43 bytes)
Event: 16.096 Thread 0x000001f0d10a2290 nmethod 11288 0x000001f0bb835f10 code [0x000001f0bb836160, 0x000001f0bb836b68]
Event: 16.098 Thread 0x000001f0d109c830 nmethod 11282 0x000001f0c229c210 code [0x000001f0c229c400, 0x000001f0c229d0c8]
Event: 16.098 Thread 0x000001f0d109c830 11286       4       sun.nio.fs.WindowsPathParser::normalize (233 bytes)
Event: 16.108 Thread 0x000001f0d10a2290 11289       3       org.eclipse.jdt.internal.compiler.classfmt.MethodInfo::createMethod (710 bytes)
Event: 16.110 Thread 0x000001f0d10a2290 nmethod 11289 0x000001f0bb836f10 code [0x000001f0bb8373e0, 0x000001f0bb839fb8]
Event: 16.127 Thread 0x000001f0d109c830 nmethod 11286 0x000001f0c229db10 code [0x000001f0c229dd60, 0x000001f0c229f7a8]
Event: 16.127 Thread 0x000001f0d109c830 11290       4       org.eclipse.jdt.internal.compiler.classfmt.FieldInfo::createField (450 bytes)
Event: 16.130 Thread 0x000001f0d10a2290 11293       3       org.eclipse.jdt.core.compiler.CharOperation::fragmentEquals (89 bytes)
Event: 16.130 Thread 0x000001f0d10a2290 nmethod 11293 0x000001f0bb83b090 code [0x000001f0bb83b280, 0x000001f0bb83b7b8]
Event: 16.147 Thread 0x000001f0d109c830 nmethod 11290 0x000001f0c22a0910 code [0x000001f0c22a0b40, 0x000001f0c22a21b0]
Event: 16.147 Thread 0x000001f0d109c830 11292       4       org.eclipse.jdt.internal.compiler.parser.Scanner::internalScanIdentifierOrKeyword (4943 bytes)
Event: 16.172 Thread 0x000001f0d10a2290 11294       3       org.eclipse.jdt.internal.compiler.util.Util::scanTypeSignature (206 bytes)
Event: 16.172 Thread 0x000001f0d10a2290 nmethod 11294 0x000001f0bb83b990 code [0x000001f0bb83bce0, 0x000001f0bb83cd58]
Event: 16.188 Thread 0x000001f0d10a2290 11295       3       org.eclipse.jdt.core.Signature::checkName (102 bytes)
Event: 16.189 Thread 0x000001f0d10a2290 nmethod 11295 0x000001f0bb83d310 code [0x000001f0bb83d500, 0x000001f0bb83d9b8]

GC Heap History (20 events):
Event: 14.991 GC heap before
{Heap before GC invocations=172 (full 8):
 PSYoungGen      total 4096K, used 4091K [0x00000000eab00000, 0x00000000eb100000, 0x0000000100000000)
  eden space 3072K, 100% used [0x00000000eab00000,0x00000000eae00000,0x00000000eae00000)
  from space 1024K, 99% used [0x00000000eae00000,0x00000000eaefef28,0x00000000eaf00000)
  to   space 1536K, 0% used [0x00000000eaf80000,0x00000000eaf80000,0x00000000eb100000)
 ParOldGen       total 176128K, used 173609K [0x00000000c0000000, 0x00000000cac00000, 0x00000000eab00000)
  object space 176128K, 98% used [0x00000000c0000000,0x00000000ca98a5c0,0x00000000cac00000)
 Metaspace       used 66084K, committed 67136K, reserved 1114112K
  class space    used 6751K, committed 7168K, reserved 1048576K
}
Event: 14.992 GC heap after
{Heap after GC invocations=172 (full 8):
 PSYoungGen      total 4096K, used 693K [0x00000000eab00000, 0x00000000eb080000, 0x0000000100000000)
  eden space 3072K, 0% used [0x00000000eab00000,0x00000000eab00000,0x00000000eae00000)
  from space 1024K, 67% used [0x00000000eaf80000,0x00000000eb02d750,0x00000000eb080000)
  to   space 1024K, 0% used [0x00000000eae00000,0x00000000eae00000,0x00000000eaf00000)
 ParOldGen       total 176128K, used 174623K [0x00000000c0000000, 0x00000000cac00000, 0x00000000eab00000)
  object space 176128K, 99% used [0x00000000c0000000,0x00000000caa87f58,0x00000000cac00000)
 Metaspace       used 66084K, committed 67136K, reserved 1114112K
  class space    used 6751K, committed 7168K, reserved 1048576K
}
Event: 15.019 GC heap before
{Heap before GC invocations=173 (full 8):
 PSYoungGen      total 4096K, used 3765K [0x00000000eab00000, 0x00000000eb080000, 0x0000000100000000)
  eden space 3072K, 100% used [0x00000000eab00000,0x00000000eae00000,0x00000000eae00000)
  from space 1024K, 67% used [0x00000000eaf80000,0x00000000eb02d750,0x00000000eb080000)
  to   space 1024K, 0% used [0x00000000eae00000,0x00000000eae00000,0x00000000eaf00000)
 ParOldGen       total 176128K, used 174623K [0x00000000c0000000, 0x00000000cac00000, 0x00000000eab00000)
  object space 176128K, 99% used [0x00000000c0000000,0x00000000caa87f58,0x00000000cac00000)
 Metaspace       used 66084K, committed 67136K, reserved 1114112K
  class space    used 6751K, committed 7168K, reserved 1048576K
}
Event: 15.021 GC heap after
{Heap after GC invocations=173 (full 8):
 PSYoungGen      total 4096K, used 1024K [0x00000000eab00000, 0x00000000eb100000, 0x0000000100000000)
  eden space 3072K, 0% used [0x00000000eab00000,0x00000000eab00000,0x00000000eae00000)
  from space 1024K, 100% used [0x00000000eae00000,0x00000000eaf00000,0x00000000eaf00000)
  to   space 1536K, 0% used [0x00000000eaf80000,0x00000000eaf80000,0x00000000eb100000)
 ParOldGen       total 176128K, used 174834K [0x00000000c0000000, 0x00000000cac00000, 0x00000000eab00000)
  object space 176128K, 99% used [0x00000000c0000000,0x00000000caabca70,0x00000000cac00000)
 Metaspace       used 66084K, committed 67136K, reserved 1114112K
  class space    used 6751K, committed 7168K, reserved 1048576K
}
Event: 15.036 GC heap before
{Heap before GC invocations=174 (full 8):
 PSYoungGen      total 4096K, used 4096K [0x00000000eab00000, 0x00000000eb100000, 0x0000000100000000)
  eden space 3072K, 100% used [0x00000000eab00000,0x00000000eae00000,0x00000000eae00000)
  from space 1024K, 100% used [0x00000000eae00000,0x00000000eaf00000,0x00000000eaf00000)
  to   space 1536K, 0% used [0x00000000eaf80000,0x00000000eaf80000,0x00000000eb100000)
 ParOldGen       total 176128K, used 174834K [0x00000000c0000000, 0x00000000cac00000, 0x00000000eab00000)
  object space 176128K, 99% used [0x00000000c0000000,0x00000000caabca70,0x00000000cac00000)
 Metaspace       used 66084K, committed 67136K, reserved 1114112K
  class space    used 6751K, committed 7168K, reserved 1048576K
}
Event: 15.038 GC heap after
{Heap after GC invocations=174 (full 8):
 PSYoungGen      total 4096K, used 725K [0x00000000eab00000, 0x00000000eb080000, 0x0000000100000000)
  eden space 3072K, 0% used [0x00000000eab00000,0x00000000eab00000,0x00000000eae00000)
  from space 1024K, 70% used [0x00000000eaf80000,0x00000000eb035688,0x00000000eb080000)
  to   space 1024K, 0% used [0x00000000eae00000,0x00000000eae00000,0x00000000eaf00000)
 ParOldGen       total 176128K, used 175883K [0x00000000c0000000, 0x00000000cac00000, 0x00000000eab00000)
  object space 176128K, 99% used [0x00000000c0000000,0x00000000cabc2fe8,0x00000000cac00000)
 Metaspace       used 66084K, committed 67136K, reserved 1114112K
  class space    used 6751K, committed 7168K, reserved 1048576K
}
Event: 15.055 GC heap before
{Heap before GC invocations=175 (full 9):
 PSYoungGen      total 4096K, used 3797K [0x00000000eab00000, 0x00000000eb080000, 0x0000000100000000)
  eden space 3072K, 100% used [0x00000000eab00000,0x00000000eae00000,0x00000000eae00000)
  from space 1024K, 70% used [0x00000000eaf80000,0x00000000eb035688,0x00000000eb080000)
  to   space 1024K, 0% used [0x00000000eae00000,0x00000000eae00000,0x00000000eaf00000)
 ParOldGen       total 176128K, used 175883K [0x00000000c0000000, 0x00000000cac00000, 0x00000000eab00000)
  object space 176128K, 99% used [0x00000000c0000000,0x00000000cabc2fe8,0x00000000cac00000)
 Metaspace       used 66084K, committed 67136K, reserved 1114112K
  class space    used 6751K, committed 7168K, reserved 1048576K
}
Event: 16.066 GC heap after
{Heap after GC invocations=175 (full 9):
 PSYoungGen      total 4096K, used 0K [0x00000000eab00000, 0x00000000eb080000, 0x0000000100000000)
  eden space 3072K, 0% used [0x00000000eab00000,0x00000000eab00000,0x00000000eae00000)
  from space 1024K, 0% used [0x00000000eae00000,0x00000000eae00000,0x00000000eaf00000)
  to   space 1024K, 0% used [0x00000000eaf80000,0x00000000eaf80000,0x00000000eb080000)
 ParOldGen       total 212480K, used 174282K [0x00000000c0000000, 0x00000000ccf80000, 0x00000000eab00000)
  object space 212480K, 82% used [0x00000000c0000000,0x00000000caa32aa8,0x00000000ccf80000)
 Metaspace       used 66084K, committed 67136K, reserved 1114112K
  class space    used 6751K, committed 7168K, reserved 1048576K
}
Event: 16.080 GC heap before
{Heap before GC invocations=176 (full 9):
 PSYoungGen      total 4096K, used 3072K [0x00000000eab00000, 0x00000000eb080000, 0x0000000100000000)
  eden space 3072K, 100% used [0x00000000eab00000,0x00000000eae00000,0x00000000eae00000)
  from space 1024K, 0% used [0x00000000eae00000,0x00000000eae00000,0x00000000eaf00000)
  to   space 1024K, 0% used [0x00000000eaf80000,0x00000000eaf80000,0x00000000eb080000)
 ParOldGen       total 212480K, used 174282K [0x00000000c0000000, 0x00000000ccf80000, 0x00000000eab00000)
  object space 212480K, 82% used [0x00000000c0000000,0x00000000caa32aa8,0x00000000ccf80000)
 Metaspace       used 66084K, committed 67136K, reserved 1114112K
  class space    used 6751K, committed 7168K, reserved 1048576K
}
Event: 16.080 GC heap after
{Heap after GC invocations=176 (full 9):
 PSYoungGen      total 4608K, used 704K [0x00000000eab00000, 0x00000000eb080000, 0x0000000100000000)
  eden space 3584K, 0% used [0x00000000eab00000,0x00000000eab00000,0x00000000eae80000)
  from space 1024K, 68% used [0x00000000eaf80000,0x00000000eb030000,0x00000000eb080000)
  to   space 1024K, 0% used [0x00000000eae80000,0x00000000eae80000,0x00000000eaf80000)
 ParOldGen       total 212480K, used 174282K [0x00000000c0000000, 0x00000000ccf80000, 0x00000000eab00000)
  object space 212480K, 82% used [0x00000000c0000000,0x00000000caa32aa8,0x00000000ccf80000)
 Metaspace       used 66084K, committed 67136K, reserved 1114112K
  class space    used 6751K, committed 7168K, reserved 1048576K
}
Event: 16.101 GC heap before
{Heap before GC invocations=177 (full 9):
 PSYoungGen      total 4608K, used 4288K [0x00000000eab00000, 0x00000000eb080000, 0x0000000100000000)
  eden space 3584K, 100% used [0x00000000eab00000,0x00000000eae80000,0x00000000eae80000)
  from space 1024K, 68% used [0x00000000eaf80000,0x00000000eb030000,0x00000000eb080000)
  to   space 1024K, 0% used [0x00000000eae80000,0x00000000eae80000,0x00000000eaf80000)
 ParOldGen       total 212480K, used 174282K [0x00000000c0000000, 0x00000000ccf80000, 0x00000000eab00000)
  object space 212480K, 82% used [0x00000000c0000000,0x00000000caa32aa8,0x00000000ccf80000)
 Metaspace       used 66084K, committed 67136K, reserved 1114112K
  class space    used 6751K, committed 7168K, reserved 1048576K
}
Event: 16.103 GC heap after
{Heap after GC invocations=177 (full 9):
 PSYoungGen      total 4608K, used 1013K [0x00000000eab00000, 0x00000000eb200000, 0x0000000100000000)
  eden space 3584K, 0% used [0x00000000eab00000,0x00000000eab00000,0x00000000eae80000)
  from space 1024K, 99% used [0x00000000eae80000,0x00000000eaf7d790,0x00000000eaf80000)
  to   space 1536K, 0% used [0x00000000eb080000,0x00000000eb080000,0x00000000eb200000)
 ParOldGen       total 212480K, used 174634K [0x00000000c0000000, 0x00000000ccf80000, 0x00000000eab00000)
  object space 212480K, 82% used [0x00000000c0000000,0x00000000caa8a888,0x00000000ccf80000)
 Metaspace       used 66084K, committed 67136K, reserved 1114112K
  class space    used 6751K, committed 7168K, reserved 1048576K
}
Event: 16.122 GC heap before
{Heap before GC invocations=178 (full 9):
 PSYoungGen      total 4608K, used 4597K [0x00000000eab00000, 0x00000000eb200000, 0x0000000100000000)
  eden space 3584K, 100% used [0x00000000eab00000,0x00000000eae80000,0x00000000eae80000)
  from space 1024K, 99% used [0x00000000eae80000,0x00000000eaf7d790,0x00000000eaf80000)
  to   space 1536K, 0% used [0x00000000eb080000,0x00000000eb080000,0x00000000eb200000)
 ParOldGen       total 212480K, used 174634K [0x00000000c0000000, 0x00000000ccf80000, 0x00000000eab00000)
  object space 212480K, 82% used [0x00000000c0000000,0x00000000caa8a888,0x00000000ccf80000)
 Metaspace       used 66084K, committed 67136K, reserved 1114112K
  class space    used 6751K, committed 7168K, reserved 1048576K
}
Event: 16.124 GC heap after
{Heap after GC invocations=178 (full 9):
 PSYoungGen      total 5632K, used 1480K [0x00000000eab00000, 0x00000000eb200000, 0x0000000100000000)
  eden space 4096K, 0% used [0x00000000eab00000,0x00000000eab00000,0x00000000eaf00000)
  from space 1536K, 96% used [0x00000000eb080000,0x00000000eb1f2300,0x00000000eb200000)
  to   space 1536K, 0% used [0x00000000eaf00000,0x00000000eaf00000,0x00000000eb080000)
 ParOldGen       total 212480K, used 175034K [0x00000000c0000000, 0x00000000ccf80000, 0x00000000eab00000)
  object space 212480K, 82% used [0x00000000c0000000,0x00000000caaee838,0x00000000ccf80000)
 Metaspace       used 66084K, committed 67136K, reserved 1114112K
  class space    used 6751K, committed 7168K, reserved 1048576K
}
Event: 16.143 GC heap before
{Heap before GC invocations=179 (full 9):
 PSYoungGen      total 5632K, used 5576K [0x00000000eab00000, 0x00000000eb200000, 0x0000000100000000)
  eden space 4096K, 100% used [0x00000000eab00000,0x00000000eaf00000,0x00000000eaf00000)
  from space 1536K, 96% used [0x00000000eb080000,0x00000000eb1f2300,0x00000000eb200000)
  to   space 1536K, 0% used [0x00000000eaf00000,0x00000000eaf00000,0x00000000eb080000)
 ParOldGen       total 212480K, used 175034K [0x00000000c0000000, 0x00000000ccf80000, 0x00000000eab00000)
  object space 212480K, 82% used [0x00000000c0000000,0x00000000caaee838,0x00000000ccf80000)
 Metaspace       used 66084K, committed 67136K, reserved 1114112K
  class space    used 6751K, committed 7168K, reserved 1048576K
}
Event: 16.145 GC heap after
{Heap after GC invocations=179 (full 9):
 PSYoungGen      total 5632K, used 1520K [0x00000000eab00000, 0x00000000eb480000, 0x0000000100000000)
  eden space 4096K, 0% used [0x00000000eab00000,0x00000000eab00000,0x00000000eaf00000)
  from space 1536K, 99% used [0x00000000eaf00000,0x00000000eb07c390,0x00000000eb080000)
  to   space 2560K, 0% used [0x00000000eb200000,0x00000000eb200000,0x00000000eb480000)
 ParOldGen       total 212480K, used 175841K [0x00000000c0000000, 0x00000000ccf80000, 0x00000000eab00000)
  object space 212480K, 82% used [0x00000000c0000000,0x00000000cabb8568,0x00000000ccf80000)
 Metaspace       used 66084K, committed 67136K, reserved 1114112K
  class space    used 6751K, committed 7168K, reserved 1048576K
}
Event: 16.159 GC heap before
{Heap before GC invocations=180 (full 9):
 PSYoungGen      total 5632K, used 5616K [0x00000000eab00000, 0x00000000eb480000, 0x0000000100000000)
  eden space 4096K, 100% used [0x00000000eab00000,0x00000000eaf00000,0x00000000eaf00000)
  from space 1536K, 99% used [0x00000000eaf00000,0x00000000eb07c390,0x00000000eb080000)
  to   space 2560K, 0% used [0x00000000eb200000,0x00000000eb200000,0x00000000eb480000)
 ParOldGen       total 212480K, used 175841K [0x00000000c0000000, 0x00000000ccf80000, 0x00000000eab00000)
  object space 212480K, 82% used [0x00000000c0000000,0x00000000cabb8568,0x00000000ccf80000)
 Metaspace       used 66084K, committed 67136K, reserved 1114112K
  class space    used 6751K, committed 7168K, reserved 1048576K
}
Event: 16.160 GC heap after
{Heap after GC invocations=180 (full 9):
 PSYoungGen      total 6656K, used 1610K [0x00000000eab00000, 0x00000000eb400000, 0x0000000100000000)
  eden space 4608K, 0% used [0x00000000eab00000,0x00000000eab00000,0x00000000eaf80000)
  from space 2048K, 78% used [0x00000000eb200000,0x00000000eb3928d0,0x00000000eb400000)
  to   space 2048K, 0% used [0x00000000eb000000,0x00000000eb000000,0x00000000eb200000)
 ParOldGen       total 212480K, used 176743K [0x00000000c0000000, 0x00000000ccf80000, 0x00000000eab00000)
  object space 212480K, 83% used [0x00000000c0000000,0x00000000cac99d40,0x00000000ccf80000)
 Metaspace       used 66084K, committed 67136K, reserved 1114112K
  class space    used 6751K, committed 7168K, reserved 1048576K
}
Event: 16.176 GC heap before
{Heap before GC invocations=181 (full 9):
 PSYoungGen      total 6656K, used 6218K [0x00000000eab00000, 0x00000000eb400000, 0x0000000100000000)
  eden space 4608K, 100% used [0x00000000eab00000,0x00000000eaf80000,0x00000000eaf80000)
  from space 2048K, 78% used [0x00000000eb200000,0x00000000eb3928d0,0x00000000eb400000)
  to   space 2048K, 0% used [0x00000000eb000000,0x00000000eb000000,0x00000000eb200000)
 ParOldGen       total 212480K, used 176743K [0x00000000c0000000, 0x00000000ccf80000, 0x00000000eab00000)
  object space 212480K, 83% used [0x00000000c0000000,0x00000000cac99d40,0x00000000ccf80000)
 Metaspace       used 66084K, committed 67136K, reserved 1114112K
  class space    used 6751K, committed 7168K, reserved 1048576K
}
Event: 16.178 GC heap after
{Heap after GC invocations=181 (full 9):
 PSYoungGen      total 7168K, used 2047K [0x00000000eab00000, 0x00000000eb600000, 0x0000000100000000)
  eden space 5120K, 0% used [0x00000000eab00000,0x00000000eab00000,0x00000000eb000000)
  from space 2048K, 99% used [0x00000000eb000000,0x00000000eb1ffec8,0x00000000eb200000)
  to   space 3072K, 0% used [0x00000000eb300000,0x00000000eb300000,0x00000000eb600000)
 ParOldGen       total 212480K, used 177196K [0x00000000c0000000, 0x00000000ccf80000, 0x00000000eab00000)
  object space 212480K, 83% used [0x00000000c0000000,0x00000000cad0b058,0x00000000ccf80000)
 Metaspace       used 66084K, committed 67136K, reserved 1114112K
  class space    used 6751K, committed 7168K, reserved 1048576K
}

Dll operation events (10 events):
Event: 0.011 Loaded shared library c:\Users\tuant\.vscode\extensions\redhat.java-1.37.0-win32-x64\jre\17.0.13-win32-x86_64\bin\java.dll
Event: 0.227 Loaded shared library c:\Users\tuant\.vscode\extensions\redhat.java-1.37.0-win32-x64\jre\17.0.13-win32-x86_64\bin\zip.dll
Event: 0.232 Loaded shared library C:\Users\tuant\.vscode\extensions\redhat.java-1.37.0-win32-x64\jre\17.0.13-win32-x86_64\bin\instrument.dll
Event: 0.247 Loaded shared library C:\Users\tuant\.vscode\extensions\redhat.java-1.37.0-win32-x64\jre\17.0.13-win32-x86_64\bin\net.dll
Event: 0.249 Loaded shared library C:\Users\tuant\.vscode\extensions\redhat.java-1.37.0-win32-x64\jre\17.0.13-win32-x86_64\bin\nio.dll
Event: 0.258 Loaded shared library C:\Users\tuant\.vscode\extensions\redhat.java-1.37.0-win32-x64\jre\17.0.13-win32-x86_64\bin\zip.dll
Event: 0.286 Loaded shared library C:\Users\tuant\.vscode\extensions\redhat.java-1.37.0-win32-x64\jre\17.0.13-win32-x86_64\bin\jimage.dll
Event: 0.395 Loaded shared library c:\Users\tuant\.vscode\extensions\redhat.java-1.37.0-win32-x64\jre\17.0.13-win32-x86_64\bin\verify.dll
Event: 1.589 Loaded shared library C:\Users\tuant\AppData\Roaming\Code\User\globalStorage\redhat.java\1.37.0\config_win\org.eclipse.equinox.launcher\org.eclipse.equinox.launcher.win32.win32.x86_64_1.2.1100.v20240722-2106\eclipse_11904.dll
Event: 3.914 Loaded shared library C:\Users\tuant\AppData\Local\Temp\jna-110710726\jna5506074214294680675.dll

Deoptimization events (20 events):
Event: 14.304 Thread 0x000001f0d43cbdf0 DEOPT PACKING pc=0x000001f0c2280650 sp=0x0000003959cfe7a0
Event: 14.304 Thread 0x000001f0d43cbdf0 DEOPT UNPACKING pc=0x000001f0c19c66a3 sp=0x0000003959cfe728 mode 2
Event: 14.305 Thread 0x000001f0d32b1fc0 DEOPT PACKING pc=0x000001f0ba83dec6 sp=0x00000039586fe8d0
Event: 14.305 Thread 0x000001f0d32b1fc0 DEOPT UNPACKING pc=0x000001f0c19c6e43 sp=0x00000039586fdd58 mode 0
Event: 14.314 Thread 0x000001f0d32b1fc0 DEOPT PACKING pc=0x000001f0ba64f44e sp=0x00000039586fe8d0
Event: 14.314 Thread 0x000001f0d32b1fc0 DEOPT UNPACKING pc=0x000001f0c19c6e43 sp=0x00000039586fdd48 mode 0
Event: 14.331 Thread 0x000001f0d32b1fc0 DEOPT PACKING pc=0x000001f0ba64f44e sp=0x00000039586fe8d0
Event: 14.331 Thread 0x000001f0d32b1fc0 DEOPT UNPACKING pc=0x000001f0c19c6e43 sp=0x00000039586fdd48 mode 0
Event: 14.333 Thread 0x000001f0d32b1fc0 DEOPT PACKING pc=0x000001f0ba83dec6 sp=0x00000039586fe8d0
Event: 14.333 Thread 0x000001f0d32b1fc0 DEOPT UNPACKING pc=0x000001f0c19c6e43 sp=0x00000039586fdd58 mode 0
Event: 14.349 Thread 0x000001f0d32b1fc0 DEOPT PACKING pc=0x000001f0ba64f44e sp=0x00000039586fe8d0
Event: 14.349 Thread 0x000001f0d32b1fc0 DEOPT UNPACKING pc=0x000001f0c19c6e43 sp=0x00000039586fdd48 mode 0
Event: 14.351 Thread 0x000001f0d32b1fc0 DEOPT PACKING pc=0x000001f0ba83dec6 sp=0x00000039586fe8d0
Event: 14.351 Thread 0x000001f0d32b1fc0 DEOPT UNPACKING pc=0x000001f0c19c6e43 sp=0x00000039586fdd58 mode 0
Event: 16.093 Thread 0x000001f0d43cbdf0 DEOPT PACKING pc=0x000001f0bad237ac sp=0x0000003959cfe5a0
Event: 16.093 Thread 0x000001f0d43cbdf0 DEOPT UNPACKING pc=0x000001f0c19c6e43 sp=0x0000003959cfdb20 mode 0
Event: 16.107 Thread 0x000001f0d32b1fc0 Uncommon trap: trap_request=0xffffff45 fr.pc=0x000001f0c2220538 relative=0x0000000000001518
Event: 16.107 Thread 0x000001f0d32b1fc0 Uncommon trap: reason=unstable_if action=reinterpret pc=0x000001f0c2220538 method=org.eclipse.jdt.internal.compiler.classfmt.MethodInfo.createMethod([B[IIJ)Lorg/eclipse/jdt/internal/compiler/classfmt/MethodInfo; @ 217 c2
Event: 16.107 Thread 0x000001f0d32b1fc0 DEOPT PACKING pc=0x000001f0c2220538 sp=0x00000039586fe840
Event: 16.107 Thread 0x000001f0d32b1fc0 DEOPT UNPACKING pc=0x000001f0c19c66a3 sp=0x00000039586fe790 mode 2

Classes loaded (20 events):
Event: 12.591 Loading class java/util/ImmutableCollections$SubList
Event: 12.591 Loading class java/util/ImmutableCollections$SubList done
Event: 13.450 Loading class java/util/TreeMap$ValueSpliterator
Event: 13.450 Loading class java/util/TreeMap$TreeMapSpliterator
Event: 13.451 Loading class java/util/TreeMap$TreeMapSpliterator done
Event: 13.451 Loading class java/util/TreeMap$ValueSpliterator done
Event: 13.608 Loading class java/util/concurrent/CompletionException
Event: 13.608 Loading class java/util/concurrent/CompletionException done
Event: 13.613 Loading class java/lang/Class$EnclosingMethodInfo
Event: 13.613 Loading class java/lang/Class$EnclosingMethodInfo done
Event: 13.621 Loading class java/nio/file/FileTreeWalker$1
Event: 13.621 Loading class java/nio/file/FileTreeWalker$1 done
Event: 13.622 Loading class sun/nio/fs/Globs
Event: 13.623 Loading class sun/nio/fs/Globs done
Event: 13.623 Loading class java/util/regex/Pattern$SliceU
Event: 13.623 Loading class java/util/regex/Pattern$SliceU done
Event: 13.623 Loading class sun/nio/fs/WindowsFileSystem$2
Event: 13.623 Loading class java/nio/file/PathMatcher
Event: 13.623 Loading class java/nio/file/PathMatcher done
Event: 13.623 Loading class sun/nio/fs/WindowsFileSystem$2 done

Classes unloaded (7 events):
Event: 5.018 Thread 0x000001f0b608ed10 Unloading class 0x0000000100252000 'java/lang/invoke/LambdaForm$MH+0x0000000100252000'
Event: 5.018 Thread 0x000001f0b608ed10 Unloading class 0x0000000100251c00 'java/lang/invoke/LambdaForm$MH+0x0000000100251c00'
Event: 5.018 Thread 0x000001f0b608ed10 Unloading class 0x0000000100251800 'java/lang/invoke/LambdaForm$MH+0x0000000100251800'
Event: 5.018 Thread 0x000001f0b608ed10 Unloading class 0x0000000100251400 'java/lang/invoke/LambdaForm$MH+0x0000000100251400'
Event: 5.018 Thread 0x000001f0b608ed10 Unloading class 0x0000000100251000 'java/lang/invoke/LambdaForm$BMH+0x0000000100251000'
Event: 5.018 Thread 0x000001f0b608ed10 Unloading class 0x0000000100250c00 'java/lang/invoke/LambdaForm$DMH+0x0000000100250c00'
Event: 5.018 Thread 0x000001f0b608ed10 Unloading class 0x000000010024c400 'java/lang/invoke/LambdaForm$DMH+0x000000010024c400'

Classes redefined (0 events):
No events

Internal exceptions (20 events):
Event: 16.120 Thread 0x000001f0d43cbdf0 Exception <a 'sun/nio/fs/WindowsException'{0x00000000eae2c988}> (0x00000000eae2c988) 
thrown [s\src\hotspot\share\prims\jni.cpp, line 516]
Event: 16.120 Thread 0x000001f0d43cbdf0 Exception <a 'sun/nio/fs/WindowsException'{0x00000000eae2d028}> (0x00000000eae2d028) 
thrown [s\src\hotspot\share\prims\jni.cpp, line 516]
Event: 16.120 Thread 0x000001f0d43cbdf0 Exception <a 'sun/nio/fs/WindowsException'{0x00000000eae2d950}> (0x00000000eae2d950) 
thrown [s\src\hotspot\share\prims\jni.cpp, line 516]
Event: 16.120 Thread 0x000001f0d43cbdf0 Exception <a 'sun/nio/fs/WindowsException'{0x00000000eae2e010}> (0x00000000eae2e010) 
thrown [s\src\hotspot\share\prims\jni.cpp, line 516]
Event: 16.120 Thread 0x000001f0d43cbdf0 Exception <a 'sun/nio/fs/WindowsException'{0x00000000eae43ca0}> (0x00000000eae43ca0) 
thrown [s\src\hotspot\share\prims\jni.cpp, line 516]
Event: 16.120 Thread 0x000001f0d43cbdf0 Exception <a 'sun/nio/fs/WindowsException'{0x00000000eae44328}> (0x00000000eae44328) 
thrown [s\src\hotspot\share\prims\jni.cpp, line 516]
Event: 16.120 Thread 0x000001f0d43cbdf0 Exception <a 'sun/nio/fs/WindowsException'{0x00000000eae449b0}> (0x00000000eae449b0) 
thrown [s\src\hotspot\share\prims\jni.cpp, line 516]
Event: 16.120 Thread 0x000001f0d43cbdf0 Exception <a 'sun/nio/fs/WindowsException'{0x00000000eae45050}> (0x00000000eae45050) 
thrown [s\src\hotspot\share\prims\jni.cpp, line 516]
Event: 16.121 Thread 0x000001f0d43cbdf0 Exception <a 'sun/nio/fs/WindowsException'{0x00000000eae69fe0}> (0x00000000eae69fe0) 
thrown [s\src\hotspot\share\prims\jni.cpp, line 516]
Event: 16.121 Thread 0x000001f0d43cbdf0 Exception <a 'sun/nio/fs/WindowsException'{0x00000000eae6a6a8}> (0x00000000eae6a6a8) 
thrown [s\src\hotspot\share\prims\jni.cpp, line 516]
Event: 16.121 Thread 0x000001f0d43cbdf0 Exception <a 'sun/nio/fs/WindowsException'{0x00000000eae7ad30}> (0x00000000eae7ad30) 
thrown [s\src\hotspot\share\prims\jni.cpp, line 516]
Event: 16.124 Thread 0x000001f0d43cbdf0 Exception <a 'sun/nio/fs/WindowsException'{0x00000000eab00148}> (0x00000000eab00148) 
thrown [s\src\hotspot\share\prims\jni.cpp, line 516]
Event: 16.124 Thread 0x000001f0d43cbdf0 Exception <a 'sun/nio/fs/WindowsException'{0x00000000eab282c0}> (0x00000000eab282c0) 
thrown [s\src\hotspot\share\prims\jni.cpp, line 516]
Event: 16.124 Thread 0x000001f0d43cbdf0 Exception <a 'sun/nio/fs/WindowsException'{0x00000000eab28b88}> (0x00000000eab28b88) 
thrown [s\src\hotspot\share\prims\jni.cpp, line 516]
Event: 16.124 Thread 0x000001f0d43cbdf0 Exception <a 'sun/nio/fs/WindowsException'{0x00000000eab291f0}> (0x00000000eab291f0) 
thrown [s\src\hotspot\share\prims\jni.cpp, line 516]
Event: 16.124 Thread 0x000001f0d43cbdf0 Exception <a 'sun/nio/fs/WindowsException'{0x00000000eab29878}> (0x00000000eab29878) 
thrown [s\src\hotspot\share\prims\jni.cpp, line 516]
Event: 16.126 Thread 0x000001f0d43cbdf0 Exception <a 'sun/nio/fs/WindowsException'{0x00000000eab406f8}> (0x00000000eab406f8) 
thrown [s\src\hotspot\share\prims\jni.cpp, line 516]
Event: 16.128 Thread 0x000001f0d43cbdf0 Exception <a 'sun/nio/fs/WindowsException'{0x00000000eab40d20}> (0x00000000eab40d20) 
thrown [s\src\hotspot\share\prims\jni.cpp, line 516]
Event: 16.128 Thread 0x000001f0d43cbdf0 Exception <a 'sun/nio/fs/WindowsException'{0x00000000eab41348}> (0x00000000eab41348) 
thrown [s\src\hotspot\share\prims\jni.cpp, line 516]
Event: 16.128 Thread 0x000001f0d43cbdf0 Exception <a 'sun/nio/fs/WindowsException'{0x00000000eabbad80}> (0x00000000eabbad80) 
thrown [s\src\hotspot\share\prims\jni.cpp, line 516]

VM Operations (20 events):
Event: 14.991 Executing VM operation: ParallelGCFailedAllocation
Event: 14.992 Executing VM operation: ParallelGCFailedAllocation done
Event: 15.019 Executing VM operation: ParallelGCFailedAllocation
Event: 15.021 Executing VM operation: ParallelGCFailedAllocation done
Event: 15.036 Executing VM operation: ParallelGCFailedAllocation
Event: 15.038 Executing VM operation: ParallelGCFailedAllocation done
Event: 15.055 Executing VM operation: ParallelGCFailedAllocation
Event: 16.066 Executing VM operation: ParallelGCFailedAllocation done
Event: 16.080 Executing VM operation: ParallelGCFailedAllocation
Event: 16.081 Executing VM operation: ParallelGCFailedAllocation done
Event: 16.101 Executing VM operation: ParallelGCFailedAllocation
Event: 16.103 Executing VM operation: ParallelGCFailedAllocation done
Event: 16.122 Executing VM operation: ParallelGCFailedAllocation
Event: 16.124 Executing VM operation: ParallelGCFailedAllocation done
Event: 16.143 Executing VM operation: ParallelGCFailedAllocation
Event: 16.145 Executing VM operation: ParallelGCFailedAllocation done
Event: 16.158 Executing VM operation: ParallelGCFailedAllocation
Event: 16.161 Executing VM operation: ParallelGCFailedAllocation done
Event: 16.176 Executing VM operation: ParallelGCFailedAllocation
Event: 16.178 Executing VM operation: ParallelGCFailedAllocation done

Memory protections (0 events):
No events

Nmethod flushes (20 events):
Event: 11.232 Thread 0x000001f0d10a3470 flushing  nmethod 0x000001f0bb5aad10
Event: 11.232 Thread 0x000001f0d10a3470 flushing  nmethod 0x000001f0bb5ab190
Event: 11.232 Thread 0x000001f0d10a3470 flushing  nmethod 0x000001f0bb5b8790
Event: 11.232 Thread 0x000001f0d10a3470 flushing  nmethod 0x000001f0bb5bad10
Event: 11.232 Thread 0x000001f0d10a3470 flushing  nmethod 0x000001f0bb5c5590
Event: 13.994 Thread 0x000001f0d10a3470 flushing  nmethod 0x000001f0ba496310
Event: 13.996 Thread 0x000001f0d10a3470 flushing  nmethod 0x000001f0ba623110
Event: 14.008 Thread 0x000001f0d10a3470 flushing  nmethod 0x000001f0bb48c090
Event: 14.009 Thread 0x000001f0d10a3470 flushing  nmethod 0x000001f0bb4ab810
Event: 14.009 Thread 0x000001f0d10a3470 flushing  nmethod 0x000001f0bb4c7710
Event: 14.009 Thread 0x000001f0d10a3470 flushing  nmethod 0x000001f0bb4c7d10
Event: 14.009 Thread 0x000001f0d10a3470 flushing  nmethod 0x000001f0bb4cb590
Event: 14.009 Thread 0x000001f0d10a3470 flushing  nmethod 0x000001f0bb4d1e90
Event: 14.009 Thread 0x000001f0d10a3470 flushing  nmethod 0x000001f0bb4da390
Event: 14.009 Thread 0x000001f0d10a3470 flushing  nmethod 0x000001f0bb4dbd90
Event: 14.009 Thread 0x000001f0d10a3470 flushing  nmethod 0x000001f0bb4e0110
Event: 14.009 Thread 0x000001f0d10a3470 flushing  nmethod 0x000001f0bb4ec990
Event: 14.009 Thread 0x000001f0d10a3470 flushing  nmethod 0x000001f0bb4ece90
Event: 14.009 Thread 0x000001f0d10a3470 flushing  nmethod 0x000001f0bb4f5f90
Event: 14.009 Thread 0x000001f0d10a3470 flushing  nmethod 0x000001f0bb51f590

Events (20 events):
Event: 8.402 Thread 0x000001f0d32b29e0 Thread added: 0x000001f0d6338780
Event: 8.402 Thread 0x000001f0d32b29e0 Thread added: 0x000001f0d633ce60
Event: 8.402 Thread 0x000001f0d6338270 Thread added: 0x000001f0d6338c90
Event: 8.402 Thread 0x000001f0d63396b0 Thread added: 0x000001f0d633dd90
Event: 8.402 Thread 0x000001f0d633ce60 Thread added: 0x000001f0d633b510
Event: 8.402 Thread 0x000001f0d6338780 Thread added: 0x000001f0d633d370
Event: 8.402 Thread 0x000001f0d32b29e0 Thread added: 0x000001f0d633a5e0
Event: 8.403 Thread 0x000001f0d32b29e0 Thread added: 0x000001f0d63391a0
Event: 9.542 Thread 0x000001f0d32b0160 Thread exited: 0x000001f0d32b0160
Event: 10.408 Thread 0x000001f0d32b29e0 Thread added: 0x000001f0d633aaf0
Event: 10.528 Thread 0x000001f0d32b29e0 Thread added: 0x000001f0d6339bc0
Event: 10.528 Thread 0x000001f0d32b29e0 Thread added: 0x000001f0d32b0160
Event: 10.537 Thread 0x000001f0d32b29e0 Thread added: 0x000001f0d5e445a0
Event: 10.537 Thread 0x000001f0d32b29e0 Thread added: 0x000001f0d5e3e570
Event: 10.537 Thread 0x000001f0d32b29e0 Thread added: 0x000001f0d5e408e0
Event: 10.537 Thread 0x000001f0d32b29e0 Thread added: 0x000001f0d5e42230
Event: 10.537 Thread 0x000001f0d32b29e0 Thread added: 0x000001f0d5e42c50
Event: 10.537 Thread 0x000001f0d32b29e0 Thread added: 0x000001f0d5e3ea80
Event: 10.538 Thread 0x000001f0d32b29e0 Thread added: 0x000001f0d5e41810
Event: 10.585 Thread 0x000001f0d32b29e0 Thread added: 0x000001f0d5e43160


Dynamic libraries:
0x00007ff681d80000 - 0x00007ff681d8e000 	c:\Users\tuant\.vscode\extensions\redhat.java-1.37.0-win32-x64\jre\17.0.13-win32-x86_64\bin\java.exe
0x00007ffd510f0000 - 0x00007ffd51307000 	C:\WINDOWS\SYSTEM32\ntdll.dll
0x00007ffd4f1f0000 - 0x00007ffd4f2b4000 	C:\WINDOWS\System32\KERNEL32.DLL
0x00007ffd4e560000 - 0x00007ffd4e919000 	C:\WINDOWS\System32\KERNELBASE.dll
0x00007ffd4ecf0000 - 0x00007ffd4ee01000 	C:\WINDOWS\System32\ucrtbase.dll
0x00007ffd49590000 - 0x00007ffd495ae000 	c:\Users\tuant\.vscode\extensions\redhat.java-1.37.0-win32-x64\jre\17.0.13-win32-x86_64\bin\VCRUNTIME140.dll
0x00007ffd44020000 - 0x00007ffd44037000 	c:\Users\tuant\.vscode\extensions\redhat.java-1.37.0-win32-x64\jre\17.0.13-win32-x86_64\bin\jli.dll
0x00007ffd4ee10000 - 0x00007ffd4efbe000 	C:\WINDOWS\System32\USER32.dll
0x00007ffd34760000 - 0x00007ffd349f2000 	C:\WINDOWS\WinSxS\amd64_microsoft.windows.common-controls_6595b64144ccf1df_6.0.22621.4391_none_2715d37f73803e96\COMCTL32.dll
0x00007ffd4e460000 - 0x00007ffd4e486000 	C:\WINDOWS\System32\win32u.dll
0x00007ffd4f030000 - 0x00007ffd4f059000 	C:\WINDOWS\System32\GDI32.dll
0x00007ffd4f140000 - 0x00007ffd4f1e7000 	C:\WINDOWS\System32\msvcrt.dll
0x00007ffd4e920000 - 0x00007ffd4ea3b000 	C:\WINDOWS\System32\gdi32full.dll
0x00007ffd4e4c0000 - 0x00007ffd4e55a000 	C:\WINDOWS\System32\msvcp_win.dll
0x00007ffd50b20000 - 0x00007ffd50b51000 	C:\WINDOWS\System32\IMM32.DLL
0x00007ffd495c0000 - 0x00007ffd495cc000 	c:\Users\tuant\.vscode\extensions\redhat.java-1.37.0-win32-x64\jre\17.0.13-win32-x86_64\bin\vcruntime140_1.dll
0x00007ffd0f6c0000 - 0x00007ffd0f74d000 	c:\Users\tuant\.vscode\extensions\redhat.java-1.37.0-win32-x64\jre\17.0.13-win32-x86_64\bin\msvcp140.dll
0x00007ffcaf430000 - 0x00007ffcb009b000 	c:\Users\tuant\.vscode\extensions\redhat.java-1.37.0-win32-x64\jre\17.0.13-win32-x86_64\bin\server\jvm.dll
0x00007ffd50a60000 - 0x00007ffd50b12000 	C:\WINDOWS\System32\ADVAPI32.dll
0x00007ffd50b60000 - 0x00007ffd50c07000 	C:\WINDOWS\System32\sechost.dll
0x00007ffd4e490000 - 0x00007ffd4e4b8000 	C:\WINDOWS\System32\bcrypt.dll
0x00007ffd4fc10000 - 0x00007ffd4fd24000 	C:\WINDOWS\System32\RPCRT4.dll
0x00007ffd4f060000 - 0x00007ffd4f0d1000 	C:\WINDOWS\System32\WS2_32.dll
0x00007ffd4d260000 - 0x00007ffd4d2ad000 	C:\WINDOWS\SYSTEM32\POWRPROF.dll
0x00007ffd42c20000 - 0x00007ffd42c2a000 	C:\WINDOWS\SYSTEM32\VERSION.dll
0x00007ffd474e0000 - 0x00007ffd47514000 	C:\WINDOWS\SYSTEM32\WINMM.dll
0x00007ffd4d230000 - 0x00007ffd4d243000 	C:\WINDOWS\SYSTEM32\UMPDC.dll
0x00007ffd4d500000 - 0x00007ffd4d518000 	C:\WINDOWS\SYSTEM32\kernel.appcore.dll
0x00007ffd49540000 - 0x00007ffd4954a000 	c:\Users\tuant\.vscode\extensions\redhat.java-1.37.0-win32-x64\jre\17.0.13-win32-x86_64\bin\jimage.dll
0x00007ffd4b6b0000 - 0x00007ffd4b8e2000 	C:\WINDOWS\SYSTEM32\DBGHELP.DLL
0x00007ffd4fd30000 - 0x00007ffd500bf000 	C:\WINDOWS\System32\combase.dll
0x00007ffd505e0000 - 0x00007ffd506b7000 	C:\WINDOWS\System32\OLEAUT32.dll
0x00007ffd425c0000 - 0x00007ffd425f2000 	C:\WINDOWS\SYSTEM32\dbgcore.DLL
0x00007ffd4ebb0000 - 0x00007ffd4ec2b000 	C:\WINDOWS\System32\bcryptPrimitives.dll
0x00007ffd43e00000 - 0x00007ffd43e0e000 	c:\Users\tuant\.vscode\extensions\redhat.java-1.37.0-win32-x64\jre\17.0.13-win32-x86_64\bin\instrument.dll
0x00007ffd44050000 - 0x00007ffd44075000 	c:\Users\tuant\.vscode\extensions\redhat.java-1.37.0-win32-x64\jre\17.0.13-win32-x86_64\bin\java.dll
0x00007ffd4a2e0000 - 0x00007ffd4a2f8000 	c:\Users\tuant\.vscode\extensions\redhat.java-1.37.0-win32-x64\jre\17.0.13-win32-x86_64\bin\zip.dll
0x00007ffd4f370000 - 0x00007ffd4fbe6000 	C:\WINDOWS\System32\SHELL32.dll
0x00007ffd4c2f0000 - 0x00007ffd4cbf3000 	C:\WINDOWS\SYSTEM32\windows.storage.dll
0x00007ffd4c1b0000 - 0x00007ffd4c2ef000 	C:\WINDOWS\SYSTEM32\wintypes.dll
0x00007ffd50460000 - 0x00007ffd50559000 	C:\WINDOWS\System32\SHCORE.dll
0x00007ffd508a0000 - 0x00007ffd508fe000 	C:\WINDOWS\System32\shlwapi.dll
0x00007ffd4e320000 - 0x00007ffd4e34b000 	C:\WINDOWS\SYSTEM32\profapi.dll
0x00007ffd43fc0000 - 0x00007ffd43fd9000 	C:\Users\tuant\.vscode\extensions\redhat.java-1.37.0-win32-x64\jre\17.0.13-win32-x86_64\bin\net.dll
0x00007ffd4a860000 - 0x00007ffd4a996000 	C:\WINDOWS\SYSTEM32\WINHTTP.dll
0x00007ffd4d9a0000 - 0x00007ffd4da09000 	C:\WINDOWS\system32\mswsock.dll
0x00007ffd3e890000 - 0x00007ffd3e8a6000 	C:\Users\tuant\.vscode\extensions\redhat.java-1.37.0-win32-x64\jre\17.0.13-win32-x86_64\bin\nio.dll
0x00007ffd3e590000 - 0x00007ffd3e5a0000 	c:\Users\tuant\.vscode\extensions\redhat.java-1.37.0-win32-x64\jre\17.0.13-win32-x86_64\bin\verify.dll
0x00007ffd35a30000 - 0x00007ffd35a75000 	C:\Users\tuant\AppData\Roaming\Code\User\globalStorage\redhat.java\1.37.0\config_win\org.eclipse.equinox.launcher\org.eclipse.equinox.launcher.win32.win32.x86_64_1.2.1100.v20240722-2106\eclipse_11904.dll
0x00007ffd50290000 - 0x00007ffd50435000 	C:\WINDOWS\System32\ole32.dll
0x00007ffd4dbf0000 - 0x00007ffd4dc0b000 	C:\WINDOWS\SYSTEM32\CRYPTSP.dll
0x00007ffd4d460000 - 0x00007ffd4d495000 	C:\WINDOWS\system32\rsaenh.dll
0x00007ffd4da90000 - 0x00007ffd4dab8000 	C:\WINDOWS\SYSTEM32\USERENV.dll
0x00007ffd4dc10000 - 0x00007ffd4dc1c000 	C:\WINDOWS\SYSTEM32\CRYPTBASE.dll
0x00007ffd4cf10000 - 0x00007ffd4cf3d000 	C:\WINDOWS\SYSTEM32\IPHLPAPI.DLL
0x00007ffd4fc00000 - 0x00007ffd4fc09000 	C:\WINDOWS\System32\NSI.dll
0x00007ffd498b0000 - 0x00007ffd498c9000 	C:\WINDOWS\SYSTEM32\dhcpcsvc6.DLL
0x00007ffd49850000 - 0x00007ffd4986f000 	C:\WINDOWS\SYSTEM32\dhcpcsvc.DLL
0x00007ffd4cf90000 - 0x00007ffd4d092000 	C:\WINDOWS\SYSTEM32\DNSAPI.dll
0x00007ffd35240000 - 0x00007ffd35289000 	C:\Users\tuant\AppData\Local\Temp\jna-110710726\jna5506074214294680675.dll
0x00007ffd4fbf0000 - 0x00007ffd4fbf8000 	C:\WINDOWS\System32\PSAPI.DLL

dbghelp: loaded successfully - version: 4.0.5 - missing functions: none
symbol engine: initialized successfully - sym options: 0x614 - pdb path: .;c:\Users\tuant\.vscode\extensions\redhat.java-1.37.0-win32-x64\jre\17.0.13-win32-x86_64\bin;C:\WINDOWS\SYSTEM32;C:\WINDOWS\WinSxS\amd64_microsoft.windows.common-controls_6595b64144ccf1df_6.0.22621.4391_none_2715d37f73803e96;c:\Users\tuant\.vscode\extensions\redhat.java-1.37.0-win32-x64\jre\17.0.13-win32-x86_64\bin\server;C:\Users\tuant\AppData\Roaming\Code\User\globalStorage\redhat.java\1.37.0\config_win\org.eclipse.equinox.launcher\org.eclipse.equinox.launcher.win32.win32.x86_64_1.2.1100.v20240722-2106;C:\Users\tuant\AppData\Local\Temp\jna-110710726

VM Arguments:
jvm_args: --add-modules=ALL-SYSTEM --add-opens=java.base/java.util=ALL-UNNAMED --add-opens=java.base/java.lang=ALL-UNNAMED --add-opens=java.base/sun.nio.fs=ALL-UNNAMED -Declipse.application=org.eclipse.jdt.ls.core.id1 -Dosgi.bundles.defaultStartLevel=4 -Declipse.product=org.eclipse.jdt.ls.core.product -Djava.import.generatesMetadataFilesAtProjectRoot=false -DDetectVMInstallationsJob.disabled=true -Dfile.encoding=utf8 -XX:+UseParallelGC -XX:GCTimeRatio=4 -XX:AdaptiveSizePolicyWeight=90 -Dsun.zip.disableMemoryMapping=true -Xmx1G -Xms100m -Xlog:disable -javaagent:c:\Users\tuant\.vscode\extensions\redhat.java-1.37.0-win32-x64\lombok\lombok-1.18.34.jar -XX:+HeapDumpOnOutOfMemoryError -XX:HeapDumpPath=c:\Users\tuant\AppData\Roaming\Code\User\workspaceStorage\9255a2486ce90b51e51345d54823f42f\redhat.java -Daether.dependencyCollector.impl=bf 
java_command: c:\Users\tuant\.vscode\extensions\redhat.java-1.37.0-win32-x64\server\plugins\org.eclipse.equinox.launcher_1.6.900.v20240613-2009.jar -configuration c:\Users\tuant\AppData\Roaming\Code\User\globalStorage\redhat.java\1.37.0\config_win -data c:\Users\tuant\AppData\Roaming\Code\User\workspaceStorage\9255a2486ce90b51e51345d54823f42f\redhat.java\jdt_ws --pipe=\\.\pipe\lsp-eb7e3e8aad009fce04856f03f8f8b059-sock
java_class_path (initial): c:\Users\tuant\.vscode\extensions\redhat.java-1.37.0-win32-x64\server\plugins\org.eclipse.equinox.launcher_1.6.900.v20240613-2009.jar
Launcher Type: SUN_STANDARD

[Global flags]
    uintx AdaptiveSizePolicyWeight                 = 90                                        {product} {command line}
     intx CICompilerCount                          = 4                                         {product} {ergonomic}
    uintx GCTimeRatio                              = 4                                         {product} {command line}
     bool HeapDumpOnOutOfMemoryError               = true                                   {manageable} {command line}
    ccstr HeapDumpPath                             = c:\Users\tuant\AppData\Roaming\Code\User\workspaceStorage\9255a2486ce90b51e51345d54823f42f\redhat.java         {manageable} {command line}
   size_t InitialHeapSize                          = 104857600                                 {product} {command line}
   size_t MaxHeapSize                              = 1073741824                                {product} {command line}
   size_t MaxNewSize                               = 357564416                                 {product} {ergonomic}
   size_t MinHeapDeltaBytes                        = 524288                                    {product} {ergonomic}
   size_t MinHeapSize                              = 104857600                                 {product} {command line}
   size_t NewSize                                  = 34603008                                  {product} {ergonomic}
    uintx NonNMethodCodeHeapSize                   = 5839372                                {pd product} {ergonomic}
    uintx NonProfiledCodeHeapSize                  = 122909434                              {pd product} {ergonomic}
   size_t OldSize                                  = 70254592                                  {product} {ergonomic}
    uintx ProfiledCodeHeapSize                     = 122909434                              {pd product} {ergonomic}
    uintx ReservedCodeCacheSize                    = 251658240                              {pd product} {ergonomic}
     bool SegmentedCodeCache                       = true                                      {product} {ergonomic}
   size_t SoftMaxHeapSize                          = 1073741824                             {manageable} {ergonomic}
     bool UseCompressedClassPointers               = true                           {product lp64_product} {ergonomic}
     bool UseCompressedOops                        = true                           {product lp64_product} {ergonomic}
     bool UseLargePagesIndividualAllocation        = false                                  {pd product} {ergonomic}
     bool UseParallelGC                            = true                                      {product} {command line}

Logging:
Log output configuration:
 #0: stdout all=off uptime,level,tags
 #1: stderr all=off uptime,level,tags

Environment Variables:
JAVA_HOME=C:\Program Files\java\jdk-17.0.12
PATH=C:\Python312\Scripts\;C:\Python312\;C:\Windows\system32;C:\Windows;C:\Windows\System32\Wbem;C:\Windows\System32\WindowsPowerShell\v1.0\;C:\Windows\System32\OpenSSH\;C:\Program Files (x86)\NVIDIA Corporation\PhysX\Common;C:\Program Files\NVIDIA Corporation\NVIDIA NvDLISR;C:\WINDOWS\system32;C:\WINDOWS;C:\WINDOWS\System32\Wbem;C:\WINDOWS\System32\WindowsPowerShell\v1.0\;C:\WINDOWS\System32\OpenSSH\;C:\Program Files\java\jdk-17.0.12\bin;C:\Program Files\Cloudflare\Cloudflare WARP\;C:\ProgramData\chocolatey\bin;C:\Users\tuant\AppData\Local\Android\Sdk\platform-tools;C:\Program Files\Git\cmd;C:\Program Files\Git\bin;C:\Program Files\MongoDB\Server\8.0\bin;C:\Program Files\mongosh-2.3.3-win32-x64\bin;C:\Program Files\nodejs\;C:\Users\tuant\AppData\Local\Microsoft\WindowsApps;D:\Microsoft VS Code\bin;C:\Users\tuant\AppData\Local\GitHubDesktop\bin;C:\Users\tuant\AppData\Local\Programs\mongosh\;C:\Users\tuant\AppData\Roaming\npm
USERNAME=tuant
OS=Windows_NT
PROCESSOR_IDENTIFIER=Intel64 Family 6 Model 154 Stepping 3, GenuineIntel
TMP=C:\Users\tuant\AppData\Local\Temp
TEMP=C:\Users\tuant\AppData\Local\Temp



Periodic native trim disabled


---------------  S Y S T E M  ---------------

OS:
 Windows 11 , 64 bit Build 22621 (10.0.22621.4391)
OS uptime: 8 days 23:27 hours
Hyper-V role detected

CPU: total 12 (initial active 12) (6 cores per cpu, 2 threads per core) family 6 model 154 stepping 3 microcode 0x42a, cx8, cmov, fxsr, ht, mmx, 3dnowpref, sse, sse2, sse3, ssse3, sse4.1, sse4.2, popcnt, lzcnt, tsc, tscinvbit, avx, avx2, aes, erms, clmul, bmi1, bmi2, adx, sha, fma, vzeroupper, clflush, clflushopt, clwb, hv
Processor Information for processor 0
  Max Mhz: 2000, Current Mhz: 2000, Mhz Limit: 2000
Processor Information for processor 1
  Max Mhz: 2000, Current Mhz: 2000, Mhz Limit: 2000
Processor Information for processor 2
  Max Mhz: 2000, Current Mhz: 2000, Mhz Limit: 2000
Processor Information for processor 3
  Max Mhz: 2000, Current Mhz: 2000, Mhz Limit: 2000
Processor Information for processor 4
  Max Mhz: 2000, Current Mhz: 2000, Mhz Limit: 2000
Processor Information for processor 5
  Max Mhz: 2000, Current Mhz: 2000, Mhz Limit: 2000
Processor Information for processor 6
  Max Mhz: 2000, Current Mhz: 2000, Mhz Limit: 2000
Processor Information for processor 7
  Max Mhz: 2000, Current Mhz: 2000, Mhz Limit: 2000
Processor Information for processor 8
  Max Mhz: 2000, Current Mhz: 1500, Mhz Limit: 1500
Processor Information for processor 9
  Max Mhz: 2000, Current Mhz: 1500, Mhz Limit: 1500
Processor Information for processor 10
  Max Mhz: 2000, Current Mhz: 1500, Mhz Limit: 1500
Processor Information for processor 11
  Max Mhz: 2000, Current Mhz: 1500, Mhz Limit: 1500

Memory: 4k page, system-wide physical 7896M (123M free)
TotalPageFile size 32472M (AvailPageFile size 2M)
current process WorkingSet (physical memory assigned to process): 420M, peak: 420M
current process commit charge ("private bytes"): 453M, peak: 928M

vm_info: OpenJDK 64-Bit Server VM (17.0.13+11) for windows-amd64 JRE (17.0.13+11), built on Oct 16 2024 00:10:08 by "admin" with MS VC++ 17.7 (VS2022)

END.
