#
# There is insufficient memory for the Java Runtime Environment to continue.
# Native memory allocation (malloc) failed to allocate 1459936 bytes. Error detail: Chunk::new
# Possible reasons:
#   The system is out of physical RAM or swap space
#   This process is running with CompressedOops enabled, and the Java Heap may be blocking the growth of the native heap
# Possible solutions:
#   Reduce memory load on the system
#   Increase physical memory or swap space
#   Check if swap backing store is full
#   Decrease Java heap size (-Xmx/-Xms)
#   Decrease number of Java threads
#   Decrease Java thread stack sizes (-Xss)
#   Set larger code cache with -XX:ReservedCodeCacheSize=
#   JVM is running with Unscaled Compressed Oops mode in which the Java heap is
#     placed in the first 4GB address space. The Java Heap base address is the
#     maximum limit for the native heap growth. Please use -XX:HeapBaseMinAddress
#     to set the Java Heap base and to place the Java Heap above 4GB virtual address.
# This output file may be truncated or incomplete.
#
#  Out of Memory Error (arena.cpp:191), pid=25072, tid=91748
#
# JRE version: OpenJDK Runtime Environment Temurin-17.0.13+11 (17.0.13+11) (build 17.0.13+11)
# Java VM: OpenJDK 64-Bit Server VM Temurin-17.0.13+11 (17.0.13+11, mixed mode, tiered, compressed oops, compressed class ptrs, parallel gc, windows-amd64)
# No core dump will be written. Minidumps are not enabled by default on client versions of Windows
#

---------------  S U M M A R Y ------------

Command Line: --add-modules=ALL-SYSTEM --add-opens=java.base/java.util=ALL-UNNAMED --add-opens=java.base/java.lang=ALL-UNNAMED --add-opens=java.base/sun.nio.fs=ALL-UNNAMED -Declipse.application=org.eclipse.jdt.ls.core.id1 -Dosgi.bundles.defaultStartLevel=4 -Declipse.product=org.eclipse.jdt.ls.core.product -Djava.import.generatesMetadataFilesAtProjectRoot=false -DDetectVMInstallationsJob.disabled=true -Dfile.encoding=utf8 -XX:+UseParallelGC -XX:GCTimeRatio=4 -XX:AdaptiveSizePolicyWeight=90 -Dsun.zip.disableMemoryMapping=true -Xmx1G -Xms100m -Xlog:disable -javaagent:c:\Users\tuant\.vscode\extensions\redhat.java-1.37.0-win32-x64\lombok\lombok-1.18.34.jar -XX:+HeapDumpOnOutOfMemoryError -XX:HeapDumpPath=c:\Users\tuant\AppData\Roaming\Code\User\workspaceStorage\9255a2486ce90b51e51345d54823f42f\redhat.java -Daether.dependencyCollector.impl=bf c:\Users\tuant\.vscode\extensions\redhat.java-1.37.0-win32-x64\server\plugins\org.eclipse.equinox.launcher_1.6.900.v20240613-2009.jar -configuration c:\Users\tuant\AppData\Roaming\Code\User\globalStorage\redhat.java\1.37.0\config_win -data c:\Users\tuant\AppData\Roaming\Code\User\workspaceStorage\9255a2486ce90b51e51345d54823f42f\redhat.java\jdt_ws --pipe=\\.\pipe\lsp-9fdbed5d3b41977e261157c075b3d290-sock

Host: 12th Gen Intel(R) Core(TM) i5-12450H, 12 cores, 7G,  Windows 11 , 64 bit Build 22621 (10.0.22621.4391)
Time: Mon Dec  9 18:00:39 2024 SE Asia Standard Time elapsed time: 9.850576 seconds (0d 0h 0m 9s)

---------------  T H R E A D  ---------------

Current thread (0x0000022258932bd0):  JavaThread "C2 CompilerThread0" daemon [_thread_in_native, id=91748, stack(0x0000006497200000,0x0000006497300000)]


Current CompileTask:
C2:   9850 10212 % !   4       org.eclipse.jdt.internal.core.search.indexing.BinaryIndexer::indexDocument @ 595 (1157 bytes)

Stack: [0x0000006497200000,0x0000006497300000]
Native frames: (J=compiled Java code, j=interpreted, Vv=VM code, C=native code)
V  [jvm.dll+0x682a19]
V  [jvm.dll+0x839538]
V  [jvm.dll+0x83afe3]
V  [jvm.dll+0x83b653]
V  [jvm.dll+0x24704f]
V  [jvm.dll+0xace34]
V  [jvm.dll+0xad4cc]
V  [jvm.dll+0x2ac84f]
V  [jvm.dll+0x588a79]
V  [jvm.dll+0x220ea2]
V  [jvm.dll+0x22129f]
V  [jvm.dll+0x21a2b0]
V  [jvm.dll+0x21738b]
V  [jvm.dll+0x1a3070]
V  [jvm.dll+0x22788c]
V  [jvm.dll+0x2259eb]
V  [jvm.dll+0x7eec98]
V  [jvm.dll+0x7e8ffc]
V  [jvm.dll+0x6818f7]
C  [ucrtbase.dll+0x29333]
C  [KERNEL32.DLL+0x1259d]
C  [ntdll.dll+0x5af38]


---------------  P R O C E S S  ---------------

Threads class SMR info:
_java_thread_list=0x0000022265d26100, length=79, elements={
0x000002223f98c220, 0x0000022253815020, 0x000002223fa3a770, 0x000002225381e4d0,
0x00000222589451d0, 0x0000022258946700, 0x0000022258947bc0, 0x0000022258932bd0,
0x0000022258937f80, 0x0000022258953a50, 0x000002223f9ef2f0, 0x0000022258bff7f0,
0x000002225a7aa060, 0x000002225aa59490, 0x000002225af71a50, 0x000002225ac17f20,
0x000002225abd1d40, 0x000002225b2d7d90, 0x000002225b2d5f30, 0x000002225b2d5a20,
0x000002225b2d82a0, 0x000002225b2d6440, 0x000002225b2d87b0, 0x000002225b2d6950,
0x0000022258935a50, 0x000002225b2d7370, 0x000002225b2d7880, 0x000002225bdbb2f0,
0x000002225bdc2250, 0x000002225bdbf4c0, 0x000002225bdbd660, 0x000002225bdbb800,
0x000002225bdc0900, 0x000002225bdbe080, 0x000002225bdbeaa0, 0x000002225bdbbd10,
0x000002225bdbe590, 0x000002225bdc0e10, 0x000002225bdbc220, 0x000002225bdbc730,
0x000002225bdc1320, 0x000002225bdbd150, 0x000002225bdbf9d0, 0x000002225bdc2c70,
0x000002225bdbcc40, 0x000002225bdbdb70, 0x000002225bdc03f0, 0x000002225bdc1830,
0x000002225bdc1d40, 0x000002225b2d5510, 0x000002225b2d6e60, 0x000002225dafda00,
0x000002225dafee40, 0x000002225daff350, 0x000002225daff860, 0x000002225dafdf10,
0x000002225dafe420, 0x000002225db01bd0, 0x000002225dafbba0, 0x000002225daffd70,
0x000002225dafc0b0, 0x000002225db00280, 0x000002225db00790, 0x000002225db00ca0,
0x000002225dafcfe0, 0x000002225db011b0, 0x000002225db016c0, 0x000002225dafe930,
0x000002225dafcad0, 0x000002225dafb690, 0x000002225db020e0, 0x000002225db025f0,
0x000002225dafb180, 0x000002225db02b00, 0x000002226641a0f0, 0x0000022266419be0,
0x000002226641d390, 0x000002226641ba40, 0x000002226641ab10
}

Java Threads: ( => current thread )
  0x000002223f98c220 JavaThread "main" [_thread_blocked, id=92760, stack(0x0000006496900000,0x0000006496a00000)]
  0x0000022253815020 JavaThread "Reference Handler" daemon [_thread_blocked, id=52012, stack(0x0000006496c00000,0x0000006496d00000)]
  0x000002223fa3a770 JavaThread "Finalizer" daemon [_thread_blocked, id=90132, stack(0x0000006496d00000,0x0000006496e00000)]
  0x000002225381e4d0 JavaThread "Signal Dispatcher" daemon [_thread_blocked, id=90184, stack(0x0000006496e00000,0x0000006496f00000)]
  0x00000222589451d0 JavaThread "Attach Listener" daemon [_thread_blocked, id=89168, stack(0x0000006496f00000,0x0000006497000000)]
  0x0000022258946700 JavaThread "Service Thread" daemon [_thread_blocked, id=90772, stack(0x0000006497000000,0x0000006497100000)]
  0x0000022258947bc0 JavaThread "Monitor Deflation Thread" daemon [_thread_blocked, id=63720, stack(0x0000006497100000,0x0000006497200000)]
=>0x0000022258932bd0 JavaThread "C2 CompilerThread0" daemon [_thread_in_native, id=91748, stack(0x0000006497200000,0x0000006497300000)]
  0x0000022258937f80 JavaThread "C1 CompilerThread0" daemon [_thread_in_vm, id=89124, stack(0x0000006497300000,0x0000006497400000)]
  0x0000022258953a50 JavaThread "Sweeper thread" daemon [_thread_blocked, id=89164, stack(0x0000006497400000,0x0000006497500000)]
  0x000002223f9ef2f0 JavaThread "Common-Cleaner" daemon [_thread_blocked, id=89924, stack(0x0000006497500000,0x0000006497600000)]
  0x0000022258bff7f0 JavaThread "Notification Thread" daemon [_thread_blocked, id=57692, stack(0x0000006497700000,0x0000006497800000)]
  0x000002225a7aa060 JavaThread "Active Thread: Equinox Container: 19c65295-e29c-4634-a7e1-ef9ad322b6a8" [_thread_blocked, id=90864, stack(0x0000006497f00000,0x0000006498000000)]
  0x000002225aa59490 JavaThread "Refresh Thread: Equinox Container: 19c65295-e29c-4634-a7e1-ef9ad322b6a8" daemon [_thread_blocked, id=65388, stack(0x0000006498000000,0x0000006498100000)]
  0x000002225af71a50 JavaThread "Framework Event Dispatcher: Equinox Container: 19c65295-e29c-4634-a7e1-ef9ad322b6a8" daemon [_thread_blocked, id=79988, stack(0x0000006498100000,0x0000006498200000)]
  0x000002225ac17f20 JavaThread "Start Level: Equinox Container: 19c65295-e29c-4634-a7e1-ef9ad322b6a8" daemon [_thread_blocked, id=92000, stack(0x0000006498200000,0x0000006498300000)]
  0x000002225abd1d40 JavaThread "Bundle File Closer" daemon [_thread_blocked, id=92156, stack(0x0000006498400000,0x0000006498500000)]
  0x000002225b2d7d90 JavaThread "SCR Component Actor" daemon [_thread_blocked, id=91864, stack(0x0000006498600000,0x0000006498700000)]
  0x000002225b2d5f30 JavaThread "Worker-JM" [_thread_blocked, id=84080, stack(0x0000006498900000,0x0000006498a00000)]
  0x000002225b2d5a20 JavaThread "JNA Cleaner" daemon [_thread_blocked, id=90568, stack(0x0000006497600000,0x0000006497700000)]
  0x000002225b2d82a0 JavaThread "Worker-0" [_thread_blocked, id=91032, stack(0x0000006498a00000,0x0000006498b00000)]
  0x000002225b2d6440 JavaThread "Worker-1: Building" [_thread_in_Java, id=92928, stack(0x0000006498b00000,0x0000006498c00000)]
  0x000002225b2d87b0 JavaThread "Java indexing" daemon [_thread_in_Java, id=90004, stack(0x0000006498c00000,0x0000006498d00000)]
  0x000002225b2d6950 JavaThread "Worker-2: Java indexing... " [_thread_blocked, id=89992, stack(0x0000006498d00000,0x0000006498e00000)]
  0x0000022258935a50 JavaThread "C2 CompilerThread1" daemon [_thread_in_native, id=85896, stack(0x0000006498e00000,0x0000006498f00000)]
  0x000002225b2d7370 JavaThread "Worker-3" [_thread_blocked, id=89904, stack(0x0000006498f00000,0x0000006499000000)]
  0x000002225b2d7880 JavaThread "Worker-4" [_thread_blocked, id=90640, stack(0x0000006499000000,0x0000006499100000)]
  0x000002225bdbb2f0 JavaThread "Worker-5" [_thread_blocked, id=90052, stack(0x0000006499100000,0x0000006499200000)]
  0x000002225bdc2250 JavaThread "Thread-2" daemon [_thread_in_native, id=89976, stack(0x0000006499200000,0x0000006499300000)]
  0x000002225bdbf4c0 JavaThread "Thread-3" daemon [_thread_in_native, id=89156, stack(0x0000006499300000,0x0000006499400000)]
  0x000002225bdbd660 JavaThread "Thread-4" daemon [_thread_in_native, id=91376, stack(0x0000006499400000,0x0000006499500000)]
  0x000002225bdbb800 JavaThread "Thread-5" daemon [_thread_in_native, id=89148, stack(0x0000006499500000,0x0000006499600000)]
  0x000002225bdc0900 JavaThread "Thread-6" daemon [_thread_in_native, id=84820, stack(0x0000006499600000,0x0000006499700000)]
  0x000002225bdbe080 JavaThread "Thread-7" daemon [_thread_in_native, id=90472, stack(0x0000006499700000,0x0000006499800000)]
  0x000002225bdbeaa0 JavaThread "Thread-8" daemon [_thread_in_native, id=85016, stack(0x0000006499800000,0x0000006499900000)]
  0x000002225bdbbd10 JavaThread "Thread-9" daemon [_thread_in_native, id=91084, stack(0x0000006499900000,0x0000006499a00000)]
  0x000002225bdbe590 JavaThread "Thread-10" daemon [_thread_in_native, id=91812, stack(0x0000006499a00000,0x0000006499b00000)]
  0x000002225bdc0e10 JavaThread "Thread-11" daemon [_thread_in_native, id=63848, stack(0x0000006499b00000,0x0000006499c00000)]
  0x000002225bdbc220 JavaThread "Thread-12" daemon [_thread_in_native, id=72772, stack(0x0000006499c00000,0x0000006499d00000)]
  0x000002225bdbc730 JavaThread "Thread-13" daemon [_thread_in_native, id=92940, stack(0x0000006499d00000,0x0000006499e00000)]
  0x000002225bdc1320 JavaThread "Thread-14" daemon [_thread_in_native, id=62572, stack(0x0000006499e00000,0x0000006499f00000)]
  0x000002225bdbd150 JavaThread "pool-2-thread-1" [_thread_blocked, id=39660, stack(0x0000006499f00000,0x000000649a000000)]
  0x000002225bdbf9d0 JavaThread "Worker-6" [_thread_blocked, id=83296, stack(0x000000649a000000,0x000000649a100000)]
  0x000002225bdc2c70 JavaThread "WorkspaceEventsHandler" [_thread_blocked, id=92524, stack(0x000000649a100000,0x000000649a200000)]
  0x000002225bdbcc40 JavaThread "pool-1-thread-1" [_thread_blocked, id=81900, stack(0x000000649a200000,0x000000649a300000)]
  0x000002225bdbdb70 JavaThread "Worker-7" [_thread_blocked, id=91460, stack(0x000000649a300000,0x000000649a400000)]
  0x000002225bdc03f0 JavaThread "LocalFile Deleter" daemon [_thread_blocked, id=82876, stack(0x000000649a400000,0x000000649a500000)]
  0x000002225bdc1830 JavaThread "LocalFile Deleter" daemon [_thread_blocked, id=89084, stack(0x000000649a500000,0x000000649a600000)]
  0x000002225bdc1d40 JavaThread "LocalFile Deleter" daemon [_thread_blocked, id=43280, stack(0x000000649a600000,0x000000649a700000)]
  0x000002225b2d5510 JavaThread "LocalFile Deleter" daemon [_thread_blocked, id=87492, stack(0x000000649a700000,0x000000649a800000)]
  0x000002225b2d6e60 JavaThread "LocalFile Deleter" daemon [_thread_blocked, id=89264, stack(0x000000649a800000,0x000000649a900000)]
  0x000002225dafda00 JavaThread "LocalFile Deleter" daemon [_thread_blocked, id=92472, stack(0x000000649a900000,0x000000649aa00000)]
  0x000002225dafee40 JavaThread "LocalFile Deleter" daemon [_thread_blocked, id=72392, stack(0x000000649aa00000,0x000000649ab00000)]
  0x000002225daff350 JavaThread "LocalFile Deleter" daemon [_thread_blocked, id=82760, stack(0x000000649ab00000,0x000000649ac00000)]
  0x000002225daff860 JavaThread "LocalFile Deleter" daemon [_thread_blocked, id=87372, stack(0x000000649ac00000,0x000000649ad00000)]
  0x000002225dafdf10 JavaThread "LocalFile Deleter" daemon [_thread_blocked, id=92680, stack(0x000000649ad00000,0x000000649ae00000)]
  0x000002225dafe420 JavaThread "LocalFile Deleter" daemon [_thread_blocked, id=75428, stack(0x000000649ae00000,0x000000649af00000)]
  0x000002225db01bd0 JavaThread "LocalFile Deleter" daemon [_thread_blocked, id=90548, stack(0x000000649af00000,0x000000649b000000)]
  0x000002225dafbba0 JavaThread "Compiler Source File Reader" daemon [_thread_blocked, id=77292, stack(0x000000649b000000,0x000000649b100000)]
  0x000002225daffd70 JavaThread "Compiler Source File Reader" daemon [_thread_blocked, id=92568, stack(0x000000649b100000,0x000000649b200000)]
  0x000002225dafc0b0 JavaThread "Compiler Source File Reader" daemon [_thread_in_native, id=90144, stack(0x000000649b200000,0x000000649b300000)]
  0x000002225db00280 JavaThread "Compiler Source File Reader" daemon [_thread_blocked, id=91388, stack(0x000000649b300000,0x000000649b400000)]
  0x000002225db00790 JavaThread "Compiler Source File Reader" daemon [_thread_blocked, id=88536, stack(0x000000649b400000,0x000000649b500000)]
  0x000002225db00ca0 JavaThread "Compiler Source File Reader" daemon [_thread_blocked, id=80900, stack(0x000000649b500000,0x000000649b600000)]
  0x000002225dafcfe0 JavaThread "Compiler Source File Reader" daemon [_thread_blocked, id=89132, stack(0x000000649b600000,0x000000649b700000)]
  0x000002225db011b0 JavaThread "Compiler Source File Reader" daemon [_thread_blocked, id=72268, stack(0x000000649b700000,0x000000649b800000)]
  0x000002225db016c0 JavaThread "Compiler Source File Reader" daemon [_thread_blocked, id=93044, stack(0x000000649b800000,0x000000649b900000)]
  0x000002225dafe930 JavaThread "Compiler Source File Reader" daemon [_thread_blocked, id=89320, stack(0x000000649b900000,0x000000649ba00000)]
  0x000002225dafcad0 JavaThread "Compiler Processing Task" daemon [_thread_blocked, id=78740, stack(0x000000649ba00000,0x000000649bb00000)]
  0x000002225dafb690 JavaThread "Compiler Class File Writer" daemon [_thread_blocked, id=41568, stack(0x000000649bb00000,0x000000649bc00000)]
  0x000002225db020e0 JavaThread "Compiler Class File Writer" daemon [_thread_blocked, id=71540, stack(0x000000649bc00000,0x000000649bd00000)]
  0x000002225db025f0 JavaThread "Compiler Class File Writer" daemon [_thread_blocked, id=75308, stack(0x000000649bd00000,0x000000649be00000)]
  0x000002225dafb180 JavaThread "Compiler Class File Writer" daemon [_thread_blocked, id=92628, stack(0x000000649be00000,0x000000649bf00000)]
  0x000002225db02b00 JavaThread "Compiler Class File Writer" daemon [_thread_blocked, id=84892, stack(0x000000649bf00000,0x000000649c000000)]
  0x000002226641a0f0 JavaThread "Compiler Class File Writer" daemon [_thread_blocked, id=64224, stack(0x000000649c000000,0x000000649c100000)]
  0x0000022266419be0 JavaThread "Compiler Class File Writer" daemon [_thread_blocked, id=66704, stack(0x000000649c100000,0x000000649c200000)]
  0x000002226641d390 JavaThread "Compiler Class File Writer" daemon [_thread_blocked, id=91072, stack(0x000000649c200000,0x000000649c300000)]
  0x000002226641ba40 JavaThread "Compiler Class File Writer" daemon [_thread_blocked, id=75960, stack(0x000000649c300000,0x000000649c400000)]
  0x000002226641ab10 JavaThread "Compiler Class File Writer" daemon [_thread_blocked, id=72448, stack(0x000000649c400000,0x000000649c500000)]

Other Threads:
  0x0000022258913c70 VMThread "VM Thread" [stack: 0x0000006496b00000,0x0000006496c00000] [id=90172]
  0x0000022258bffcd0 WatcherThread [stack: 0x0000006497800000,0x0000006497900000] [id=90876]
  0x000002223f9a38b0 GCTaskThread "GC Thread#0" [stack: 0x0000006496a00000,0x0000006496b00000] [id=85892]
  0x000002225a3e1c00 GCTaskThread "GC Thread#1" [stack: 0x0000006497900000,0x0000006497a00000] [id=90656]
  0x000002225a3e13c0 GCTaskThread "GC Thread#2" [stack: 0x0000006497a00000,0x0000006497b00000] [id=90680]
  0x000002225a3e1940 GCTaskThread "GC Thread#3" [stack: 0x0000006497b00000,0x0000006497c00000] [id=90856]
  0x000002225a3e0e40 GCTaskThread "GC Thread#4" [stack: 0x0000006497c00000,0x0000006497d00000] [id=90860]
  0x000002225a3e1680 GCTaskThread "GC Thread#5" [stack: 0x0000006497d00000,0x0000006497e00000] [id=90900]
  0x000002225a3e2440 GCTaskThread "GC Thread#6" [stack: 0x0000006497e00000,0x0000006497f00000] [id=90928]
  0x000002225a3e1ec0 GCTaskThread "GC Thread#7" [stack: 0x0000006498300000,0x0000006498400000] [id=59512]
  0x000002225a3e2700 GCTaskThread "GC Thread#8" [stack: 0x0000006498500000,0x0000006498600000] [id=91964]
  0x000002225b05d440 GCTaskThread "GC Thread#9" [stack: 0x0000006498800000,0x0000006498900000] [id=91936]

Threads with active compile tasks:
C2 CompilerThread0     9880 10212 % !   4       org.eclipse.jdt.internal.core.search.indexing.BinaryIndexer::indexDocument @ 595 (1157 bytes)
C2 CompilerThread1     9880 10369 %     4       org.eclipse.jdt.internal.compiler.parser.Scanner::checkTaskTag @ 70 (937 bytes)

VM state: not at safepoint (normal execution)

VM Mutex/Monitor currently owned by a thread: None

Heap address: 0x00000000c0000000, size: 1024 MB, Compressed Oops mode: 32-bit

CDS archive(s) not mapped
Compressed class space mapped at: 0x0000000100000000-0x0000000140000000, reserved size: 1073741824
Narrow klass base: 0x0000000000000000, Narrow klass shift: 3, Narrow klass range: 0x140000000

GC Precious Log:
 CPUs: 12 total, 12 available
 Memory: 7896M
 Large Page Support: Disabled
 NUMA Support: Disabled
 Compressed Oops: Enabled (32-bit)
 Alignments: Space 512K, Generation 512K, Heap 2M
 Heap Min Capacity: 100M
 Heap Initial Capacity: 100M
 Heap Max Capacity: 1G
 Pre-touch: Disabled
 Parallel Workers: 10

Heap:
 PSYoungGen      total 11264K, used 6612K [0x00000000eab00000, 0x00000000eba00000, 0x0000000100000000)
  eden space 8192K, 53% used [0x00000000eab00000,0x00000000eaf42150,0x00000000eb300000)
  from space 3072K, 73% used [0x00000000eb380000,0x00000000eb5b3c58,0x00000000eb680000)
  to   space 3584K, 0% used [0x00000000eb680000,0x00000000eb680000,0x00000000eba00000)
 ParOldGen       total 138752K, used 119374K [0x00000000c0000000, 0x00000000c8780000, 0x00000000eab00000)
  object space 138752K, 86% used [0x00000000c0000000,0x00000000c7493920,0x00000000c8780000)
 Metaspace       used 64917K, committed 65984K, reserved 1114112K
  class space    used 6712K, committed 7168K, reserved 1048576K

Card table byte_map: [0x000002223f350000,0x000002223f560000] _byte_map_base: 0x000002223ed50000

Marking Bits: (ParMarkBitMap*) 0x00007ffcaffd6940
 Begin Bits: [0x0000022251620000, 0x0000022252620000)
 End Bits:   [0x0000022252620000, 0x0000022253620000)

Polling page: 0x000002223f140000

Metaspace:

Usage:
  Non-class:     56.84 MB used.
      Class:      6.55 MB used.
       Both:     63.40 MB used.

Virtual space:
  Non-class space:       64.00 MB reserved,      57.44 MB ( 90%) committed,  1 nodes.
      Class space:        1.00 GB reserved,       7.00 MB ( <1%) committed,  1 nodes.
             Both:        1.06 GB reserved,      64.44 MB (  6%) committed. 

Chunk freelists:
   Non-Class:  6.55 MB
       Class:  9.04 MB
        Both:  15.59 MB

MaxMetaspaceSize: unlimited
CompressedClassSpaceSize: 1.00 GB
Initial GC threshold: 21.00 MB
Current GC threshold: 107.19 MB
CDS: off
MetaspaceReclaimPolicy: balanced
 - commit_granule_bytes: 65536.
 - commit_granule_words: 8192.
 - virtual_space_node_default_size: 8388608.
 - enlarge_chunks_in_place: 1.
 - new_chunks_are_fully_committed: 0.
 - uncommit_free_chunks: 1.
 - use_allocation_guard: 0.
 - handle_deallocations: 1.


Internal statistics:

num_allocs_failed_limit: 6.
num_arena_births: 714.
num_arena_deaths: 42.
num_vsnodes_births: 2.
num_vsnodes_deaths: 0.
num_space_committed: 1031.
num_space_uncommitted: 0.
num_chunks_returned_to_freelist: 57.
num_chunks_taken_from_freelist: 3419.
num_chunk_merges: 14.
num_chunk_splits: 2056.
num_chunks_enlarged: 1131.
num_inconsistent_stats: 0.

CodeHeap 'non-profiled nmethods': size=120000Kb used=3718Kb max_used=3718Kb free=116281Kb
 bounds [0x000002224a0f0000, 0x000002224a4a0000, 0x0000022251620000]
CodeHeap 'profiled nmethods': size=120000Kb used=18565Kb max_used=18565Kb free=101434Kb
 bounds [0x0000022242620000, 0x0000022243850000, 0x0000022249b50000]
CodeHeap 'non-nmethods': size=5760Kb used=1360Kb max_used=1451Kb free=4399Kb
 bounds [0x0000022249b50000, 0x0000022249dc0000, 0x000002224a0f0000]
 total_blobs=9414 nmethods=8712 adapters=612
 compilation: enabled
              stopped_count=0, restarted_count=0
 full_count=0

Compilation events (20 events):
Event: 9.841 Thread 0x0000022258937f80 nmethod 10385 0x000002224381f610 code [0x000002224381f880, 0x0000022243820158]
Event: 9.841 Thread 0x0000022258937f80 10383       2       org.eclipse.jdt.internal.compiler.ast.IntLiteral::<init> (14 bytes)
Event: 9.841 Thread 0x0000022258937f80 nmethod 10383 0x0000022243820490 code [0x0000022243820620, 0x0000022243820778]
Event: 9.841 Thread 0x0000022258937f80 10384       2       org.eclipse.jdt.internal.compiler.ast.IntLiteral::buildIntLiteral (119 bytes)
Event: 9.842 Thread 0x0000022258937f80 nmethod 10384 0x0000022243820890 code [0x0000022243820a80, 0x0000022243820f68]
Event: 9.842 Thread 0x0000022258937f80 10386       2       java.lang.String::isBlank (17 bytes)
Event: 9.842 Thread 0x0000022258937f80 nmethod 10386 0x0000022243821210 code [0x00000222438213c0, 0x0000022243821558]
Event: 9.842 Thread 0x0000022258937f80 10387       2       java.lang.String::indexOfNonWhitespace (25 bytes)
Event: 9.842 Thread 0x0000022258937f80 nmethod 10387 0x0000022243821690 code [0x0000022243821840, 0x00000222438219d8]
Event: 9.842 Thread 0x0000022258937f80 10388   !   2       org.eclipse.core.internal.localstore.FileSystemResourceManager::readAllBytes (80 bytes)
Event: 9.843 Thread 0x0000022258937f80 nmethod 10388 0x0000022243821a90 code [0x0000022243821ce0, 0x0000022243822308]
Event: 9.844 Thread 0x0000022258937f80 10389       2       java.nio.Buffer$1::acquireScope (41 bytes)
Event: 9.844 Thread 0x0000022258937f80 nmethod 10389 0x0000022243822990 code [0x0000022243822b60, 0x0000022243822e18]
Event: 9.844 Thread 0x0000022258937f80 10390       2       org.eclipse.core.internal.content.BasicDescription::<init> (10 bytes)
Event: 9.844 Thread 0x0000022258937f80 nmethod 10390 0x0000022243822f90 code [0x0000022243823120, 0x0000022243823238]
Event: 9.847 Thread 0x0000022258937f80 10391  s!   2       org.eclipse.core.internal.content.ContentTypeManager::getCatalog (65 bytes)
Event: 9.848 Thread 0x0000022258937f80 nmethod 10391 0x0000022243823310 code [0x0000022243823500, 0x0000022243823968]
Event: 9.848 Thread 0x0000022258937f80 10394       2       java.util.concurrent.locks.AbstractQueuedSynchronizer$Node::setStatusRelaxed (12 bytes)
Event: 9.848 Thread 0x0000022258937f80 nmethod 10394 0x0000022243823b90 code [0x0000022243823d20, 0x0000022243823e38]
Event: 9.848 Thread 0x0000022258937f80 10393       2       java.nio.charset.CharsetDecoder::implFlush (4 bytes)

GC Heap History (20 events):
Event: 9.147 GC heap before
{Heap before GC invocations=70 (full 4):
 PSYoungGen      total 13312K, used 13283K [0x00000000eab00000, 0x00000000ebf80000, 0x0000000100000000)
  eden space 10752K, 100% used [0x00000000eab00000,0x00000000eb580000,0x00000000eb580000)
  from space 2560K, 98% used [0x00000000eba80000,0x00000000ebcf8d60,0x00000000ebd00000)
  to   space 5120K, 0% used [0x00000000eb580000,0x00000000eb580000,0x00000000eba80000)
 ParOldGen       total 117760K, used 115221K [0x00000000c0000000, 0x00000000c7300000, 0x00000000eab00000)
  object space 117760K, 97% used [0x00000000c0000000,0x00000000c7085700,0x00000000c7300000)
 Metaspace       used 63947K, committed 64960K, reserved 1114112K
  class space    used 6626K, committed 7040K, reserved 1048576K
}
Event: 9.151 GC heap after
{Heap after GC invocations=70 (full 4):
 PSYoungGen      total 13312K, used 2405K [0x00000000eab00000, 0x00000000ebc80000, 0x0000000100000000)
  eden space 10752K, 0% used [0x00000000eab00000,0x00000000eab00000,0x00000000eb580000)
  from space 2560K, 93% used [0x00000000eb580000,0x00000000eb7d94d8,0x00000000eb800000)
  to   space 3584K, 0% used [0x00000000eb900000,0x00000000eb900000,0x00000000ebc80000)
 ParOldGen       total 117760K, used 117730K [0x00000000c0000000, 0x00000000c7300000, 0x00000000eab00000)
  object space 117760K, 99% used [0x00000000c0000000,0x00000000c72f8be0,0x00000000c7300000)
 Metaspace       used 63947K, committed 64960K, reserved 1114112K
  class space    used 6626K, committed 7040K, reserved 1048576K
}
Event: 9.218 GC heap before
{Heap before GC invocations=71 (full 5):
 PSYoungGen      total 13312K, used 13157K [0x00000000eab00000, 0x00000000ebc80000, 0x0000000100000000)
  eden space 10752K, 100% used [0x00000000eab00000,0x00000000eb580000,0x00000000eb580000)
  from space 2560K, 93% used [0x00000000eb580000,0x00000000eb7d94d8,0x00000000eb800000)
  to   space 3584K, 0% used [0x00000000eb900000,0x00000000eb900000,0x00000000ebc80000)
 ParOldGen       total 117760K, used 117730K [0x00000000c0000000, 0x00000000c7300000, 0x00000000eab00000)
  object space 117760K, 99% used [0x00000000c0000000,0x00000000c72f8be0,0x00000000c7300000)
 Metaspace       used 64037K, committed 65088K, reserved 1114112K
  class space    used 6626K, committed 7040K, reserved 1048576K
}
Event: 9.289 GC heap after
{Heap after GC invocations=71 (full 5):
 PSYoungGen      total 14336K, used 0K [0x00000000eab00000, 0x00000000ebc80000, 0x0000000100000000)
  eden space 10752K, 0% used [0x00000000eab00000,0x00000000eab00000,0x00000000eb580000)
  from space 3584K, 0% used [0x00000000eb900000,0x00000000eb900000,0x00000000ebc80000)
  to   space 3584K, 0% used [0x00000000eb580000,0x00000000eb580000,0x00000000eb900000)
 ParOldGen       total 117760K, used 114735K [0x00000000c0000000, 0x00000000c7300000, 0x00000000eab00000)
  object space 117760K, 97% used [0x00000000c0000000,0x00000000c700bca8,0x00000000c7300000)
 Metaspace       used 64037K, committed 65088K, reserved 1114112K
  class space    used 6626K, committed 7040K, reserved 1048576K
}
Event: 9.330 GC heap before
{Heap before GC invocations=72 (full 5):
 PSYoungGen      total 14336K, used 10752K [0x00000000eab00000, 0x00000000ebc80000, 0x0000000100000000)
  eden space 10752K, 100% used [0x00000000eab00000,0x00000000eb580000,0x00000000eb580000)
  from space 3584K, 0% used [0x00000000eb900000,0x00000000eb900000,0x00000000ebc80000)
  to   space 3584K, 0% used [0x00000000eb580000,0x00000000eb580000,0x00000000eb900000)
 ParOldGen       total 117760K, used 114735K [0x00000000c0000000, 0x00000000c7300000, 0x00000000eab00000)
  object space 117760K, 97% used [0x00000000c0000000,0x00000000c700bca8,0x00000000c7300000)
 Metaspace       used 64145K, committed 65152K, reserved 1114112K
  class space    used 6634K, committed 7040K, reserved 1048576K
}
Event: 9.332 GC heap after
{Heap after GC invocations=72 (full 5):
 PSYoungGen      total 12800K, used 1649K [0x00000000eab00000, 0x00000000eba80000, 0x0000000100000000)
  eden space 10752K, 0% used [0x00000000eab00000,0x00000000eab00000,0x00000000eb580000)
  from space 2048K, 80% used [0x00000000eb580000,0x00000000eb71c790,0x00000000eb780000)
  to   space 2560K, 0% used [0x00000000eb800000,0x00000000eb800000,0x00000000eba80000)
 ParOldGen       total 117760K, used 114743K [0x00000000c0000000, 0x00000000c7300000, 0x00000000eab00000)
  object space 117760K, 97% used [0x00000000c0000000,0x00000000c700dca8,0x00000000c7300000)
 Metaspace       used 64145K, committed 65152K, reserved 1114112K
  class space    used 6634K, committed 7040K, reserved 1048576K
}
Event: 9.353 GC heap before
{Heap before GC invocations=73 (full 5):
 PSYoungGen      total 12800K, used 12401K [0x00000000eab00000, 0x00000000eba80000, 0x0000000100000000)
  eden space 10752K, 100% used [0x00000000eab00000,0x00000000eb580000,0x00000000eb580000)
  from space 2048K, 80% used [0x00000000eb580000,0x00000000eb71c790,0x00000000eb780000)
  to   space 2560K, 0% used [0x00000000eb800000,0x00000000eb800000,0x00000000eba80000)
 ParOldGen       total 117760K, used 114743K [0x00000000c0000000, 0x00000000c7300000, 0x00000000eab00000)
  object space 117760K, 97% used [0x00000000c0000000,0x00000000c700dca8,0x00000000c7300000)
 Metaspace       used 64203K, committed 65280K, reserved 1114112K
  class space    used 6645K, committed 7104K, reserved 1048576K
}
Event: 9.356 GC heap after
{Heap after GC invocations=73 (full 5):
 PSYoungGen      total 12288K, used 2558K [0x00000000eab00000, 0x00000000ebc80000, 0x0000000100000000)
  eden space 9728K, 0% used [0x00000000eab00000,0x00000000eab00000,0x00000000eb480000)
  from space 2560K, 99% used [0x00000000eb800000,0x00000000eba7f8d8,0x00000000eba80000)
  to   space 3584K, 0% used [0x00000000eb480000,0x00000000eb480000,0x00000000eb800000)
 ParOldGen       total 117760K, used 115239K [0x00000000c0000000, 0x00000000c7300000, 0x00000000eab00000)
  object space 117760K, 97% used [0x00000000c0000000,0x00000000c7089e90,0x00000000c7300000)
 Metaspace       used 64203K, committed 65280K, reserved 1114112K
  class space    used 6645K, committed 7104K, reserved 1048576K
}
Event: 9.403 GC heap before
{Heap before GC invocations=74 (full 5):
 PSYoungGen      total 12288K, used 12286K [0x00000000eab00000, 0x00000000ebc80000, 0x0000000100000000)
  eden space 9728K, 100% used [0x00000000eab00000,0x00000000eb480000,0x00000000eb480000)
  from space 2560K, 99% used [0x00000000eb800000,0x00000000eba7f8d8,0x00000000eba80000)
  to   space 3584K, 0% used [0x00000000eb480000,0x00000000eb480000,0x00000000eb800000)
 ParOldGen       total 117760K, used 115239K [0x00000000c0000000, 0x00000000c7300000, 0x00000000eab00000)
  object space 117760K, 97% used [0x00000000c0000000,0x00000000c7089e90,0x00000000c7300000)
 Metaspace       used 64312K, committed 65408K, reserved 1114112K
  class space    used 6655K, committed 7104K, reserved 1048576K
}
Event: 9.405 GC heap after
{Heap after GC invocations=74 (full 5):
 PSYoungGen      total 12800K, used 2913K [0x00000000eab00000, 0x00000000eba80000, 0x0000000100000000)
  eden space 9728K, 0% used [0x00000000eab00000,0x00000000eab00000,0x00000000eb480000)
  from space 3072K, 94% used [0x00000000eb480000,0x00000000eb7585a0,0x00000000eb780000)
  to   space 3072K, 0% used [0x00000000eb780000,0x00000000eb780000,0x00000000eba80000)
 ParOldGen       total 117760K, used 116389K [0x00000000c0000000, 0x00000000c7300000, 0x00000000eab00000)
  object space 117760K, 98% used [0x00000000c0000000,0x00000000c71a9668,0x00000000c7300000)
 Metaspace       used 64312K, committed 65408K, reserved 1114112K
  class space    used 6655K, committed 7104K, reserved 1048576K
}
Event: 9.469 GC heap before
{Heap before GC invocations=75 (full 5):
 PSYoungGen      total 12800K, used 12641K [0x00000000eab00000, 0x00000000eba80000, 0x0000000100000000)
  eden space 9728K, 100% used [0x00000000eab00000,0x00000000eb480000,0x00000000eb480000)
  from space 3072K, 94% used [0x00000000eb480000,0x00000000eb7585a0,0x00000000eb780000)
  to   space 3072K, 0% used [0x00000000eb780000,0x00000000eb780000,0x00000000eba80000)
 ParOldGen       total 117760K, used 116389K [0x00000000c0000000, 0x00000000c7300000, 0x00000000eab00000)
  object space 117760K, 98% used [0x00000000c0000000,0x00000000c71a9668,0x00000000c7300000)
 Metaspace       used 64661K, committed 65728K, reserved 1114112K
  class space    used 6704K, committed 7168K, reserved 1048576K
}
Event: 9.471 GC heap after
{Heap after GC invocations=75 (full 5):
 PSYoungGen      total 11264K, used 3052K [0x00000000eab00000, 0x00000000ebd80000, 0x0000000100000000)
  eden space 8192K, 0% used [0x00000000eab00000,0x00000000eab00000,0x00000000eb300000)
  from space 3072K, 99% used [0x00000000eb780000,0x00000000eba7b388,0x00000000eba80000)
  to   space 4608K, 0% used [0x00000000eb300000,0x00000000eb300000,0x00000000eb780000)
 ParOldGen       total 117760K, used 117393K [0x00000000c0000000, 0x00000000c7300000, 0x00000000eab00000)
  object space 117760K, 99% used [0x00000000c0000000,0x00000000c72a4710,0x00000000c7300000)
 Metaspace       used 64661K, committed 65728K, reserved 1114112K
  class space    used 6704K, committed 7168K, reserved 1048576K
}
Event: 9.546 GC heap before
{Heap before GC invocations=76 (full 6):
 PSYoungGen      total 11264K, used 11244K [0x00000000eab00000, 0x00000000ebd80000, 0x0000000100000000)
  eden space 8192K, 100% used [0x00000000eab00000,0x00000000eb300000,0x00000000eb300000)
  from space 3072K, 99% used [0x00000000eb780000,0x00000000eba7b388,0x00000000eba80000)
  to   space 4608K, 0% used [0x00000000eb300000,0x00000000eb300000,0x00000000eb780000)
 ParOldGen       total 117760K, used 117393K [0x00000000c0000000, 0x00000000c7300000, 0x00000000eab00000)
  object space 117760K, 99% used [0x00000000c0000000,0x00000000c72a4710,0x00000000c7300000)
 Metaspace       used 64750K, committed 65856K, reserved 1114112K
  class space    used 6711K, committed 7168K, reserved 1048576K
}
Event: 9.628 GC heap after
{Heap after GC invocations=76 (full 6):
 PSYoungGen      total 12800K, used 0K [0x00000000eab00000, 0x00000000ebc00000, 0x0000000100000000)
  eden space 8192K, 0% used [0x00000000eab00000,0x00000000eab00000,0x00000000eb300000)
  from space 4608K, 0% used [0x00000000eb300000,0x00000000eb300000,0x00000000eb780000)
  to   space 4608K, 0% used [0x00000000eb780000,0x00000000eb780000,0x00000000ebc00000)
 ParOldGen       total 138752K, used 113840K [0x00000000c0000000, 0x00000000c8780000, 0x00000000eab00000)
  object space 138752K, 82% used [0x00000000c0000000,0x00000000c6f2c2f0,0x00000000c8780000)
 Metaspace       used 64750K, committed 65856K, reserved 1114112K
  class space    used 6711K, committed 7168K, reserved 1048576K
}
Event: 9.687 GC heap before
{Heap before GC invocations=77 (full 6):
 PSYoungGen      total 12800K, used 8192K [0x00000000eab00000, 0x00000000ebc00000, 0x0000000100000000)
  eden space 8192K, 100% used [0x00000000eab00000,0x00000000eb300000,0x00000000eb300000)
  from space 4608K, 0% used [0x00000000eb300000,0x00000000eb300000,0x00000000eb780000)
  to   space 4608K, 0% used [0x00000000eb780000,0x00000000eb780000,0x00000000ebc00000)
 ParOldGen       total 138752K, used 113840K [0x00000000c0000000, 0x00000000c8780000, 0x00000000eab00000)
  object space 138752K, 82% used [0x00000000c0000000,0x00000000c6f2c2f0,0x00000000c8780000)
 Metaspace       used 64758K, committed 65856K, reserved 1114112K
  class space    used 6711K, committed 7168K, reserved 1048576K
}
Event: 9.689 GC heap after
{Heap after GC invocations=77 (full 6):
 PSYoungGen      total 10240K, used 1788K [0x00000000eab00000, 0x00000000eb980000, 0x0000000100000000)
  eden space 8192K, 0% used [0x00000000eab00000,0x00000000eab00000,0x00000000eb300000)
  from space 2048K, 87% used [0x00000000eb780000,0x00000000eb93f390,0x00000000eb980000)
  to   space 3072K, 0% used [0x00000000eb380000,0x00000000eb380000,0x00000000eb680000)
 ParOldGen       total 138752K, used 113840K [0x00000000c0000000, 0x00000000c8780000, 0x00000000eab00000)
  object space 138752K, 82% used [0x00000000c0000000,0x00000000c6f2c2f0,0x00000000c8780000)
 Metaspace       used 64758K, committed 65856K, reserved 1114112K
  class space    used 6711K, committed 7168K, reserved 1048576K
}
Event: 9.729 GC heap before
{Heap before GC invocations=78 (full 6):
 PSYoungGen      total 10240K, used 9980K [0x00000000eab00000, 0x00000000eb980000, 0x0000000100000000)
  eden space 8192K, 100% used [0x00000000eab00000,0x00000000eb300000,0x00000000eb300000)
  from space 2048K, 87% used [0x00000000eb780000,0x00000000eb93f390,0x00000000eb980000)
  to   space 3072K, 0% used [0x00000000eb380000,0x00000000eb380000,0x00000000eb680000)
 ParOldGen       total 138752K, used 113840K [0x00000000c0000000, 0x00000000c8780000, 0x00000000eab00000)
  object space 138752K, 82% used [0x00000000c0000000,0x00000000c6f2c2f0,0x00000000c8780000)
 Metaspace       used 64759K, committed 65856K, reserved 1114112K
  class space    used 6711K, committed 7168K, reserved 1048576K
}
Event: 9.730 GC heap after
{Heap after GC invocations=78 (full 6):
 PSYoungGen      total 11264K, used 3057K [0x00000000eab00000, 0x00000000eba00000, 0x0000000100000000)
  eden space 8192K, 0% used [0x00000000eab00000,0x00000000eab00000,0x00000000eb300000)
  from space 3072K, 99% used [0x00000000eb380000,0x00000000eb67c618,0x00000000eb680000)
  to   space 3584K, 0% used [0x00000000eb680000,0x00000000eb680000,0x00000000eba00000)
 ParOldGen       total 138752K, used 113960K [0x00000000c0000000, 0x00000000c8780000, 0x00000000eab00000)
  object space 138752K, 82% used [0x00000000c0000000,0x00000000c6f4a2f0,0x00000000c8780000)
 Metaspace       used 64759K, committed 65856K, reserved 1114112K
  class space    used 6711K, committed 7168K, reserved 1048576K
}
Event: 9.778 GC heap before
{Heap before GC invocations=79 (full 6):
 PSYoungGen      total 11264K, used 11249K [0x00000000eab00000, 0x00000000eba00000, 0x0000000100000000)
  eden space 8192K, 100% used [0x00000000eab00000,0x00000000eb300000,0x00000000eb300000)
  from space 3072K, 99% used [0x00000000eb380000,0x00000000eb67c618,0x00000000eb680000)
  to   space 3584K, 0% used [0x00000000eb680000,0x00000000eb680000,0x00000000eba00000)
 ParOldGen       total 138752K, used 113960K [0x00000000c0000000, 0x00000000c8780000, 0x00000000eab00000)
  object space 138752K, 82% used [0x00000000c0000000,0x00000000c6f4a2f0,0x00000000c8780000)
 Metaspace       used 64796K, committed 65856K, reserved 1114112K
  class space    used 6712K, committed 7168K, reserved 1048576K
}
Event: 9.781 GC heap after
{Heap after GC invocations=79 (full 6):
 PSYoungGen      total 11776K, used 3554K [0x00000000eab00000, 0x00000000eba00000, 0x0000000100000000)
  eden space 8192K, 0% used [0x00000000eab00000,0x00000000eab00000,0x00000000eb300000)
  from space 3584K, 99% used [0x00000000eb680000,0x00000000eb9f89f0,0x00000000eba00000)
  to   space 3072K, 0% used [0x00000000eb380000,0x00000000eb380000,0x00000000eb680000)
 ParOldGen       total 138752K, used 115914K [0x00000000c0000000, 0x00000000c8780000, 0x00000000eab00000)
  object space 138752K, 83% used [0x00000000c0000000,0x00000000c7132ac0,0x00000000c8780000)
 Metaspace       used 64796K, committed 65856K, reserved 1114112K
  class space    used 6712K, committed 7168K, reserved 1048576K
}

Dll operation events (10 events):
Event: 0.022 Loaded shared library c:\Users\tuant\.vscode\extensions\redhat.java-1.37.0-win32-x64\jre\17.0.13-win32-x86_64\bin\java.dll
Event: 0.133 Loaded shared library c:\Users\tuant\.vscode\extensions\redhat.java-1.37.0-win32-x64\jre\17.0.13-win32-x86_64\bin\zip.dll
Event: 0.136 Loaded shared library C:\Users\tuant\.vscode\extensions\redhat.java-1.37.0-win32-x64\jre\17.0.13-win32-x86_64\bin\instrument.dll
Event: 0.145 Loaded shared library C:\Users\tuant\.vscode\extensions\redhat.java-1.37.0-win32-x64\jre\17.0.13-win32-x86_64\bin\net.dll
Event: 0.146 Loaded shared library C:\Users\tuant\.vscode\extensions\redhat.java-1.37.0-win32-x64\jre\17.0.13-win32-x86_64\bin\nio.dll
Event: 0.151 Loaded shared library C:\Users\tuant\.vscode\extensions\redhat.java-1.37.0-win32-x64\jre\17.0.13-win32-x86_64\bin\zip.dll
Event: 0.165 Loaded shared library C:\Users\tuant\.vscode\extensions\redhat.java-1.37.0-win32-x64\jre\17.0.13-win32-x86_64\bin\jimage.dll
Event: 0.215 Loaded shared library c:\Users\tuant\.vscode\extensions\redhat.java-1.37.0-win32-x64\jre\17.0.13-win32-x86_64\bin\verify.dll
Event: 1.136 Loaded shared library C:\Users\tuant\AppData\Roaming\Code\User\globalStorage\redhat.java\1.37.0\config_win\org.eclipse.equinox.launcher\org.eclipse.equinox.launcher.win32.win32.x86_64_1.2.1100.v20240722-2106\eclipse_11904.dll
Event: 2.791 Loaded shared library C:\Users\tuant\AppData\Local\Temp\jna-110710726\jna2589181277222888028.dll

Deoptimization events (20 events):
Event: 9.525 Thread 0x000002225b2d6440 Uncommon trap: trap_request=0xffffffc6 fr.pc=0x000002224a3ad6a4 relative=0x0000000000001d84
Event: 9.525 Thread 0x000002225b2d6440 Uncommon trap: reason=bimorphic_or_optimized_type_check action=maybe_recompile pc=0x000002224a3ad6a4 method=org.eclipse.core.internal.dtree.AbstractDataTreeNode.assembleWith(Lorg/eclipse/core/internal/dtree/AbstractDataTreeNode;Lorg/eclipse/core/runtime/I
Event: 9.525 Thread 0x000002225b2d6440 DEOPT PACKING pc=0x000002224a3ad6a4 sp=0x0000006498bfda50
Event: 9.525 Thread 0x000002225b2d6440 DEOPT UNPACKING pc=0x0000022249ba66a3 sp=0x0000006498bfda48 mode 2
Event: 9.526 Thread 0x000002225b2d6440 Uncommon trap: trap_request=0xffffff66 fr.pc=0x000002224a3ad508 relative=0x0000000000001be8
Event: 9.526 Thread 0x000002225b2d6440 Uncommon trap: reason=speculate_class_check action=maybe_recompile pc=0x000002224a3ad508 method=org.eclipse.core.internal.dtree.AbstractDataTreeNode.assembleWith(Lorg/eclipse/core/internal/dtree/AbstractDataTreeNode;Lorg/eclipse/core/runtime/IPath;I)Lorg/
Event: 9.526 Thread 0x000002225b2d6440 DEOPT PACKING pc=0x000002224a3ad508 sp=0x0000006498bfdcf0
Event: 9.526 Thread 0x000002225b2d6440 DEOPT UNPACKING pc=0x0000022249ba66a3 sp=0x0000006498bfdc28 mode 2
Event: 9.532 Thread 0x000002225b2d6440 Uncommon trap: trap_request=0xffffffde fr.pc=0x000002224a4365bc relative=0x00000000000003dc
Event: 9.532 Thread 0x000002225b2d6440 Uncommon trap: reason=class_check action=maybe_recompile pc=0x000002224a4365bc method=org.eclipse.core.internal.dtree.DeltaDataTree.lookup(Lorg/eclipse/core/runtime/IPath;)Lorg/eclipse/core/internal/dtree/DataTreeLookup; @ 125 c2
Event: 9.532 Thread 0x000002225b2d6440 DEOPT PACKING pc=0x000002224a4365bc sp=0x0000006498bfe270
Event: 9.532 Thread 0x000002225b2d6440 DEOPT UNPACKING pc=0x0000022249ba66a3 sp=0x0000006498bfe1f8 mode 2
Event: 9.638 Thread 0x000002225b2d87b0 DEOPT PACKING pc=0x0000022243780030 sp=0x0000006498cfe620
Event: 9.638 Thread 0x000002225b2d87b0 DEOPT UNPACKING pc=0x0000022249ba6e43 sp=0x0000006498cfdc08 mode 0
Event: 9.642 Thread 0x000002225b2d87b0 DEOPT PACKING pc=0x0000022242a05745 sp=0x0000006498cfe4e0
Event: 9.642 Thread 0x000002225b2d87b0 DEOPT UNPACKING pc=0x0000022249ba6e43 sp=0x0000006498cfd8e8 mode 0
Event: 9.747 Thread 0x000002225dafe930 Uncommon trap: trap_request=0xffffffc6 fr.pc=0x000002224a231aa8 relative=0x00000000000003e8
Event: 9.747 Thread 0x000002225dafe930 Uncommon trap: reason=bimorphic_or_optimized_type_check action=maybe_recompile pc=0x000002224a231aa8 method=java.util.Arrays.binarySearch0([Ljava/lang/Object;IILjava/lang/Object;Ljava/util/Comparator;)I @ 48 c2
Event: 9.747 Thread 0x000002225dafe930 DEOPT PACKING pc=0x000002224a231aa8 sp=0x000000649b9fe730
Event: 9.747 Thread 0x000002225dafe930 DEOPT UNPACKING pc=0x0000022249ba66a3 sp=0x000000649b9fe6d8 mode 2

Classes loaded (20 events):
Event: 8.278 Loading class java/util/concurrent/ConcurrentHashMap$KeySpliterator
Event: 8.279 Loading class java/util/concurrent/ConcurrentHashMap$KeySpliterator done
Event: 8.305 Loading class java/nio/channels/Channels$1
Event: 8.305 Loading class java/nio/channels/Channels$1 done
Event: 9.435 Loading class java/util/concurrent/CompletableFuture$AltResult
Event: 9.435 Loading class java/util/concurrent/CompletableFuture$AltResult done
Event: 9.435 Loading class java/util/concurrent/CompletableFuture$Completion
Event: 9.436 Loading class java/util/concurrent/CompletableFuture$AsynchronousCompletionTask
Event: 9.436 Loading class java/util/concurrent/CompletableFuture$AsynchronousCompletionTask done
Event: 9.436 Loading class java/util/concurrent/CompletableFuture$Completion done
Event: 9.440 Loading class sun/nio/ch/WindowsAsynchronousFileChannelImpl$WriteTask
Event: 9.440 Loading class sun/nio/ch/WindowsAsynchronousFileChannelImpl$WriteTask done
Event: 9.456 Loading class jdk/internal/math/FormattedFloatingDecimal$Form
Event: 9.456 Loading class jdk/internal/math/FormattedFloatingDecimal$Form done
Event: 9.456 Loading class jdk/internal/math/FormattedFloatingDecimal
Event: 9.456 Loading class jdk/internal/math/FormattedFloatingDecimal done
Event: 9.456 Loading class jdk/internal/math/FormattedFloatingDecimal$1
Event: 9.456 Loading class jdk/internal/math/FormattedFloatingDecimal$1 done
Event: 9.456 Loading class jdk/internal/math/FormattedFloatingDecimal$2
Event: 9.456 Loading class jdk/internal/math/FormattedFloatingDecimal$2 done

Classes unloaded (20 events):
Event: 4.159 Thread 0x0000022258913c70 Unloading class 0x0000000100251c00 'java/lang/invoke/LambdaForm$MH+0x0000000100251c00'
Event: 4.159 Thread 0x0000022258913c70 Unloading class 0x0000000100251800 'java/lang/invoke/LambdaForm$MH+0x0000000100251800'
Event: 4.159 Thread 0x0000022258913c70 Unloading class 0x0000000100251400 'java/lang/invoke/LambdaForm$MH+0x0000000100251400'
Event: 4.159 Thread 0x0000022258913c70 Unloading class 0x0000000100251000 'java/lang/invoke/LambdaForm$BMH+0x0000000100251000'
Event: 4.159 Thread 0x0000022258913c70 Unloading class 0x0000000100250c00 'java/lang/invoke/LambdaForm$DMH+0x0000000100250c00'
Event: 4.159 Thread 0x0000022258913c70 Unloading class 0x000000010024c400 'java/lang/invoke/LambdaForm$DMH+0x000000010024c400'
Event: 7.114 Thread 0x0000022258913c70 Unloading class 0x0000000100423800 'java/lang/invoke/LambdaForm$MH+0x0000000100423800'
Event: 7.114 Thread 0x0000022258913c70 Unloading class 0x0000000100422c00 'java/lang/invoke/LambdaForm$MH+0x0000000100422c00'
Event: 7.114 Thread 0x0000022258913c70 Unloading class 0x0000000100422400 'java/lang/invoke/LambdaForm$MH+0x0000000100422400'
Event: 7.114 Thread 0x0000022258913c70 Unloading class 0x0000000100421c00 'java/lang/invoke/LambdaForm$MH+0x0000000100421c00'
Event: 7.114 Thread 0x0000022258913c70 Unloading class 0x0000000100421800 'java/lang/invoke/LambdaForm$DMH+0x0000000100421800'
Event: 7.114 Thread 0x0000022258913c70 Unloading class 0x0000000100420c00 'java/lang/invoke/LambdaForm$MH+0x0000000100420c00'
Event: 7.114 Thread 0x0000022258913c70 Unloading class 0x0000000100420800 'java/lang/invoke/LambdaForm$MH+0x0000000100420800'
Event: 7.114 Thread 0x0000022258913c70 Unloading class 0x000000010041a400 'java/lang/invoke/LambdaForm$MH+0x000000010041a400'
Event: 7.114 Thread 0x0000022258913c70 Unloading class 0x0000000100419c00 'java/lang/invoke/LambdaForm$MH+0x0000000100419c00'
Event: 7.115 Thread 0x0000022258913c70 Unloading class 0x0000000100419800 'java/lang/invoke/LambdaForm$MH+0x0000000100419800'
Event: 7.115 Thread 0x0000022258913c70 Unloading class 0x0000000100419000 'java/lang/invoke/LambdaForm$MH+0x0000000100419000'
Event: 7.115 Thread 0x0000022258913c70 Unloading class 0x0000000100418800 'java/lang/invoke/LambdaForm$MH+0x0000000100418800'
Event: 7.115 Thread 0x0000022258913c70 Unloading class 0x0000000100418000 'java/lang/invoke/LambdaForm$MH+0x0000000100418000'
Event: 7.115 Thread 0x0000022258913c70 Unloading class 0x0000000100415400 'java/lang/invoke/LambdaForm$MH+0x0000000100415400'

Classes redefined (0 events):
No events

Internal exceptions (20 events):
Event: 9.496 Thread 0x000002225bdc1830 Exception <a 'sun/nio/fs/WindowsException'{0x00000000eaef1eb0}> (0x00000000eaef1eb0) 
thrown [s\src\hotspot\share\prims\jni.cpp, line 516]
Event: 9.496 Thread 0x000002225b2d5510 Exception <a 'sun/nio/fs/WindowsException'{0x00000000eae86350}> (0x00000000eae86350) 
thrown [s\src\hotspot\share\prims\jni.cpp, line 516]
Event: 9.496 Thread 0x000002225bdc1830 Exception <a 'sun/nio/fs/WindowsException'{0x00000000eaef3540}> (0x00000000eaef3540) 
thrown [s\src\hotspot\share\prims\jni.cpp, line 516]
Event: 9.496 Thread 0x000002225bdc1830 Exception <a 'sun/nio/fs/WindowsException'{0x00000000eaf02200}> (0x00000000eaf02200) 
thrown [s\src\hotspot\share\prims\jni.cpp, line 516]
Event: 9.497 Thread 0x000002225bdc1d40 Exception <a 'sun/nio/fs/WindowsException'{0x00000000eaf0c1b0}> (0x00000000eaf0c1b0) 
thrown [s\src\hotspot\share\prims\jni.cpp, line 516]
Event: 9.497 Thread 0x000002225dafdf10 Exception <a 'sun/nio/fs/WindowsException'{0x00000000eaf058b0}> (0x00000000eaf058b0) 
thrown [s\src\hotspot\share\prims\jni.cpp, line 516]
Event: 9.497 Thread 0x000002225dafdf10 Exception <a 'sun/nio/fs/WindowsException'{0x00000000eaf153e0}> (0x00000000eaf153e0) 
thrown [s\src\hotspot\share\prims\jni.cpp, line 516]
Event: 9.498 Thread 0x000002225db01bd0 Exception <a 'sun/nio/fs/WindowsException'{0x00000000eaee4050}> (0x00000000eaee4050) 
thrown [s\src\hotspot\share\prims\jni.cpp, line 516]
Event: 9.498 Thread 0x000002225daff860 Exception <a 'sun/nio/fs/WindowsException'{0x00000000eaef7080}> (0x00000000eaef7080) 
thrown [s\src\hotspot\share\prims\jni.cpp, line 516]
Event: 9.499 Thread 0x000002225db01bd0 Exception <a 'sun/nio/fs/WindowsException'{0x00000000eaf1dd08}> (0x00000000eaf1dd08) 
thrown [s\src\hotspot\share\prims\jni.cpp, line 516]
Event: 9.499 Thread 0x000002225dafe420 Exception <a 'sun/nio/fs/WindowsException'{0x00000000eaee6858}> (0x00000000eaee6858) 
thrown [s\src\hotspot\share\prims\jni.cpp, line 516]
Event: 9.499 Thread 0x000002225b2d6e60 Exception <a 'sun/nio/fs/WindowsException'{0x00000000eaf4c038}> (0x00000000eaf4c038) 
thrown [s\src\hotspot\share\prims\jni.cpp, line 516]
Event: 9.499 Thread 0x000002225b2d6e60 Exception <a 'sun/nio/fs/WindowsException'{0x00000000eaf52920}> (0x00000000eaf52920) 
thrown [s\src\hotspot\share\prims\jni.cpp, line 516]
Event: 9.500 Thread 0x000002225bdc1d40 Exception <a 'sun/nio/fs/WindowsException'{0x00000000eaf4a850}> (0x00000000eaf4a850) 
thrown [s\src\hotspot\share\prims\jni.cpp, line 516]
Event: 9.502 Thread 0x000002225b2d6e60 Exception <a 'sun/nio/fs/WindowsException'{0x00000000eaf549d8}> (0x00000000eaf549d8) 
thrown [s\src\hotspot\share\prims\jni.cpp, line 516]
Event: 9.504 Thread 0x000002225b2d6e60 Exception <a 'sun/nio/fs/WindowsException'{0x00000000eaf885d0}> (0x00000000eaf885d0) 
thrown [s\src\hotspot\share\prims\jni.cpp, line 516]
Event: 9.505 Thread 0x000002225bdc03f0 Exception <a 'sun/nio/fs/WindowsException'{0x00000000eaee0ab0}> (0x00000000eaee0ab0) 
thrown [s\src\hotspot\share\prims\jni.cpp, line 516]
Event: 9.506 Thread 0x000002225dafdf10 Exception <a 'sun/nio/fs/WindowsException'{0x00000000eaf8fc68}> (0x00000000eaf8fc68) 
thrown [s\src\hotspot\share\prims\jni.cpp, line 516]
Event: 9.515 Thread 0x000002225b2d6440 Exception <a 'sun/nio/fs/WindowsException'{0x00000000eafebad0}> (0x00000000eafebad0) 
thrown [s\src\hotspot\share\prims\jni.cpp, line 516]
Event: 9.515 Thread 0x000002225dafda00 Exception <a 'sun/nio/fs/WindowsException'{0x00000000eaff0230}> (0x00000000eaff0230) 
thrown [s\src\hotspot\share\prims\jni.cpp, line 516]

VM Operations (20 events):
Event: 9.316 Executing VM operation: HandshakeAllThreads
Event: 9.316 Executing VM operation: HandshakeAllThreads done
Event: 9.330 Executing VM operation: ParallelGCFailedAllocation
Event: 9.332 Executing VM operation: ParallelGCFailedAllocation done
Event: 9.353 Executing VM operation: ParallelGCFailedAllocation
Event: 9.356 Executing VM operation: ParallelGCFailedAllocation done
Event: 9.403 Executing VM operation: ParallelGCFailedAllocation
Event: 9.405 Executing VM operation: ParallelGCFailedAllocation done
Event: 9.469 Executing VM operation: ParallelGCFailedAllocation
Event: 9.471 Executing VM operation: ParallelGCFailedAllocation done
Event: 9.488 Executing VM operation: HandshakeAllThreads
Event: 9.488 Executing VM operation: HandshakeAllThreads done
Event: 9.545 Executing VM operation: ParallelGCFailedAllocation
Event: 9.628 Executing VM operation: ParallelGCFailedAllocation done
Event: 9.687 Executing VM operation: ParallelGCFailedAllocation
Event: 9.689 Executing VM operation: ParallelGCFailedAllocation done
Event: 9.728 Executing VM operation: ParallelGCFailedAllocation
Event: 9.730 Executing VM operation: ParallelGCFailedAllocation done
Event: 9.778 Executing VM operation: ParallelGCFailedAllocation
Event: 9.781 Executing VM operation: ParallelGCFailedAllocation done

Memory protections (0 events):
No events

Nmethod flushes (20 events):
Event: 8.517 Thread 0x0000022258953a50 flushing  nmethod 0x000002224358ed10
Event: 8.517 Thread 0x0000022258953a50 flushing  nmethod 0x0000022243591690
Event: 8.517 Thread 0x0000022258953a50 flushing  nmethod 0x0000022243593e90
Event: 8.517 Thread 0x0000022258953a50 flushing  nmethod 0x0000022243596590
Event: 8.517 Thread 0x0000022258953a50 flushing  nmethod 0x0000022243598290
Event: 8.517 Thread 0x0000022258953a50 flushing  nmethod 0x00000222435abc10
Event: 8.517 Thread 0x0000022258953a50 flushing  nmethod 0x00000222435ac110
Event: 8.517 Thread 0x0000022258953a50 flushing  nmethod 0x00000222435af710
Event: 8.517 Thread 0x0000022258953a50 flushing  nmethod 0x00000222435b0d10
Event: 8.517 Thread 0x0000022258953a50 flushing  nmethod 0x00000222435b5590
Event: 8.517 Thread 0x0000022258953a50 flushing  nmethod 0x00000222435d6890
Event: 8.517 Thread 0x0000022258953a50 flushing  nmethod 0x00000222435f1690
Event: 8.517 Thread 0x0000022258953a50 flushing  nmethod 0x00000222435f1a90
Event: 8.517 Thread 0x0000022258953a50 flushing  nmethod 0x00000222435f2210
Event: 8.517 Thread 0x0000022258953a50 flushing  nmethod 0x0000022243605790
Event: 8.517 Thread 0x0000022258953a50 flushing  nmethod 0x0000022243626890
Event: 9.326 Thread 0x0000022258953a50 flushing  nmethod 0x0000022242eb0710
Event: 9.328 Thread 0x0000022258953a50 flushing  nmethod 0x0000022243003e90
Event: 9.336 Thread 0x0000022258953a50 flushing  nmethod 0x0000022243596f90
Event: 9.336 Thread 0x0000022258953a50 flushing  nmethod 0x0000022243638690

Events (20 events):
Event: 6.625 Thread 0x000002225b2d6440 Thread added: 0x000002225dafc0b0
Event: 6.625 Thread 0x000002225daffd70 Thread added: 0x000002225db00280
Event: 6.625 Thread 0x000002225dafc0b0 Thread added: 0x000002225db00790
Event: 6.625 Thread 0x000002225dafbba0 Thread added: 0x000002225db00ca0
Event: 6.625 Thread 0x000002225b2d6440 Thread added: 0x000002225dafcfe0
Event: 6.626 Thread 0x000002225b2d6440 Thread added: 0x000002225db011b0
Event: 6.626 Thread 0x000002225b2d6440 Thread added: 0x000002225db016c0
Event: 6.626 Thread 0x000002225b2d6440 Thread added: 0x000002225dafe930
Event: 8.132 Thread 0x000002225b2d6440 Thread added: 0x000002225dafcad0
Event: 8.298 Thread 0x000002225b2d6440 Thread added: 0x000002225dafb690
Event: 8.298 Thread 0x000002225b2d6440 Thread added: 0x000002225db020e0
Event: 8.323 Thread 0x000002225b2d6440 Thread added: 0x000002225db025f0
Event: 8.323 Thread 0x000002225b2d6440 Thread added: 0x000002225dafb180
Event: 8.323 Thread 0x000002225b2d6440 Thread added: 0x000002225db02b00
Event: 8.323 Thread 0x000002225b2d6440 Thread added: 0x000002226641a0f0
Event: 8.323 Thread 0x000002225b2d6440 Thread added: 0x0000022266419be0
Event: 8.323 Thread 0x000002225b2d6440 Thread added: 0x000002226641d390
Event: 8.323 Thread 0x000002225b2d6440 Thread added: 0x000002226641ba40
Event: 8.324 Thread 0x000002225b2d6440 Thread added: 0x000002226641ab10
Event: 8.476 Thread 0x000002225b2d8cc0 Thread exited: 0x000002225b2d8cc0


Dynamic libraries:
0x00007ff681d80000 - 0x00007ff681d8e000 	c:\Users\tuant\.vscode\extensions\redhat.java-1.37.0-win32-x64\jre\17.0.13-win32-x86_64\bin\java.exe
0x00007ffd510f0000 - 0x00007ffd51307000 	C:\WINDOWS\SYSTEM32\ntdll.dll
0x00007ffd4f1f0000 - 0x00007ffd4f2b4000 	C:\WINDOWS\System32\KERNEL32.DLL
0x00007ffd4e560000 - 0x00007ffd4e919000 	C:\WINDOWS\System32\KERNELBASE.dll
0x00007ffd4ecf0000 - 0x00007ffd4ee01000 	C:\WINDOWS\System32\ucrtbase.dll
0x00007ffd49590000 - 0x00007ffd495ae000 	c:\Users\tuant\.vscode\extensions\redhat.java-1.37.0-win32-x64\jre\17.0.13-win32-x86_64\bin\VCRUNTIME140.dll
0x00007ffd44020000 - 0x00007ffd44037000 	c:\Users\tuant\.vscode\extensions\redhat.java-1.37.0-win32-x64\jre\17.0.13-win32-x86_64\bin\jli.dll
0x00007ffd4ee10000 - 0x00007ffd4efbe000 	C:\WINDOWS\System32\USER32.dll
0x00007ffd4e460000 - 0x00007ffd4e486000 	C:\WINDOWS\System32\win32u.dll
0x00007ffd34760000 - 0x00007ffd349f2000 	C:\WINDOWS\WinSxS\amd64_microsoft.windows.common-controls_6595b64144ccf1df_6.0.22621.4391_none_2715d37f73803e96\COMCTL32.dll
0x00007ffd4f030000 - 0x00007ffd4f059000 	C:\WINDOWS\System32\GDI32.dll
0x00007ffd4f140000 - 0x00007ffd4f1e7000 	C:\WINDOWS\System32\msvcrt.dll
0x00007ffd4e920000 - 0x00007ffd4ea3b000 	C:\WINDOWS\System32\gdi32full.dll
0x00007ffd4e4c0000 - 0x00007ffd4e55a000 	C:\WINDOWS\System32\msvcp_win.dll
0x00007ffd50b20000 - 0x00007ffd50b51000 	C:\WINDOWS\System32\IMM32.DLL
0x00007ffd495c0000 - 0x00007ffd495cc000 	c:\Users\tuant\.vscode\extensions\redhat.java-1.37.0-win32-x64\jre\17.0.13-win32-x86_64\bin\vcruntime140_1.dll
0x00007ffd0f6c0000 - 0x00007ffd0f74d000 	c:\Users\tuant\.vscode\extensions\redhat.java-1.37.0-win32-x64\jre\17.0.13-win32-x86_64\bin\msvcp140.dll
0x00007ffcaf430000 - 0x00007ffcb009b000 	c:\Users\tuant\.vscode\extensions\redhat.java-1.37.0-win32-x64\jre\17.0.13-win32-x86_64\bin\server\jvm.dll
0x00007ffd50a60000 - 0x00007ffd50b12000 	C:\WINDOWS\System32\ADVAPI32.dll
0x00007ffd50b60000 - 0x00007ffd50c07000 	C:\WINDOWS\System32\sechost.dll
0x00007ffd4e490000 - 0x00007ffd4e4b8000 	C:\WINDOWS\System32\bcrypt.dll
0x00007ffd4fc10000 - 0x00007ffd4fd24000 	C:\WINDOWS\System32\RPCRT4.dll
0x00007ffd4f060000 - 0x00007ffd4f0d1000 	C:\WINDOWS\System32\WS2_32.dll
0x00007ffd4d260000 - 0x00007ffd4d2ad000 	C:\WINDOWS\SYSTEM32\POWRPROF.dll
0x00007ffd474e0000 - 0x00007ffd47514000 	C:\WINDOWS\SYSTEM32\WINMM.dll
0x00007ffd42c20000 - 0x00007ffd42c2a000 	C:\WINDOWS\SYSTEM32\VERSION.dll
0x00007ffd4d230000 - 0x00007ffd4d243000 	C:\WINDOWS\SYSTEM32\UMPDC.dll
0x00007ffd4d500000 - 0x00007ffd4d518000 	C:\WINDOWS\SYSTEM32\kernel.appcore.dll
0x00007ffd49540000 - 0x00007ffd4954a000 	c:\Users\tuant\.vscode\extensions\redhat.java-1.37.0-win32-x64\jre\17.0.13-win32-x86_64\bin\jimage.dll
0x00007ffd4b6b0000 - 0x00007ffd4b8e2000 	C:\WINDOWS\SYSTEM32\DBGHELP.DLL
0x00007ffd4fd30000 - 0x00007ffd500bf000 	C:\WINDOWS\System32\combase.dll
0x00007ffd505e0000 - 0x00007ffd506b7000 	C:\WINDOWS\System32\OLEAUT32.dll
0x00007ffd425c0000 - 0x00007ffd425f2000 	C:\WINDOWS\SYSTEM32\dbgcore.DLL
0x00007ffd4ebb0000 - 0x00007ffd4ec2b000 	C:\WINDOWS\System32\bcryptPrimitives.dll
0x00007ffd43e00000 - 0x00007ffd43e0e000 	c:\Users\tuant\.vscode\extensions\redhat.java-1.37.0-win32-x64\jre\17.0.13-win32-x86_64\bin\instrument.dll
0x00007ffd44050000 - 0x00007ffd44075000 	c:\Users\tuant\.vscode\extensions\redhat.java-1.37.0-win32-x64\jre\17.0.13-win32-x86_64\bin\java.dll
0x00007ffd4a2e0000 - 0x00007ffd4a2f8000 	c:\Users\tuant\.vscode\extensions\redhat.java-1.37.0-win32-x64\jre\17.0.13-win32-x86_64\bin\zip.dll
0x00007ffd4f370000 - 0x00007ffd4fbe6000 	C:\WINDOWS\System32\SHELL32.dll
0x00007ffd4c2f0000 - 0x00007ffd4cbf3000 	C:\WINDOWS\SYSTEM32\windows.storage.dll
0x00007ffd4c1b0000 - 0x00007ffd4c2ef000 	C:\WINDOWS\SYSTEM32\wintypes.dll
0x00007ffd50460000 - 0x00007ffd50559000 	C:\WINDOWS\System32\SHCORE.dll
0x00007ffd508a0000 - 0x00007ffd508fe000 	C:\WINDOWS\System32\shlwapi.dll
0x00007ffd4e320000 - 0x00007ffd4e34b000 	C:\WINDOWS\SYSTEM32\profapi.dll
0x00007ffd43fc0000 - 0x00007ffd43fd9000 	C:\Users\tuant\.vscode\extensions\redhat.java-1.37.0-win32-x64\jre\17.0.13-win32-x86_64\bin\net.dll
0x00007ffd4a860000 - 0x00007ffd4a996000 	C:\WINDOWS\SYSTEM32\WINHTTP.dll
0x00007ffd4d9a0000 - 0x00007ffd4da09000 	C:\WINDOWS\system32\mswsock.dll
0x00007ffd3e890000 - 0x00007ffd3e8a6000 	C:\Users\tuant\.vscode\extensions\redhat.java-1.37.0-win32-x64\jre\17.0.13-win32-x86_64\bin\nio.dll
0x00007ffd3e590000 - 0x00007ffd3e5a0000 	c:\Users\tuant\.vscode\extensions\redhat.java-1.37.0-win32-x64\jre\17.0.13-win32-x86_64\bin\verify.dll
0x00007ffd35a30000 - 0x00007ffd35a75000 	C:\Users\tuant\AppData\Roaming\Code\User\globalStorage\redhat.java\1.37.0\config_win\org.eclipse.equinox.launcher\org.eclipse.equinox.launcher.win32.win32.x86_64_1.2.1100.v20240722-2106\eclipse_11904.dll
0x00007ffd50290000 - 0x00007ffd50435000 	C:\WINDOWS\System32\ole32.dll
0x00007ffd4dbf0000 - 0x00007ffd4dc0b000 	C:\WINDOWS\SYSTEM32\CRYPTSP.dll
0x00007ffd4d460000 - 0x00007ffd4d495000 	C:\WINDOWS\system32\rsaenh.dll
0x00007ffd4da90000 - 0x00007ffd4dab8000 	C:\WINDOWS\SYSTEM32\USERENV.dll
0x00007ffd4dc10000 - 0x00007ffd4dc1c000 	C:\WINDOWS\SYSTEM32\CRYPTBASE.dll
0x00007ffd4cf10000 - 0x00007ffd4cf3d000 	C:\WINDOWS\SYSTEM32\IPHLPAPI.DLL
0x00007ffd4fc00000 - 0x00007ffd4fc09000 	C:\WINDOWS\System32\NSI.dll
0x00007ffd498b0000 - 0x00007ffd498c9000 	C:\WINDOWS\SYSTEM32\dhcpcsvc6.DLL
0x00007ffd49850000 - 0x00007ffd4986f000 	C:\WINDOWS\SYSTEM32\dhcpcsvc.DLL
0x00007ffd4cf90000 - 0x00007ffd4d092000 	C:\WINDOWS\SYSTEM32\DNSAPI.dll
0x00007ffd35240000 - 0x00007ffd35289000 	C:\Users\tuant\AppData\Local\Temp\jna-110710726\jna2589181277222888028.dll
0x00007ffd4fbf0000 - 0x00007ffd4fbf8000 	C:\WINDOWS\System32\PSAPI.DLL

dbghelp: loaded successfully - version: 4.0.5 - missing functions: none
symbol engine: initialized successfully - sym options: 0x614 - pdb path: .;c:\Users\tuant\.vscode\extensions\redhat.java-1.37.0-win32-x64\jre\17.0.13-win32-x86_64\bin;C:\WINDOWS\SYSTEM32;C:\WINDOWS\WinSxS\amd64_microsoft.windows.common-controls_6595b64144ccf1df_6.0.22621.4391_none_2715d37f73803e96;c:\Users\tuant\.vscode\extensions\redhat.java-1.37.0-win32-x64\jre\17.0.13-win32-x86_64\bin\server;C:\Users\tuant\AppData\Roaming\Code\User\globalStorage\redhat.java\1.37.0\config_win\org.eclipse.equinox.launcher\org.eclipse.equinox.launcher.win32.win32.x86_64_1.2.1100.v20240722-2106;C:\Users\tuant\AppData\Local\Temp\jna-110710726

VM Arguments:
jvm_args: --add-modules=ALL-SYSTEM --add-opens=java.base/java.util=ALL-UNNAMED --add-opens=java.base/java.lang=ALL-UNNAMED --add-opens=java.base/sun.nio.fs=ALL-UNNAMED -Declipse.application=org.eclipse.jdt.ls.core.id1 -Dosgi.bundles.defaultStartLevel=4 -Declipse.product=org.eclipse.jdt.ls.core.product -Djava.import.generatesMetadataFilesAtProjectRoot=false -DDetectVMInstallationsJob.disabled=true -Dfile.encoding=utf8 -XX:+UseParallelGC -XX:GCTimeRatio=4 -XX:AdaptiveSizePolicyWeight=90 -Dsun.zip.disableMemoryMapping=true -Xmx1G -Xms100m -Xlog:disable -javaagent:c:\Users\tuant\.vscode\extensions\redhat.java-1.37.0-win32-x64\lombok\lombok-1.18.34.jar -XX:+HeapDumpOnOutOfMemoryError -XX:HeapDumpPath=c:\Users\tuant\AppData\Roaming\Code\User\workspaceStorage\9255a2486ce90b51e51345d54823f42f\redhat.java -Daether.dependencyCollector.impl=bf 
java_command: c:\Users\tuant\.vscode\extensions\redhat.java-1.37.0-win32-x64\server\plugins\org.eclipse.equinox.launcher_1.6.900.v20240613-2009.jar -configuration c:\Users\tuant\AppData\Roaming\Code\User\globalStorage\redhat.java\1.37.0\config_win -data c:\Users\tuant\AppData\Roaming\Code\User\workspaceStorage\9255a2486ce90b51e51345d54823f42f\redhat.java\jdt_ws --pipe=\\.\pipe\lsp-9fdbed5d3b41977e261157c075b3d290-sock
java_class_path (initial): c:\Users\tuant\.vscode\extensions\redhat.java-1.37.0-win32-x64\server\plugins\org.eclipse.equinox.launcher_1.6.900.v20240613-2009.jar
Launcher Type: SUN_STANDARD

[Global flags]
    uintx AdaptiveSizePolicyWeight                 = 90                                        {product} {command line}
     intx CICompilerCount                          = 4                                         {product} {ergonomic}
    uintx GCTimeRatio                              = 4                                         {product} {command line}
     bool HeapDumpOnOutOfMemoryError               = true                                   {manageable} {command line}
    ccstr HeapDumpPath                             = c:\Users\tuant\AppData\Roaming\Code\User\workspaceStorage\9255a2486ce90b51e51345d54823f42f\redhat.java         {manageable} {command line}
   size_t InitialHeapSize                          = 104857600                                 {product} {command line}
   size_t MaxHeapSize                              = 1073741824                                {product} {command line}
   size_t MaxNewSize                               = 357564416                                 {product} {ergonomic}
   size_t MinHeapDeltaBytes                        = 524288                                    {product} {ergonomic}
   size_t MinHeapSize                              = 104857600                                 {product} {command line}
   size_t NewSize                                  = 34603008                                  {product} {ergonomic}
    uintx NonNMethodCodeHeapSize                   = 5839372                                {pd product} {ergonomic}
    uintx NonProfiledCodeHeapSize                  = 122909434                              {pd product} {ergonomic}
   size_t OldSize                                  = 70254592                                  {product} {ergonomic}
    uintx ProfiledCodeHeapSize                     = 122909434                              {pd product} {ergonomic}
    uintx ReservedCodeCacheSize                    = 251658240                              {pd product} {ergonomic}
     bool SegmentedCodeCache                       = true                                      {product} {ergonomic}
   size_t SoftMaxHeapSize                          = 1073741824                             {manageable} {ergonomic}
     bool UseCompressedClassPointers               = true                           {product lp64_product} {ergonomic}
     bool UseCompressedOops                        = true                           {product lp64_product} {ergonomic}
     bool UseLargePagesIndividualAllocation        = false                                  {pd product} {ergonomic}
     bool UseParallelGC                            = true                                      {product} {command line}

Logging:
Log output configuration:
 #0: stdout all=off uptime,level,tags
 #1: stderr all=off uptime,level,tags

Environment Variables:
JAVA_HOME=C:\Program Files\java\jdk-17.0.12
PATH=C:\Python312\Scripts\;C:\Python312\;C:\Windows\system32;C:\Windows;C:\Windows\System32\Wbem;C:\Windows\System32\WindowsPowerShell\v1.0\;C:\Windows\System32\OpenSSH\;C:\Program Files (x86)\NVIDIA Corporation\PhysX\Common;C:\Program Files\NVIDIA Corporation\NVIDIA NvDLISR;C:\WINDOWS\system32;C:\WINDOWS;C:\WINDOWS\System32\Wbem;C:\WINDOWS\System32\WindowsPowerShell\v1.0\;C:\WINDOWS\System32\OpenSSH\;C:\Program Files\java\jdk-17.0.12\bin;C:\Program Files\Cloudflare\Cloudflare WARP\;C:\ProgramData\chocolatey\bin;C:\Users\tuant\AppData\Local\Android\Sdk\platform-tools;C:\Program Files\Git\cmd;C:\Program Files\Git\bin;C:\Program Files\MongoDB\Server\8.0\bin;C:\Program Files\mongosh-2.3.3-win32-x64\bin;C:\Program Files\nodejs\;C:\Users\tuant\AppData\Local\Microsoft\WindowsApps;D:\Microsoft VS Code\bin;C:\Users\tuant\AppData\Local\GitHubDesktop\bin;C:\Users\tuant\AppData\Local\Programs\mongosh\;C:\Users\tuant\AppData\Roaming\npm
USERNAME=tuant
OS=Windows_NT
PROCESSOR_IDENTIFIER=Intel64 Family 6 Model 154 Stepping 3, GenuineIntel
TMP=C:\Users\tuant\AppData\Local\Temp
TEMP=C:\Users\tuant\AppData\Local\Temp



Periodic native trim disabled


---------------  S Y S T E M  ---------------

OS:
 Windows 11 , 64 bit Build 22621 (10.0.22621.4391)
OS uptime: 8 days 23:27 hours
Hyper-V role detected

CPU: total 12 (initial active 12) (6 cores per cpu, 2 threads per core) family 6 model 154 stepping 3 microcode 0x42a, cx8, cmov, fxsr, ht, mmx, 3dnowpref, sse, sse2, sse3, ssse3, sse4.1, sse4.2, popcnt, lzcnt, tsc, tscinvbit, avx, avx2, aes, erms, clmul, bmi1, bmi2, adx, sha, fma, vzeroupper, clflush, clflushopt, clwb, hv
Processor Information for processor 0
  Max Mhz: 2000, Current Mhz: 2000, Mhz Limit: 2000
Processor Information for processor 1
  Max Mhz: 2000, Current Mhz: 2000, Mhz Limit: 2000
Processor Information for processor 2
  Max Mhz: 2000, Current Mhz: 2000, Mhz Limit: 2000
Processor Information for processor 3
  Max Mhz: 2000, Current Mhz: 2000, Mhz Limit: 2000
Processor Information for processor 4
  Max Mhz: 2000, Current Mhz: 2000, Mhz Limit: 2000
Processor Information for processor 5
  Max Mhz: 2000, Current Mhz: 2000, Mhz Limit: 2000
Processor Information for processor 6
  Max Mhz: 2000, Current Mhz: 2000, Mhz Limit: 2000
Processor Information for processor 7
  Max Mhz: 2000, Current Mhz: 2000, Mhz Limit: 2000
Processor Information for processor 8
  Max Mhz: 2000, Current Mhz: 1500, Mhz Limit: 1500
Processor Information for processor 9
  Max Mhz: 2000, Current Mhz: 1500, Mhz Limit: 1500
Processor Information for processor 10
  Max Mhz: 2000, Current Mhz: 1500, Mhz Limit: 1500
Processor Information for processor 11
  Max Mhz: 2000, Current Mhz: 1500, Mhz Limit: 1500

Memory: 4k page, system-wide physical 7896M (321M free)
TotalPageFile size 32472M (AvailPageFile size 4M)
current process WorkingSet (physical memory assigned to process): 384M, peak: 384M
current process commit charge ("private bytes"): 414M, peak: 960M

vm_info: OpenJDK 64-Bit Server VM (17.0.13+11) for windows-amd64 JRE (17.0.13+11), built on Oct 16 2024 00:10:08 by "admin" with MS VC++ 17.7 (VS2022)

END.
