#
# There is insufficient memory for the Java Runtime Environment to continue.
# Native memory allocation (malloc) failed to allocate 32744 bytes. Error detail: ChunkPool::allocate
# Possible reasons:
#   The system is out of physical RAM or swap space
#   This process is running with CompressedOops enabled, and the Java Heap may be blocking the growth of the native heap
# Possible solutions:
#   Reduce memory load on the system
#   Increase physical memory or swap space
#   Check if swap backing store is full
#   Decrease Java heap size (-Xmx/-Xms)
#   Decrease number of Java threads
#   Decrease Java thread stack sizes (-Xss)
#   Set larger code cache with -XX:ReservedCodeCacheSize=
#   JVM is running with Unscaled Compressed Oops mode in which the Java heap is
#     placed in the first 4GB address space. The Java Heap base address is the
#     maximum limit for the native heap growth. Please use -XX:HeapBaseMinAddress
#     to set the Java Heap base and to place the Java Heap above 4GB virtual address.
# This output file may be truncated or incomplete.
#
#  Out of Memory Error (arena.cpp:79), pid=92728, tid=78604
#
# JRE version: OpenJDK Runtime Environment Temurin-17.0.13+11 (17.0.13+11) (build 17.0.13+11)
# Java VM: OpenJDK 64-Bit Server VM Temurin-17.0.13+11 (17.0.13+11, mixed mode, tiered, compressed oops, compressed class ptrs, parallel gc, windows-amd64)
# No core dump will be written. Minidumps are not enabled by default on client versions of Windows
#

---------------  S U M M A R Y ------------

Command Line: --add-modules=ALL-SYSTEM --add-opens=java.base/java.util=ALL-UNNAMED --add-opens=java.base/java.lang=ALL-UNNAMED --add-opens=java.base/sun.nio.fs=ALL-UNNAMED -Declipse.application=org.eclipse.jdt.ls.core.id1 -Dosgi.bundles.defaultStartLevel=4 -Declipse.product=org.eclipse.jdt.ls.core.product -Djava.import.generatesMetadataFilesAtProjectRoot=false -DDetectVMInstallationsJob.disabled=true -Dfile.encoding=utf8 -XX:+UseParallelGC -XX:GCTimeRatio=4 -XX:AdaptiveSizePolicyWeight=90 -Dsun.zip.disableMemoryMapping=true -Xmx1G -Xms100m -Xlog:disable -javaagent:c:\Users\tuant\.vscode\extensions\redhat.java-1.37.0-win32-x64\lombok\lombok-1.18.34.jar -XX:+HeapDumpOnOutOfMemoryError -XX:HeapDumpPath=c:\Users\tuant\AppData\Roaming\Code\User\workspaceStorage\9255a2486ce90b51e51345d54823f42f\redhat.java -Daether.dependencyCollector.impl=bf c:\Users\tuant\.vscode\extensions\redhat.java-1.37.0-win32-x64\server\plugins\org.eclipse.equinox.launcher_1.6.900.v20240613-2009.jar -configuration c:\Users\tuant\AppData\Roaming\Code\User\globalStorage\redhat.java\1.37.0\config_win -data c:\Users\tuant\AppData\Roaming\Code\User\workspaceStorage\9255a2486ce90b51e51345d54823f42f\redhat.java\jdt_ws --pipe=\\.\pipe\lsp-ccd14ead273095900d14a2312bd5a196-sock

Host: 12th Gen Intel(R) Core(TM) i5-12450H, 12 cores, 7G,  Windows 11 , 64 bit Build 22621 (10.0.22621.4391)
Time: Mon Dec  9 18:01:19 2024 SE Asia Standard Time elapsed time: 39.712080 seconds (0d 0h 0m 39s)

---------------  T H R E A D  ---------------

Current thread (0x0000021d2cb5c200):  JavaThread "C2 CompilerThread0" daemon [_thread_in_native, id=78604, stack(0x000000ab37f00000,0x000000ab38000000)]


Current CompileTask:
C2:  39712 12464       4       org.eclipse.jdt.internal.compiler.parser.Scanner::internalScanIdentifierOrKeyword (4943 bytes)

Stack: [0x000000ab37f00000,0x000000ab38000000]
Native frames: (J=compiled Java code, j=interpreted, Vv=VM code, C=native code)
V  [jvm.dll+0x682a19]
V  [jvm.dll+0x839538]
V  [jvm.dll+0x83afe3]
V  [jvm.dll+0x83b653]
V  [jvm.dll+0x24704f]
V  [jvm.dll+0xad03c]
V  [jvm.dll+0xad4cc]
V  [jvm.dll+0xacf44]
V  [jvm.dll+0x66043c]
V  [jvm.dll+0x330ad3]
V  [jvm.dll+0x331ffa]
V  [jvm.dll+0x32f9da]
V  [jvm.dll+0x32f05a]
V  [jvm.dll+0x21804f]
V  [jvm.dll+0x21748f]
V  [jvm.dll+0x1a3070]
V  [jvm.dll+0x22788c]
V  [jvm.dll+0x2259eb]
V  [jvm.dll+0x7eec98]
V  [jvm.dll+0x7e8ffc]
V  [jvm.dll+0x6818f7]
C  [ucrtbase.dll+0x29333]
C  [KERNEL32.DLL+0x1259d]
C  [ntdll.dll+0x5af38]


---------------  P R O C E S S  ---------------

Threads class SMR info:
_java_thread_list=0x0000021d32993e10, length=83, elements={
0x0000021d13c1ec10, 0x0000021d27aa7030, 0x0000021d13ccb710, 0x0000021d27aae760,
0x0000021d2cb56300, 0x0000021d2cb56bd0, 0x0000021d2cb58e50, 0x0000021d2cb5c200,
0x0000021d2cb71f60, 0x0000021d2cb97fb0, 0x0000021d2cbf3820, 0x0000021d2ce91b10,
0x0000021d2e9c8ad0, 0x0000021d2eddb410, 0x0000021d2ef3d7e0, 0x0000021d2ed81a50,
0x0000021d2f0441a0, 0x0000021d2f350860, 0x0000021d2f351280, 0x0000021d2f3521b0,
0x0000021d2f34f930, 0x0000021d2f350d70, 0x0000021d2f351790, 0x0000021d2f34fe40,
0x0000021d2f351ca0, 0x0000021d2f3526c0, 0x0000021d2ff38310, 0x0000021d2ff35a90,
0x0000021d2ff35fa0, 0x0000021d2ff34b60, 0x0000021d2ff34140, 0x0000021d2ff369c0,
0x0000021d2ff35070, 0x0000021d2ff313b0, 0x0000021d2ff36ed0, 0x0000021d2ff364b0,
0x0000021d2ff35580, 0x0000021d2ff373e0, 0x0000021d2ff318c0, 0x0000021d2ff32d00,
0x0000021d2ff31dd0, 0x0000021d2ff378f0, 0x0000021d2ff37e00, 0x0000021d2ff33210,
0x0000021d2ff38820, 0x0000021d2ff322e0, 0x0000021d2ff33720, 0x0000021d2ff33c30,
0x0000021d2ff327f0, 0x0000021d2f352bd0, 0x0000021d2f3530e0, 0x0000021d2f8c3f80,
0x0000021d2f8c5de0, 0x0000021d2f8c53c0, 0x0000021d2f8ca4c0, 0x0000021d2f8c8b70,
0x0000021d2f8c7c40, 0x0000021d2f8c58d0, 0x0000021d2f8c6800, 0x0000021d2f8c4490,
0x0000021d2f8c49a0, 0x0000021d2f8c6d10, 0x0000021d2f8c9590, 0x0000021d2f8c4eb0,
0x0000021d2f8c9fb0, 0x0000021d2f8c3050, 0x0000021d2f8c3a70, 0x0000021d2f350350,
0x0000021d2ff30ea0, 0x0000021d328fd5c0, 0x0000021d328fc180, 0x0000021d328fbc70,
0x0000021d328f9900, 0x0000021d328fc690, 0x0000021d328fdad0, 0x0000021d328fb250,
0x0000021d328f8ee0, 0x0000021d328fd0b0, 0x0000021d328fad40, 0x0000021d328ff420,
0x0000021d328fef10, 0x0000021d328ff930, 0x0000021d328fdfe0
}

Java Threads: ( => current thread )
  0x0000021d13c1ec10 JavaThread "main" [_thread_blocked, id=86568, stack(0x000000ab37600000,0x000000ab37700000)]
  0x0000021d27aa7030 JavaThread "Reference Handler" daemon [_thread_blocked, id=76052, stack(0x000000ab37900000,0x000000ab37a00000)]
  0x0000021d13ccb710 JavaThread "Finalizer" daemon [_thread_blocked, id=91848, stack(0x000000ab37a00000,0x000000ab37b00000)]
  0x0000021d27aae760 JavaThread "Signal Dispatcher" daemon [_thread_blocked, id=82380, stack(0x000000ab37b00000,0x000000ab37c00000)]
  0x0000021d2cb56300 JavaThread "Attach Listener" daemon [_thread_blocked, id=92500, stack(0x000000ab37c00000,0x000000ab37d00000)]
  0x0000021d2cb56bd0 JavaThread "Service Thread" daemon [_thread_blocked, id=89948, stack(0x000000ab37d00000,0x000000ab37e00000)]
  0x0000021d2cb58e50 JavaThread "Monitor Deflation Thread" daemon [_thread_blocked, id=66816, stack(0x000000ab37e00000,0x000000ab37f00000)]
=>0x0000021d2cb5c200 JavaThread "C2 CompilerThread0" daemon [_thread_in_native, id=78604, stack(0x000000ab37f00000,0x000000ab38000000)]
  0x0000021d2cb71f60 JavaThread "C1 CompilerThread0" daemon [_thread_blocked, id=72084, stack(0x000000ab38000000,0x000000ab38100000)]
  0x0000021d2cb97fb0 JavaThread "Sweeper thread" daemon [_thread_blocked, id=91368, stack(0x000000ab38100000,0x000000ab38200000)]
  0x0000021d2cbf3820 JavaThread "Common-Cleaner" daemon [_thread_blocked, id=76120, stack(0x000000ab38200000,0x000000ab38300000)]
  0x0000021d2ce91b10 JavaThread "Notification Thread" daemon [_thread_blocked, id=91256, stack(0x000000ab38400000,0x000000ab38500000)]
  0x0000021d2e9c8ad0 JavaThread "Active Thread: Equinox Container: 5fa41c65-dd3b-404a-9056-e6a7f3d153aa" [_thread_blocked, id=46116, stack(0x000000ab38d00000,0x000000ab38e00000)]
  0x0000021d2eddb410 JavaThread "Refresh Thread: Equinox Container: 5fa41c65-dd3b-404a-9056-e6a7f3d153aa" daemon [_thread_blocked, id=92368, stack(0x000000ab38e00000,0x000000ab38f00000)]
  0x0000021d2ef3d7e0 JavaThread "Framework Event Dispatcher: Equinox Container: 5fa41c65-dd3b-404a-9056-e6a7f3d153aa" daemon [_thread_blocked, id=82376, stack(0x000000ab38f00000,0x000000ab39000000)]
  0x0000021d2ed81a50 JavaThread "Start Level: Equinox Container: 5fa41c65-dd3b-404a-9056-e6a7f3d153aa" daemon [_thread_blocked, id=85252, stack(0x000000ab39000000,0x000000ab39100000)]
  0x0000021d2f0441a0 JavaThread "Bundle File Closer" daemon [_thread_blocked, id=89716, stack(0x000000ab39200000,0x000000ab39300000)]
  0x0000021d2f350860 JavaThread "SCR Component Actor" daemon [_thread_blocked, id=88592, stack(0x000000ab39400000,0x000000ab39500000)]
  0x0000021d2f351280 JavaThread "Worker-JM" [_thread_blocked, id=89984, stack(0x000000ab39700000,0x000000ab39800000)]
  0x0000021d2f3521b0 JavaThread "JNA Cleaner" daemon [_thread_blocked, id=24784, stack(0x000000ab39800000,0x000000ab39900000)]
  0x0000021d2f34f930 JavaThread "Worker-0: Java indexing... " [_thread_blocked, id=89884, stack(0x000000ab39900000,0x000000ab39a00000)]
  0x0000021d2f350d70 JavaThread "Worker-1" [_thread_blocked, id=89940, stack(0x000000ab39a00000,0x000000ab39b00000)]
  0x0000021d2f351790 JavaThread "Java indexing" daemon [_thread_in_Java, id=75912, stack(0x000000ab39b00000,0x000000ab39c00000)]
  0x0000021d2f34fe40 JavaThread "Worker-2" [_thread_blocked, id=85696, stack(0x000000ab39c00000,0x000000ab39d00000)]
  0x0000021d2f351ca0 JavaThread "Worker-3" [_thread_blocked, id=80380, stack(0x000000ab39d00000,0x000000ab39e00000)]
  0x0000021d2f3526c0 JavaThread "Thread-2" daemon [_thread_in_native, id=88588, stack(0x000000ab39e00000,0x000000ab39f00000)]
  0x0000021d2ff38310 JavaThread "Thread-3" daemon [_thread_in_native, id=89240, stack(0x000000ab39f00000,0x000000ab3a000000)]
  0x0000021d2ff35a90 JavaThread "Thread-4" daemon [_thread_in_native, id=89280, stack(0x000000ab3a000000,0x000000ab3a100000)]
  0x0000021d2ff35fa0 JavaThread "Thread-5" daemon [_thread_in_native, id=89556, stack(0x000000ab3a100000,0x000000ab3a200000)]
  0x0000021d2ff34b60 JavaThread "Thread-6" daemon [_thread_in_native, id=89248, stack(0x000000ab3a200000,0x000000ab3a300000)]
  0x0000021d2ff34140 JavaThread "Thread-7" daemon [_thread_in_native, id=89484, stack(0x000000ab3a300000,0x000000ab3a400000)]
  0x0000021d2ff369c0 JavaThread "Thread-8" daemon [_thread_in_native, id=89364, stack(0x000000ab3a400000,0x000000ab3a500000)]
  0x0000021d2ff35070 JavaThread "Thread-9" daemon [_thread_in_native, id=89492, stack(0x000000ab3a500000,0x000000ab3a600000)]
  0x0000021d2ff313b0 JavaThread "Thread-10" daemon [_thread_in_native, id=89384, stack(0x000000ab3a600000,0x000000ab3a700000)]
  0x0000021d2ff36ed0 JavaThread "Thread-11" daemon [_thread_in_native, id=72264, stack(0x000000ab3a700000,0x000000ab3a800000)]
  0x0000021d2ff364b0 JavaThread "Thread-12" daemon [_thread_in_native, id=89480, stack(0x000000ab3a800000,0x000000ab3a900000)]
  0x0000021d2ff35580 JavaThread "Thread-13" daemon [_thread_in_native, id=89548, stack(0x000000ab3a900000,0x000000ab3aa00000)]
  0x0000021d2ff373e0 JavaThread "Thread-14" daemon [_thread_in_native, id=89344, stack(0x000000ab3aa00000,0x000000ab3ab00000)]
  0x0000021d2ff318c0 JavaThread "pool-2-thread-1" [_thread_blocked, id=90716, stack(0x000000ab3ab00000,0x000000ab3ac00000)]
  0x0000021d2ff32d00 JavaThread "Worker-4" [_thread_blocked, id=89260, stack(0x000000ab3ac00000,0x000000ab3ad00000)]
  0x0000021d2ff31dd0 JavaThread "Worker-5: Initialize workspace" [_thread_in_Java, id=89504, stack(0x000000ab3ad00000,0x000000ab3ae00000)]
  0x0000021d2ff378f0 JavaThread "WorkspaceEventsHandler" [_thread_blocked, id=89292, stack(0x000000ab3ae00000,0x000000ab3af00000)]
  0x0000021d2ff37e00 JavaThread "pool-1-thread-1" [_thread_blocked, id=89316, stack(0x000000ab3af00000,0x000000ab3b000000)]
  0x0000021d2ff33210 JavaThread "Worker-6" [_thread_blocked, id=60804, stack(0x000000ab3b000000,0x000000ab3b100000)]
  0x0000021d2ff38820 JavaThread "LocalFile Deleter" daemon [_thread_blocked, id=37376, stack(0x000000ab3b100000,0x000000ab3b200000)]
  0x0000021d2ff322e0 JavaThread "LocalFile Deleter" daemon [_thread_blocked, id=92572, stack(0x000000ab3b200000,0x000000ab3b300000)]
  0x0000021d2ff33720 JavaThread "LocalFile Deleter" daemon [_thread_blocked, id=59352, stack(0x000000ab3b300000,0x000000ab3b400000)]
  0x0000021d2ff33c30 JavaThread "LocalFile Deleter" daemon [_thread_blocked, id=89352, stack(0x000000ab3b400000,0x000000ab3b500000)]
  0x0000021d2ff327f0 JavaThread "LocalFile Deleter" daemon [_thread_blocked, id=89560, stack(0x000000ab3b500000,0x000000ab3b600000)]
  0x0000021d2f352bd0 JavaThread "LocalFile Deleter" daemon [_thread_blocked, id=90872, stack(0x000000ab3b600000,0x000000ab3b700000)]
  0x0000021d2f3530e0 JavaThread "LocalFile Deleter" daemon [_thread_blocked, id=85692, stack(0x000000ab3b700000,0x000000ab3b800000)]
  0x0000021d2f8c3f80 JavaThread "LocalFile Deleter" daemon [_thread_blocked, id=4392, stack(0x000000ab3b800000,0x000000ab3b900000)]
  0x0000021d2f8c5de0 JavaThread "LocalFile Deleter" daemon [_thread_blocked, id=89900, stack(0x000000ab3b900000,0x000000ab3ba00000)]
  0x0000021d2f8c53c0 JavaThread "LocalFile Deleter" daemon [_thread_blocked, id=90056, stack(0x000000ab3ba00000,0x000000ab3bb00000)]
  0x0000021d2f8ca4c0 JavaThread "LocalFile Deleter" daemon [_thread_blocked, id=91668, stack(0x000000ab3bb00000,0x000000ab3bc00000)]
  0x0000021d2f8c8b70 JavaThread "LocalFile Deleter" daemon [_thread_blocked, id=89916, stack(0x000000ab3bc00000,0x000000ab3bd00000)]
  0x0000021d2f8c7c40 JavaThread "Compiler Source File Reader" daemon [_thread_blocked, id=89908, stack(0x000000ab3bd00000,0x000000ab3be00000)]
  0x0000021d2f8c58d0 JavaThread "Compiler Source File Reader" daemon [_thread_blocked, id=43244, stack(0x000000ab3be00000,0x000000ab3bf00000)]
  0x0000021d2f8c6800 JavaThread "Compiler Source File Reader" daemon [_thread_blocked, id=92180, stack(0x000000ab3bf00000,0x000000ab3c000000)]
  0x0000021d2f8c4490 JavaThread "Compiler Source File Reader" daemon [_thread_blocked, id=92696, stack(0x000000ab3c000000,0x000000ab3c100000)]
  0x0000021d2f8c49a0 JavaThread "Compiler Source File Reader" daemon [_thread_blocked, id=79740, stack(0x000000ab3c100000,0x000000ab3c200000)]
  0x0000021d2f8c6d10 JavaThread "Compiler Source File Reader" daemon [_thread_blocked, id=63600, stack(0x000000ab3c200000,0x000000ab3c300000)]
  0x0000021d2f8c9590 JavaThread "Compiler Source File Reader" daemon [_thread_blocked, id=90136, stack(0x000000ab3c300000,0x000000ab3c400000)]
  0x0000021d2f8c4eb0 JavaThread "Compiler Source File Reader" daemon [_thread_blocked, id=85720, stack(0x000000ab3c400000,0x000000ab3c500000)]
  0x0000021d2f8c9fb0 JavaThread "Compiler Source File Reader" daemon [_thread_blocked, id=69828, stack(0x000000ab3c500000,0x000000ab3c600000)]
  0x0000021d2f8c3050 JavaThread "Compiler Source File Reader" daemon [_thread_blocked, id=58604, stack(0x000000ab3c600000,0x000000ab3c700000)]
  0x0000021d2f8c3a70 JavaThread "Compiler Processing Task" daemon [_thread_blocked, id=92940, stack(0x000000ab38300000,0x000000ab38400000)]
  0x0000021d2f350350 JavaThread "Compiler Class File Writer" daemon [_thread_blocked, id=91460, stack(0x000000ab38600000,0x000000ab38700000)]
  0x0000021d2ff30ea0 JavaThread "Compiler Class File Writer" daemon [_thread_blocked, id=82876, stack(0x000000ab39500000,0x000000ab39600000)]
  0x0000021d328fd5c0 JavaThread "Compiler Class File Writer" daemon [_thread_blocked, id=89084, stack(0x000000ab3c700000,0x000000ab3c800000)]
  0x0000021d328fc180 JavaThread "Compiler Class File Writer" daemon [_thread_blocked, id=43280, stack(0x000000ab3c800000,0x000000ab3c900000)]
  0x0000021d328fbc70 JavaThread "Compiler Class File Writer" daemon [_thread_blocked, id=87492, stack(0x000000ab3c900000,0x000000ab3ca00000)]
  0x0000021d328f9900 JavaThread "Compiler Class File Writer" daemon [_thread_blocked, id=89264, stack(0x000000ab3ca00000,0x000000ab3cb00000)]
  0x0000021d328fc690 JavaThread "Compiler Class File Writer" daemon [_thread_blocked, id=92472, stack(0x000000ab3cb00000,0x000000ab3cc00000)]
  0x0000021d328fdad0 JavaThread "Compiler Class File Writer" daemon [_thread_blocked, id=72392, stack(0x000000ab3cc00000,0x000000ab3cd00000)]
  0x0000021d328fb250 JavaThread "Compiler Class File Writer" daemon [_thread_blocked, id=82760, stack(0x000000ab3cd00000,0x000000ab3ce00000)]
  0x0000021d328f8ee0 JavaThread "Compiler Class File Writer" daemon [_thread_blocked, id=87372, stack(0x000000ab3ce00000,0x000000ab3cf00000)]
  0x0000021d328fd0b0 JavaThread "Timer-0" [_thread_blocked, id=68552, stack(0x000000ab3cf00000,0x000000ab3d000000)]
  0x0000021d328fad40 JavaThread "Exec process" [_thread_blocked, id=1732, stack(0x000000ab3d300000,0x000000ab3d400000)]
  0x0000021d328ff420 JavaThread "Exec process Thread 2" [_thread_blocked, id=92752, stack(0x000000ab3d400000,0x000000ab3d500000)]
  0x0000021d328fef10 JavaThread "Exec process Thread 3" [_thread_blocked, id=93000, stack(0x000000ab3d500000,0x000000ab3d600000)]
  0x0000021d328ff930 JavaThread "Timer-1" [_thread_blocked, id=60204, stack(0x000000ab3d000000,0x000000ab3d100000)]
  0x0000021d328fdfe0 JavaThread "ForkJoinPool.commonPool-worker-1" daemon [_thread_blocked, id=91128, stack(0x000000ab3d600000,0x000000ab3d700000)]

Other Threads:
  0x0000021d13ca5a50 VMThread "VM Thread" [stack: 0x000000ab37800000,0x000000ab37900000] [id=79512]
  0x0000021d2e2da0a0 WatcherThread [stack: 0x000000ab38500000,0x000000ab38600000] [id=90080]
  0x0000021d13c34820 GCTaskThread "GC Thread#0" [stack: 0x000000ab37700000,0x000000ab37800000] [id=91104]
  0x0000021d2e4846f0 GCTaskThread "GC Thread#1" [stack: 0x000000ab38700000,0x000000ab38800000] [id=80796]
  0x0000021d2e38ed90 GCTaskThread "GC Thread#2" [stack: 0x000000ab38800000,0x000000ab38900000] [id=72272]
  0x0000021d2e38f050 GCTaskThread "GC Thread#3" [stack: 0x000000ab38900000,0x000000ab38a00000] [id=89580]
  0x0000021d2e38f310 GCTaskThread "GC Thread#4" [stack: 0x000000ab38a00000,0x000000ab38b00000] [id=86136]
  0x0000021d2e38f5d0 GCTaskThread "GC Thread#5" [stack: 0x000000ab38b00000,0x000000ab38c00000] [id=75328]
  0x0000021d2e59e2e0 GCTaskThread "GC Thread#6" [stack: 0x000000ab38c00000,0x000000ab38d00000] [id=41440]
  0x0000021d2ef3dcc0 GCTaskThread "GC Thread#7" [stack: 0x000000ab39100000,0x000000ab39200000] [id=83760]
  0x0000021d2edd65d0 GCTaskThread "GC Thread#8" [stack: 0x000000ab39300000,0x000000ab39400000] [id=89144]
  0x0000021d2f1b14d0 GCTaskThread "GC Thread#9" [stack: 0x000000ab39600000,0x000000ab39700000] [id=32636]

Threads with active compile tasks:
C2 CompilerThread0    39741 12464       4       org.eclipse.jdt.internal.compiler.parser.Scanner::internalScanIdentifierOrKeyword (4943 bytes)

VM state: not at safepoint (normal execution)

VM Mutex/Monitor currently owned by a thread: None

Heap address: 0x00000000c0000000, size: 1024 MB, Compressed Oops mode: 32-bit

CDS archive(s) not mapped
Compressed class space mapped at: 0x0000000100000000-0x0000000140000000, reserved size: 1073741824
Narrow klass base: 0x0000000000000000, Narrow klass shift: 3, Narrow klass range: 0x140000000

GC Precious Log:
 CPUs: 12 total, 12 available
 Memory: 7896M
 Large Page Support: Disabled
 NUMA Support: Disabled
 Compressed Oops: Enabled (32-bit)
 Alignments: Space 512K, Generation 512K, Heap 2M
 Heap Min Capacity: 100M
 Heap Initial Capacity: 100M
 Heap Max Capacity: 1G
 Pre-touch: Disabled
 Parallel Workers: 10

Heap:
 PSYoungGen      total 15872K, used 7319K [0x00000000eab00000, 0x00000000ec000000, 0x0000000100000000)
  eden space 10240K, 16% used [0x00000000eab00000,0x00000000eacab168,0x00000000eb500000)
  from space 5632K, 99% used [0x00000000eb500000,0x00000000eba7ad50,0x00000000eba80000)
  to   space 5632K, 0% used [0x00000000eba80000,0x00000000eba80000,0x00000000ec000000)
 ParOldGen       total 699392K, used 397786K [0x00000000c0000000, 0x00000000eab00000, 0x00000000eab00000)
  object space 699392K, 56% used [0x00000000c0000000,0x00000000d8476878,0x00000000eab00000)
 Metaspace       used 77631K, committed 78848K, reserved 1179648K
  class space    used 8529K, committed 9024K, reserved 1048576K

Card table byte_map: [0x0000021d135b0000,0x0000021d137c0000] _byte_map_base: 0x0000021d12fb0000

Marking Bits: (ParMarkBitMap*) 0x00007ffcaffd6940
 Begin Bits: [0x0000021d258b0000, 0x0000021d268b0000)
 End Bits:   [0x0000021d268b0000, 0x0000021d278b0000)

Polling page: 0x0000021d11bf0000

Metaspace:

Usage:
  Non-class:     67.48 MB used.
      Class:      8.33 MB used.
       Both:     75.81 MB used.

Virtual space:
  Non-class space:      128.00 MB reserved,      68.19 MB ( 53%) committed,  2 nodes.
      Class space:        1.00 GB reserved,       8.81 MB ( <1%) committed,  1 nodes.
             Both:        1.12 GB reserved,      77.00 MB (  7%) committed. 

Chunk freelists:
   Non-Class:  11.55 MB
       Class:  7.19 MB
        Both:  18.73 MB

MaxMetaspaceSize: unlimited
CompressedClassSpaceSize: 1.00 GB
Initial GC threshold: 21.00 MB
Current GC threshold: 102.75 MB
CDS: off
MetaspaceReclaimPolicy: balanced
 - commit_granule_bytes: 65536.
 - commit_granule_words: 8192.
 - virtual_space_node_default_size: 8388608.
 - enlarge_chunks_in_place: 1.
 - new_chunks_are_fully_committed: 0.
 - uncommit_free_chunks: 1.
 - use_allocation_guard: 0.
 - handle_deallocations: 1.


Internal statistics:

num_allocs_failed_limit: 9.
num_arena_births: 758.
num_arena_deaths: 28.
num_vsnodes_births: 3.
num_vsnodes_deaths: 0.
num_space_committed: 1232.
num_space_uncommitted: 0.
num_chunks_returned_to_freelist: 39.
num_chunks_taken_from_freelist: 3871.
num_chunk_merges: 14.
num_chunk_splits: 2467.
num_chunks_enlarged: 1553.
num_inconsistent_stats: 0.

CodeHeap 'non-profiled nmethods': size=120000Kb used=7412Kb max_used=7444Kb free=112587Kb
 bounds [0x0000021d1e380000, 0x0000021d1ead0000, 0x0000021d258b0000]
CodeHeap 'profiled nmethods': size=120000Kb used=19349Kb max_used=20738Kb free=100650Kb
 bounds [0x0000021d168b0000, 0x0000021d17d00000, 0x0000021d1dde0000]
CodeHeap 'non-nmethods': size=5760Kb used=1381Kb max_used=1425Kb free=4378Kb
 bounds [0x0000021d1dde0000, 0x0000021d1e050000, 0x0000021d1e380000]
 total_blobs=10397 nmethods=9670 adapters=638
 compilation: enabled
              stopped_count=0, restarted_count=0
 full_count=0

Compilation events (20 events):
Event: 39.381 Thread 0x0000021d2cb71f60 12460       3       org.eclipse.jdt.core.JavaConventions::validateIdentifier (33 bytes)
Event: 39.382 Thread 0x0000021d2cb71f60 nmethod 12460 0x0000021d1734e310 code [0x0000021d1734e4e0, 0x0000021d1734e768]
Event: 39.403 Thread 0x0000021d2cb5c200 nmethod 12448 0x0000021d1e68bb10 code [0x0000021d1e68bee0, 0x0000021d1e68ed60]
Event: 39.404 Thread 0x0000021d2cb5c200 12456       4       org.eclipse.jdt.internal.core.util.Util::splitOn (134 bytes)
Event: 39.419 Thread 0x0000021d2cb5c200 nmethod 12456 0x0000021d1e62e290 code [0x0000021d1e62e480, 0x0000021d1e62f250]
Event: 39.419 Thread 0x0000021d2cb5c200 12458       4       org.eclipse.jdt.internal.core.JarPackageFragmentRoot::initRawPackageInfo (292 bytes)
Event: 39.521 Thread 0x0000021d2cb71f60 12461       3       java.text.MessageFormat::format (12 bytes)
Event: 39.536 Thread 0x0000021d2cb71f60 nmethod 12461 0x0000021d1720c910 code [0x0000021d1720cac0, 0x0000021d1720cce8]
Event: 39.536 Thread 0x0000021d2cb71f60 12462       3       java.text.MessageFormat::subformat (542 bytes)
Event: 39.540 Thread 0x0000021d2cb71f60 nmethod 12462 0x0000021d177eb010 code [0x0000021d177eb660, 0x0000021d177efb08]
Event: 39.540 Thread 0x0000021d2cb71f60 12463       3       java.text.MessageFormat::<init> (56 bytes)
Event: 39.541 Thread 0x0000021d2cb71f60 nmethod 12463 0x0000021d17515c90 code [0x0000021d17515e60, 0x0000021d175162f8]
Event: 39.579 Thread 0x0000021d2cb5c200 nmethod 12458 0x0000021d1eac5110 code [0x0000021d1eac5560, 0x0000021d1eac95a8]
Event: 39.579 Thread 0x0000021d2cb5c200 12449       4       sun.nio.fs.WindowsPathParser::nextNonSlash (24 bytes)
Event: 39.581 Thread 0x0000021d2cb5c200 nmethod 12449 0x0000021d1e907090 code [0x0000021d1e907220, 0x0000021d1e907348]
Event: 39.581 Thread 0x0000021d2cb5c200 12450       4       sun.nio.fs.WindowsPath::startsWith (105 bytes)
Event: 39.653 Thread 0x0000021d2cb5c200 nmethod 12450 0x0000021d1e8a0510 code [0x0000021d1e8a0820, 0x0000021d1e8a32b0]
Event: 39.653 Thread 0x0000021d2cb5c200 12464       4       org.eclipse.jdt.internal.compiler.parser.Scanner::internalScanIdentifierOrKeyword (4943 bytes)
Event: 39.694 Thread 0x0000021d2cb71f60 12465       3       org.eclipse.jdt.internal.core.util.Messages::bind (13 bytes)
Event: 39.695 Thread 0x0000021d2cb71f60 nmethod 12465 0x0000021d16da8d10 code [0x0000021d16da8ee0, 0x0000021d16da9318]

GC Heap History (20 events):
Event: 39.575 GC heap before
{Heap before GC invocations=615 (full 329):
 PSYoungGen      total 12800K, used 12379K [0x00000000eab00000, 0x00000000ebb80000, 0x0000000100000000)
  eden space 8704K, 100% used [0x00000000eab00000,0x00000000eb380000,0x00000000eb380000)
  from space 4096K, 89% used [0x00000000eb780000,0x00000000ebb16d50,0x00000000ebb80000)
  to   space 4096K, 0% used [0x00000000eb380000,0x00000000eb380000,0x00000000eb780000)
 ParOldGen       total 699392K, used 392373K [0x00000000c0000000, 0x00000000eab00000, 0x00000000eab00000)
  object space 699392K, 56% used [0x00000000c0000000,0x00000000d7f2d628,0x00000000eab00000)
 Metaspace       used 77631K, committed 78848K, reserved 1179648K
  class space    used 8529K, committed 9024K, reserved 1048576K
}
Event: 39.578 GC heap after
{Heap after GC invocations=615 (full 329):
 PSYoungGen      total 12800K, used 3939K [0x00000000eab00000, 0x00000000ebc00000, 0x0000000100000000)
  eden space 8704K, 0% used [0x00000000eab00000,0x00000000eab00000,0x00000000eb380000)
  from space 4096K, 96% used [0x00000000eb380000,0x00000000eb758cf0,0x00000000eb780000)
  to   space 4096K, 0% used [0x00000000eb800000,0x00000000eb800000,0x00000000ebc00000)
 ParOldGen       total 699392K, used 392373K [0x00000000c0000000, 0x00000000eab00000, 0x00000000eab00000)
  object space 699392K, 56% used [0x00000000c0000000,0x00000000d7f2d628,0x00000000eab00000)
 Metaspace       used 77631K, committed 78848K, reserved 1179648K
  class space    used 8529K, committed 9024K, reserved 1048576K
}
Event: 39.588 GC heap before
{Heap before GC invocations=616 (full 329):
 PSYoungGen      total 12800K, used 12643K [0x00000000eab00000, 0x00000000ebc00000, 0x0000000100000000)
  eden space 8704K, 100% used [0x00000000eab00000,0x00000000eb380000,0x00000000eb380000)
  from space 4096K, 96% used [0x00000000eb380000,0x00000000eb758cf0,0x00000000eb780000)
  to   space 4096K, 0% used [0x00000000eb800000,0x00000000eb800000,0x00000000ebc00000)
 ParOldGen       total 699392K, used 392373K [0x00000000c0000000, 0x00000000eab00000, 0x00000000eab00000)
  object space 699392K, 56% used [0x00000000c0000000,0x00000000d7f2d628,0x00000000eab00000)
 Metaspace       used 77631K, committed 78848K, reserved 1179648K
  class space    used 8529K, committed 9024K, reserved 1048576K
}
Event: 39.591 GC heap after
{Heap after GC invocations=616 (full 329):
 PSYoungGen      total 12800K, used 4095K [0x00000000eab00000, 0x00000000ebd00000, 0x0000000100000000)
  eden space 8704K, 0% used [0x00000000eab00000,0x00000000eab00000,0x00000000eb380000)
  from space 4096K, 99% used [0x00000000eb800000,0x00000000ebbffd30,0x00000000ebc00000)
  to   space 4608K, 0% used [0x00000000eb380000,0x00000000eb380000,0x00000000eb800000)
 ParOldGen       total 699392K, used 392581K [0x00000000c0000000, 0x00000000eab00000, 0x00000000eab00000)
  object space 699392K, 56% used [0x00000000c0000000,0x00000000d7f61628,0x00000000eab00000)
 Metaspace       used 77631K, committed 78848K, reserved 1179648K
  class space    used 8529K, committed 9024K, reserved 1048576K
}
Event: 39.602 GC heap before
{Heap before GC invocations=617 (full 329):
 PSYoungGen      total 12800K, used 12799K [0x00000000eab00000, 0x00000000ebd00000, 0x0000000100000000)
  eden space 8704K, 100% used [0x00000000eab00000,0x00000000eb380000,0x00000000eb380000)
  from space 4096K, 99% used [0x00000000eb800000,0x00000000ebbffd30,0x00000000ebc00000)
  to   space 4608K, 0% used [0x00000000eb380000,0x00000000eb380000,0x00000000eb800000)
 ParOldGen       total 699392K, used 392581K [0x00000000c0000000, 0x00000000eab00000, 0x00000000eab00000)
  object space 699392K, 56% used [0x00000000c0000000,0x00000000d7f61628,0x00000000eab00000)
 Metaspace       used 77631K, committed 78848K, reserved 1179648K
  class space    used 8529K, committed 9024K, reserved 1048576K
}
Event: 39.605 GC heap after
{Heap after GC invocations=617 (full 329):
 PSYoungGen      total 13312K, used 4135K [0x00000000eab00000, 0x00000000ebd00000, 0x0000000100000000)
  eden space 8704K, 0% used [0x00000000eab00000,0x00000000eab00000,0x00000000eb380000)
  from space 4608K, 89% used [0x00000000eb380000,0x00000000eb789d80,0x00000000eb800000)
  to   space 4608K, 0% used [0x00000000eb880000,0x00000000eb880000,0x00000000ebd00000)
 ParOldGen       total 699392K, used 393013K [0x00000000c0000000, 0x00000000eab00000, 0x00000000eab00000)
  object space 699392K, 56% used [0x00000000c0000000,0x00000000d7fcd5c8,0x00000000eab00000)
 Metaspace       used 77631K, committed 78848K, reserved 1179648K
  class space    used 8529K, committed 9024K, reserved 1048576K
}
Event: 39.615 GC heap before
{Heap before GC invocations=618 (full 329):
 PSYoungGen      total 13312K, used 12839K [0x00000000eab00000, 0x00000000ebd00000, 0x0000000100000000)
  eden space 8704K, 100% used [0x00000000eab00000,0x00000000eb380000,0x00000000eb380000)
  from space 4608K, 89% used [0x00000000eb380000,0x00000000eb789d80,0x00000000eb800000)
  to   space 4608K, 0% used [0x00000000eb880000,0x00000000eb880000,0x00000000ebd00000)
 ParOldGen       total 699392K, used 393013K [0x00000000c0000000, 0x00000000eab00000, 0x00000000eab00000)
  object space 699392K, 56% used [0x00000000c0000000,0x00000000d7fcd5c8,0x00000000eab00000)
 Metaspace       used 77631K, committed 78848K, reserved 1179648K
  class space    used 8529K, committed 9024K, reserved 1048576K
}
Event: 39.619 GC heap after
{Heap after GC invocations=618 (full 329):
 PSYoungGen      total 13312K, used 4587K [0x00000000eab00000, 0x00000000ebe80000, 0x0000000100000000)
  eden space 8704K, 0% used [0x00000000eab00000,0x00000000eab00000,0x00000000eb380000)
  from space 4608K, 99% used [0x00000000eb880000,0x00000000ebcfad60,0x00000000ebd00000)
  to   space 5120K, 0% used [0x00000000eb380000,0x00000000eb380000,0x00000000eb880000)
 ParOldGen       total 699392K, used 393021K [0x00000000c0000000, 0x00000000eab00000, 0x00000000eab00000)
  object space 699392K, 56% used [0x00000000c0000000,0x00000000d7fcf5c8,0x00000000eab00000)
 Metaspace       used 77631K, committed 78848K, reserved 1179648K
  class space    used 8529K, committed 9024K, reserved 1048576K
}
Event: 39.630 GC heap before
{Heap before GC invocations=619 (full 329):
 PSYoungGen      total 13312K, used 13291K [0x00000000eab00000, 0x00000000ebe80000, 0x0000000100000000)
  eden space 8704K, 100% used [0x00000000eab00000,0x00000000eb380000,0x00000000eb380000)
  from space 4608K, 99% used [0x00000000eb880000,0x00000000ebcfad60,0x00000000ebd00000)
  to   space 5120K, 0% used [0x00000000eb380000,0x00000000eb380000,0x00000000eb880000)
 ParOldGen       total 699392K, used 393021K [0x00000000c0000000, 0x00000000eab00000, 0x00000000eab00000)
  object space 699392K, 56% used [0x00000000c0000000,0x00000000d7fcf5c8,0x00000000eab00000)
 Metaspace       used 77631K, committed 78848K, reserved 1179648K
  class space    used 8529K, committed 9024K, reserved 1048576K
}
Event: 39.635 GC heap after
{Heap after GC invocations=619 (full 329):
 PSYoungGen      total 13824K, used 4591K [0x00000000eab00000, 0x00000000ebe80000, 0x0000000100000000)
  eden space 8704K, 0% used [0x00000000eab00000,0x00000000eab00000,0x00000000eb380000)
  from space 5120K, 89% used [0x00000000eb380000,0x00000000eb7fbd20,0x00000000eb880000)
  to   space 5120K, 0% used [0x00000000eb980000,0x00000000eb980000,0x00000000ebe80000)
 ParOldGen       total 699392K, used 393452K [0x00000000c0000000, 0x00000000eab00000, 0x00000000eab00000)
  object space 699392K, 56% used [0x00000000c0000000,0x00000000d803b070,0x00000000eab00000)
 Metaspace       used 77631K, committed 78848K, reserved 1179648K
  class space    used 8529K, committed 9024K, reserved 1048576K
}
Event: 39.645 GC heap before
{Heap before GC invocations=620 (full 329):
 PSYoungGen      total 13824K, used 13295K [0x00000000eab00000, 0x00000000ebe80000, 0x0000000100000000)
  eden space 8704K, 100% used [0x00000000eab00000,0x00000000eb380000,0x00000000eb380000)
  from space 5120K, 89% used [0x00000000eb380000,0x00000000eb7fbd20,0x00000000eb880000)
  to   space 5120K, 0% used [0x00000000eb980000,0x00000000eb980000,0x00000000ebe80000)
 ParOldGen       total 699392K, used 393452K [0x00000000c0000000, 0x00000000eab00000, 0x00000000eab00000)
  object space 699392K, 56% used [0x00000000c0000000,0x00000000d803b070,0x00000000eab00000)
 Metaspace       used 77631K, committed 78848K, reserved 1179648K
  class space    used 8529K, committed 9024K, reserved 1048576K
}
Event: 39.649 GC heap after
{Heap after GC invocations=620 (full 329):
 PSYoungGen      total 13312K, used 5099K [0x00000000eab00000, 0x00000000ec180000, 0x0000000100000000)
  eden space 8192K, 0% used [0x00000000eab00000,0x00000000eab00000,0x00000000eb300000)
  from space 5120K, 99% used [0x00000000eb980000,0x00000000ebe7ad60,0x00000000ebe80000)
  to   space 6656K, 0% used [0x00000000eb300000,0x00000000eb300000,0x00000000eb980000)
 ParOldGen       total 699392K, used 394580K [0x00000000c0000000, 0x00000000eab00000, 0x00000000eab00000)
  object space 699392K, 56% used [0x00000000c0000000,0x00000000d8155070,0x00000000eab00000)
 Metaspace       used 77631K, committed 78848K, reserved 1179648K
  class space    used 8529K, committed 9024K, reserved 1048576K
}
Event: 39.660 GC heap before
{Heap before GC invocations=621 (full 329):
 PSYoungGen      total 13312K, used 13291K [0x00000000eab00000, 0x00000000ec180000, 0x0000000100000000)
  eden space 8192K, 100% used [0x00000000eab00000,0x00000000eb300000,0x00000000eb300000)
  from space 5120K, 99% used [0x00000000eb980000,0x00000000ebe7ad60,0x00000000ebe80000)
  to   space 6656K, 0% used [0x00000000eb300000,0x00000000eb300000,0x00000000eb980000)
 ParOldGen       total 699392K, used 394580K [0x00000000c0000000, 0x00000000eab00000, 0x00000000eab00000)
  object space 699392K, 56% used [0x00000000c0000000,0x00000000d8155070,0x00000000eab00000)
 Metaspace       used 77631K, committed 78848K, reserved 1179648K
  class space    used 8529K, committed 9024K, reserved 1048576K
}
Event: 39.664 GC heap after
{Heap after GC invocations=621 (full 329):
 PSYoungGen      total 14848K, used 5047K [0x00000000eab00000, 0x00000000ebf00000, 0x0000000100000000)
  eden space 8192K, 0% used [0x00000000eab00000,0x00000000eab00000,0x00000000eb300000)
  from space 6656K, 75% used [0x00000000eb300000,0x00000000eb7edd90,0x00000000eb980000)
  to   space 5632K, 0% used [0x00000000eb980000,0x00000000eb980000,0x00000000ebf00000)
 ParOldGen       total 699392K, used 394976K [0x00000000c0000000, 0x00000000eab00000, 0x00000000eab00000)
  object space 699392K, 56% used [0x00000000c0000000,0x00000000d81b8040,0x00000000eab00000)
 Metaspace       used 77631K, committed 78848K, reserved 1179648K
  class space    used 8529K, committed 9024K, reserved 1048576K
}
Event: 39.670 GC heap before
{Heap before GC invocations=622 (full 329):
 PSYoungGen      total 14848K, used 13239K [0x00000000eab00000, 0x00000000ebf00000, 0x0000000100000000)
  eden space 8192K, 100% used [0x00000000eab00000,0x00000000eb300000,0x00000000eb300000)
  from space 6656K, 75% used [0x00000000eb300000,0x00000000eb7edd90,0x00000000eb980000)
  to   space 5632K, 0% used [0x00000000eb980000,0x00000000eb980000,0x00000000ebf00000)
 ParOldGen       total 699392K, used 394976K [0x00000000c0000000, 0x00000000eab00000, 0x00000000eab00000)
  object space 699392K, 56% used [0x00000000c0000000,0x00000000d81b8040,0x00000000eab00000)
 Metaspace       used 77631K, committed 78848K, reserved 1179648K
  class space    used 8529K, committed 9024K, reserved 1048576K
}
Event: 39.674 GC heap after
{Heap after GC invocations=622 (full 329):
 PSYoungGen      total 14848K, used 5243K [0x00000000eab00000, 0x00000000ebf00000, 0x0000000100000000)
  eden space 9216K, 0% used [0x00000000eab00000,0x00000000eab00000,0x00000000eb400000)
  from space 5632K, 93% used [0x00000000eb980000,0x00000000ebe9ed50,0x00000000ebf00000)
  to   space 5632K, 0% used [0x00000000eb400000,0x00000000eb400000,0x00000000eb980000)
 ParOldGen       total 699392K, used 394976K [0x00000000c0000000, 0x00000000eab00000, 0x00000000eab00000)
  object space 699392K, 56% used [0x00000000c0000000,0x00000000d81b8040,0x00000000eab00000)
 Metaspace       used 77631K, committed 78848K, reserved 1179648K
  class space    used 8529K, committed 9024K, reserved 1048576K
}
Event: 39.685 GC heap before
{Heap before GC invocations=623 (full 329):
 PSYoungGen      total 14848K, used 14459K [0x00000000eab00000, 0x00000000ebf00000, 0x0000000100000000)
  eden space 9216K, 100% used [0x00000000eab00000,0x00000000eb400000,0x00000000eb400000)
  from space 5632K, 93% used [0x00000000eb980000,0x00000000ebe9ed50,0x00000000ebf00000)
  to   space 5632K, 0% used [0x00000000eb400000,0x00000000eb400000,0x00000000eb980000)
 ParOldGen       total 699392K, used 394976K [0x00000000c0000000, 0x00000000eab00000, 0x00000000eab00000)
  object space 699392K, 56% used [0x00000000c0000000,0x00000000d81b8040,0x00000000eab00000)
 Metaspace       used 77631K, committed 78848K, reserved 1179648K
  class space    used 8529K, committed 9024K, reserved 1048576K
}
Event: 39.690 GC heap after
{Heap after GC invocations=623 (full 329):
 PSYoungGen      total 14848K, used 5103K [0x00000000eab00000, 0x00000000ec000000, 0x0000000100000000)
  eden space 9216K, 0% used [0x00000000eab00000,0x00000000eab00000,0x00000000eb400000)
  from space 5632K, 90% used [0x00000000eb400000,0x00000000eb8fbd20,0x00000000eb980000)
  to   space 5632K, 0% used [0x00000000eba80000,0x00000000eba80000,0x00000000ec000000)
 ParOldGen       total 699392K, used 395880K [0x00000000c0000000, 0x00000000eab00000, 0x00000000eab00000)
  object space 699392K, 56% used [0x00000000c0000000,0x00000000d829a040,0x00000000eab00000)
 Metaspace       used 77631K, committed 78848K, reserved 1179648K
  class space    used 8529K, committed 9024K, reserved 1048576K
}
Event: 39.699 GC heap before
{Heap before GC invocations=624 (full 329):
 PSYoungGen      total 14848K, used 14319K [0x00000000eab00000, 0x00000000ec000000, 0x0000000100000000)
  eden space 9216K, 100% used [0x00000000eab00000,0x00000000eb400000,0x00000000eb400000)
  from space 5632K, 90% used [0x00000000eb400000,0x00000000eb8fbd20,0x00000000eb980000)
  to   space 5632K, 0% used [0x00000000eba80000,0x00000000eba80000,0x00000000ec000000)
 ParOldGen       total 699392K, used 395880K [0x00000000c0000000, 0x00000000eab00000, 0x00000000eab00000)
  object space 699392K, 56% used [0x00000000c0000000,0x00000000d829a040,0x00000000eab00000)
 Metaspace       used 77631K, committed 78848K, reserved 1179648K
  class space    used 8529K, committed 9024K, reserved 1048576K
}
Event: 39.703 GC heap after
{Heap after GC invocations=624 (full 329):
 PSYoungGen      total 15872K, used 5419K [0x00000000eab00000, 0x00000000ec000000, 0x0000000100000000)
  eden space 10240K, 0% used [0x00000000eab00000,0x00000000eab00000,0x00000000eb500000)
  from space 5632K, 96% used [0x00000000eba80000,0x00000000ebfcad60,0x00000000ec000000)
  to   space 5632K, 0% used [0x00000000eb500000,0x00000000eb500000,0x00000000eba80000)
 ParOldGen       total 699392K, used 396032K [0x00000000c0000000, 0x00000000eab00000, 0x00000000eab00000)
  object space 699392K, 56% used [0x00000000c0000000,0x00000000d82c0040,0x00000000eab00000)
 Metaspace       used 77631K, committed 78848K, reserved 1179648K
  class space    used 8529K, committed 9024K, reserved 1048576K
}

Dll operation events (14 events):
Event: 0.011 Loaded shared library c:\Users\tuant\.vscode\extensions\redhat.java-1.37.0-win32-x64\jre\17.0.13-win32-x86_64\bin\java.dll
Event: 0.188 Loaded shared library c:\Users\tuant\.vscode\extensions\redhat.java-1.37.0-win32-x64\jre\17.0.13-win32-x86_64\bin\zip.dll
Event: 0.191 Loaded shared library C:\Users\tuant\.vscode\extensions\redhat.java-1.37.0-win32-x64\jre\17.0.13-win32-x86_64\bin\instrument.dll
Event: 0.202 Loaded shared library C:\Users\tuant\.vscode\extensions\redhat.java-1.37.0-win32-x64\jre\17.0.13-win32-x86_64\bin\net.dll
Event: 0.204 Loaded shared library C:\Users\tuant\.vscode\extensions\redhat.java-1.37.0-win32-x64\jre\17.0.13-win32-x86_64\bin\nio.dll
Event: 0.210 Loaded shared library C:\Users\tuant\.vscode\extensions\redhat.java-1.37.0-win32-x64\jre\17.0.13-win32-x86_64\bin\zip.dll
Event: 0.246 Loaded shared library C:\Users\tuant\.vscode\extensions\redhat.java-1.37.0-win32-x64\jre\17.0.13-win32-x86_64\bin\jimage.dll
Event: 0.299 Loaded shared library c:\Users\tuant\.vscode\extensions\redhat.java-1.37.0-win32-x64\jre\17.0.13-win32-x86_64\bin\verify.dll
Event: 1.033 Loaded shared library C:\Users\tuant\AppData\Roaming\Code\User\globalStorage\redhat.java\1.37.0\config_win\org.eclipse.equinox.launcher\org.eclipse.equinox.launcher.win32.win32.x86_64_1.2.1100.v20240722-2106\eclipse_11904.dll
Event: 2.176 Loaded shared library C:\Users\tuant\AppData\Local\Temp\jna-110710726\jna9158971374926738567.dll
Event: 30.059 Loaded shared library C:\Users\tuant\.gradle\native\c067742578af261105cb4f569cf0c3c89f3d7b1fecec35dd04571415982c5e48\windows-amd64\native-platform.dll
Event: 32.384 Loaded shared library C:\Users\tuant\.vscode\extensions\redhat.java-1.37.0-win32-x64\jre\17.0.13-win32-x86_64\bin\management.dll
Event: 32.397 Loaded shared library C:\Users\tuant\.vscode\extensions\redhat.java-1.37.0-win32-x64\jre\17.0.13-win32-x86_64\bin\management_ext.dll
Event: 34.541 Loaded shared library C:\Users\tuant\.vscode\extensions\redhat.java-1.37.0-win32-x64\jre\17.0.13-win32-x86_64\bin\extnet.dll

Deoptimization events (20 events):
Event: 39.409 Thread 0x0000021d2ff31dd0 DEOPT PACKING pc=0x0000021d16a9a0c2 sp=0x000000ab3adfe850
Event: 39.409 Thread 0x0000021d2ff31dd0 DEOPT UNPACKING pc=0x0000021d1de36e43 sp=0x000000ab3adfdd58 mode 0
Event: 39.413 Thread 0x0000021d2ff31dd0 DEOPT PACKING pc=0x0000021d16a9a1d0 sp=0x000000ab3adfe850
Event: 39.413 Thread 0x0000021d2ff31dd0 DEOPT UNPACKING pc=0x0000021d1de36e43 sp=0x000000ab3adfdd58 mode 0
Event: 39.414 Thread 0x0000021d2ff31dd0 DEOPT PACKING pc=0x0000021d16a9a0c2 sp=0x000000ab3adfe850
Event: 39.414 Thread 0x0000021d2ff31dd0 DEOPT UNPACKING pc=0x0000021d1de36e43 sp=0x000000ab3adfdd58 mode 0
Event: 39.414 Thread 0x0000021d2ff31dd0 DEOPT PACKING pc=0x0000021d16a9a1d0 sp=0x000000ab3adfe850
Event: 39.414 Thread 0x0000021d2ff31dd0 DEOPT UNPACKING pc=0x0000021d1de36e43 sp=0x000000ab3adfdd58 mode 0
Event: 39.415 Thread 0x0000021d2ff31dd0 DEOPT PACKING pc=0x0000021d16a9a0c2 sp=0x000000ab3adfe850
Event: 39.415 Thread 0x0000021d2ff31dd0 DEOPT UNPACKING pc=0x0000021d1de36e43 sp=0x000000ab3adfdd58 mode 0
Event: 39.416 Thread 0x0000021d2ff31dd0 DEOPT PACKING pc=0x0000021d16a9a0c2 sp=0x000000ab3adfe850
Event: 39.416 Thread 0x0000021d2ff31dd0 DEOPT UNPACKING pc=0x0000021d1de36e43 sp=0x000000ab3adfdd58 mode 0
Event: 39.417 Thread 0x0000021d2ff31dd0 DEOPT PACKING pc=0x0000021d16a9a1d0 sp=0x000000ab3adfe850
Event: 39.417 Thread 0x0000021d2ff31dd0 DEOPT UNPACKING pc=0x0000021d1de36e43 sp=0x000000ab3adfdd58 mode 0
Event: 39.418 Thread 0x0000021d2ff31dd0 DEOPT PACKING pc=0x0000021d16a9a1d0 sp=0x000000ab3adfe850
Event: 39.418 Thread 0x0000021d2ff31dd0 DEOPT UNPACKING pc=0x0000021d1de36e43 sp=0x000000ab3adfdd58 mode 0
Event: 39.419 Thread 0x0000021d2ff31dd0 DEOPT PACKING pc=0x0000021d16a9a1d0 sp=0x000000ab3adfe850
Event: 39.419 Thread 0x0000021d2ff31dd0 DEOPT UNPACKING pc=0x0000021d1de36e43 sp=0x000000ab3adfdd58 mode 0
Event: 39.555 Thread 0x0000021d2ff31dd0 DEOPT PACKING pc=0x0000021d1791281f sp=0x000000ab3adfe690
Event: 39.555 Thread 0x0000021d2ff31dd0 DEOPT UNPACKING pc=0x0000021d1de36e43 sp=0x000000ab3adfdb30 mode 0

Classes loaded (20 events):
Event: 37.066 Loading class java/util/stream/Nodes$AbstractConcNode done
Event: 37.066 Loading class java/util/stream/Nodes$ConcNode done
Event: 37.079 Loading class java/io/ObjectOutputStream$BlockDataOutputStream
Event: 37.080 Loading class java/io/ObjectOutputStream$BlockDataOutputStream done
Event: 37.080 Loading class java/io/ObjectOutputStream$HandleTable
Event: 37.080 Loading class java/io/ObjectOutputStream$HandleTable done
Event: 37.081 Loading class java/io/ObjectOutputStream$ReplaceTable
Event: 37.081 Loading class java/io/ObjectOutputStream$ReplaceTable done
Event: 37.222 Loading class sun/nio/fs/WindowsFileCopy
Event: 37.223 Loading class sun/nio/fs/WindowsFileCopy done
Event: 37.381 Loading class java/util/stream/Nodes$ToArrayTask$OfRef
Event: 37.381 Loading class java/util/stream/Nodes$ToArrayTask
Event: 37.382 Loading class java/util/stream/Nodes$ToArrayTask done
Event: 37.382 Loading class java/util/stream/Nodes$ToArrayTask$OfRef done
Event: 37.475 Loading class java/util/stream/DistinctOps
Event: 37.475 Loading class java/util/stream/DistinctOps done
Event: 37.475 Loading class java/util/stream/DistinctOps$1
Event: 37.475 Loading class java/util/stream/DistinctOps$1 done
Event: 37.480 Loading class java/util/stream/DistinctOps$1$2
Event: 37.480 Loading class java/util/stream/DistinctOps$1$2 done

Classes unloaded (14 events):
Event: 3.178 Thread 0x0000021d13ca5a50 Unloading class 0x0000000100252000 'java/lang/invoke/LambdaForm$MH+0x0000000100252000'
Event: 3.178 Thread 0x0000021d13ca5a50 Unloading class 0x0000000100251c00 'java/lang/invoke/LambdaForm$MH+0x0000000100251c00'
Event: 3.178 Thread 0x0000021d13ca5a50 Unloading class 0x0000000100251800 'java/lang/invoke/LambdaForm$MH+0x0000000100251800'
Event: 3.178 Thread 0x0000021d13ca5a50 Unloading class 0x0000000100251400 'java/lang/invoke/LambdaForm$MH+0x0000000100251400'
Event: 3.178 Thread 0x0000021d13ca5a50 Unloading class 0x0000000100251000 'java/lang/invoke/LambdaForm$BMH+0x0000000100251000'
Event: 3.178 Thread 0x0000021d13ca5a50 Unloading class 0x0000000100250c00 'java/lang/invoke/LambdaForm$DMH+0x0000000100250c00'
Event: 3.178 Thread 0x0000021d13ca5a50 Unloading class 0x000000010024c400 'java/lang/invoke/LambdaForm$DMH+0x000000010024c400'
Event: 7.757 Thread 0x0000021d13ca5a50 Unloading class 0x0000000100474c00 'java/lang/invoke/LambdaForm$MH+0x0000000100474c00'
Event: 7.757 Thread 0x0000021d13ca5a50 Unloading class 0x0000000100474000 'java/lang/invoke/LambdaForm$MH+0x0000000100474000'
Event: 7.758 Thread 0x0000021d13ca5a50 Unloading class 0x0000000100473c00 'java/lang/invoke/LambdaForm$MH+0x0000000100473c00'
Event: 7.758 Thread 0x0000021d13ca5a50 Unloading class 0x0000000100473000 'java/lang/invoke/LambdaForm$MH+0x0000000100473000'
Event: 7.758 Thread 0x0000021d13ca5a50 Unloading class 0x0000000100472c00 'java/lang/invoke/LambdaForm$DMH+0x0000000100472c00'
Event: 7.758 Thread 0x0000021d13ca5a50 Unloading class 0x0000000100472000 'java/lang/invoke/LambdaForm$MH+0x0000000100472000'
Event: 7.758 Thread 0x0000021d13ca5a50 Unloading class 0x0000000100471c00 'java/lang/invoke/LambdaForm$MH+0x0000000100471c00'

Classes redefined (0 events):
No events

Internal exceptions (20 events):
Event: 38.911 Thread 0x0000021d2ff31dd0 Exception <a 'sun/nio/fs/WindowsException'{0x00000000eac316a0}> (0x00000000eac316a0) 
thrown [s\src\hotspot\share\prims\jni.cpp, line 516]
Event: 38.920 Thread 0x0000021d2ff31dd0 Exception <a 'sun/nio/fs/WindowsException'{0x00000000eac8b2d0}> (0x00000000eac8b2d0) 
thrown [s\src\hotspot\share\prims\jni.cpp, line 516]
Event: 38.920 Thread 0x0000021d2ff31dd0 Exception <a 'sun/nio/fs/WindowsException'{0x00000000eac8b928}> (0x00000000eac8b928) 
thrown [s\src\hotspot\share\prims\jni.cpp, line 516]
Event: 38.921 Thread 0x0000021d2ff31dd0 Exception <a 'sun/nio/fs/WindowsException'{0x00000000eac8c758}> (0x00000000eac8c758) 
thrown [s\src\hotspot\share\prims\jni.cpp, line 516]
Event: 38.921 Thread 0x0000021d2ff31dd0 Exception <a 'sun/nio/fs/WindowsException'{0x00000000eac8cdb0}> (0x00000000eac8cdb0) 
thrown [s\src\hotspot\share\prims\jni.cpp, line 516]
Event: 38.923 Thread 0x0000021d2ff31dd0 Exception <a 'sun/nio/fs/WindowsException'{0x00000000eac8e278}> (0x00000000eac8e278) 
thrown [s\src\hotspot\share\prims\jni.cpp, line 516]
Event: 38.923 Thread 0x0000021d2ff31dd0 Exception <a 'sun/nio/fs/WindowsException'{0x00000000eac8e8d0}> (0x00000000eac8e8d0) 
thrown [s\src\hotspot\share\prims\jni.cpp, line 516]
Event: 38.931 Thread 0x0000021d2ff31dd0 Exception <a 'sun/nio/fs/WindowsException'{0x00000000eace8e28}> (0x00000000eace8e28) 
thrown [s\src\hotspot\share\prims\jni.cpp, line 516]
Event: 38.932 Thread 0x0000021d2ff31dd0 Exception <a 'sun/nio/fs/WindowsException'{0x00000000eace9480}> (0x00000000eace9480) 
thrown [s\src\hotspot\share\prims\jni.cpp, line 516]
Event: 38.932 Thread 0x0000021d2ff31dd0 Exception <a 'sun/nio/fs/WindowsException'{0x00000000eacea028}> (0x00000000eacea028) 
thrown [s\src\hotspot\share\prims\jni.cpp, line 516]
Event: 38.932 Thread 0x0000021d2ff31dd0 Exception <a 'sun/nio/fs/WindowsException'{0x00000000eacea680}> (0x00000000eacea680) 
thrown [s\src\hotspot\share\prims\jni.cpp, line 516]
Event: 38.932 Thread 0x0000021d2ff31dd0 Exception <a 'sun/nio/fs/WindowsException'{0x00000000eacebd88}> (0x00000000eacebd88) 
thrown [s\src\hotspot\share\prims\jni.cpp, line 516]
Event: 38.932 Thread 0x0000021d2ff31dd0 Exception <a 'sun/nio/fs/WindowsException'{0x00000000eacec3e0}> (0x00000000eacec3e0) 
thrown [s\src\hotspot\share\prims\jni.cpp, line 516]
Event: 39.058 Thread 0x0000021d2ff33210 Exception <a 'java/io/IOException'{0x00000000eabc79b0}> (0x00000000eabc79b0) 
thrown [s\src\hotspot\share\prims\jni.cpp, line 516]
Event: 39.059 Thread 0x0000021d2ff33210 Exception <a 'java/io/IOException'{0x00000000eabc9890}> (0x00000000eabc9890) 
thrown [s\src\hotspot\share\prims\jni.cpp, line 516]
Event: 39.060 Thread 0x0000021d2ff33210 Exception <a 'java/io/IOException'{0x00000000eabdb048}> (0x00000000eabdb048) 
thrown [s\src\hotspot\share\prims\jni.cpp, line 516]
Event: 39.060 Thread 0x0000021d2ff33210 Exception <a 'java/io/IOException'{0x00000000eabe0018}> (0x00000000eabe0018) 
thrown [s\src\hotspot\share\prims\jni.cpp, line 516]
Event: 39.061 Thread 0x0000021d2ff33210 Exception <a 'java/io/IOException'{0x00000000eabed2d0}> (0x00000000eabed2d0) 
thrown [s\src\hotspot\share\prims\jni.cpp, line 516]
Event: 39.062 Thread 0x0000021d2ff33210 Exception <a 'java/io/IOException'{0x00000000eabf28e0}> (0x00000000eabf28e0) 
thrown [s\src\hotspot\share\prims\jni.cpp, line 516]
Event: 39.064 Thread 0x0000021d2ff33210 Exception <a 'java/io/IOException'{0x00000000eabfecd0}> (0x00000000eabfecd0) 
thrown [s\src\hotspot\share\prims\jni.cpp, line 516]

VM Operations (20 events):
Event: 39.575 Executing VM operation: ParallelGCFailedAllocation
Event: 39.578 Executing VM operation: ParallelGCFailedAllocation done
Event: 39.588 Executing VM operation: ParallelGCFailedAllocation
Event: 39.591 Executing VM operation: ParallelGCFailedAllocation done
Event: 39.602 Executing VM operation: ParallelGCFailedAllocation
Event: 39.605 Executing VM operation: ParallelGCFailedAllocation done
Event: 39.614 Executing VM operation: ParallelGCFailedAllocation
Event: 39.619 Executing VM operation: ParallelGCFailedAllocation done
Event: 39.629 Executing VM operation: ParallelGCFailedAllocation
Event: 39.635 Executing VM operation: ParallelGCFailedAllocation done
Event: 39.645 Executing VM operation: ParallelGCFailedAllocation
Event: 39.649 Executing VM operation: ParallelGCFailedAllocation done
Event: 39.660 Executing VM operation: ParallelGCFailedAllocation
Event: 39.664 Executing VM operation: ParallelGCFailedAllocation done
Event: 39.670 Executing VM operation: ParallelGCFailedAllocation
Event: 39.674 Executing VM operation: ParallelGCFailedAllocation done
Event: 39.685 Executing VM operation: ParallelGCFailedAllocation
Event: 39.690 Executing VM operation: ParallelGCFailedAllocation done
Event: 39.699 Executing VM operation: ParallelGCFailedAllocation
Event: 39.704 Executing VM operation: ParallelGCFailedAllocation done

Memory protections (0 events):
No events

Nmethod flushes (20 events):
Event: 37.123 Thread 0x0000021d2cb97fb0 flushing  nmethod 0x0000021d17bf8790
Event: 37.123 Thread 0x0000021d2cb97fb0 flushing  nmethod 0x0000021d17bfa310
Event: 37.123 Thread 0x0000021d2cb97fb0 flushing  nmethod 0x0000021d17bfd710
Event: 37.123 Thread 0x0000021d2cb97fb0 flushing osr nmethod 0x0000021d17c31d90
Event: 37.123 Thread 0x0000021d2cb97fb0 flushing  nmethod 0x0000021d17c41110
Event: 37.123 Thread 0x0000021d2cb97fb0 flushing  nmethod 0x0000021d17c42510
Event: 37.123 Thread 0x0000021d2cb97fb0 flushing  nmethod 0x0000021d17c42d90
Event: 37.123 Thread 0x0000021d2cb97fb0 flushing osr nmethod 0x0000021d17c43810
Event: 37.123 Thread 0x0000021d2cb97fb0 flushing osr nmethod 0x0000021d17c47f90
Event: 37.123 Thread 0x0000021d2cb97fb0 flushing  nmethod 0x0000021d17c4d010
Event: 37.123 Thread 0x0000021d2cb97fb0 flushing  nmethod 0x0000021d17c4da90
Event: 37.123 Thread 0x0000021d2cb97fb0 flushing  nmethod 0x0000021d17c4f490
Event: 37.123 Thread 0x0000021d2cb97fb0 flushing  nmethod 0x0000021d17c78790
Event: 37.123 Thread 0x0000021d2cb97fb0 flushing  nmethod 0x0000021d17c97190
Event: 37.123 Thread 0x0000021d2cb97fb0 flushing  nmethod 0x0000021d17c9a290
Event: 37.123 Thread 0x0000021d2cb97fb0 flushing  nmethod 0x0000021d17ca2190
Event: 37.123 Thread 0x0000021d2cb97fb0 flushing  nmethod 0x0000021d17ca2890
Event: 37.123 Thread 0x0000021d2cb97fb0 flushing  nmethod 0x0000021d17cb6690
Event: 37.123 Thread 0x0000021d2cb97fb0 flushing  nmethod 0x0000021d17cd3e10
Event: 37.123 Thread 0x0000021d2cb97fb0 flushing  nmethod 0x0000021d17cd4210

Events (20 events):
Event: 37.217 Thread 0x0000021d328ffe40 Thread added: 0x0000021d328f89d0
Event: 37.218 Thread 0x0000021d328ffe40 Thread added: 0x0000021d328f9e10
Event: 37.219 Thread 0x0000021d328f89d0 Thread added: 0x0000021d328fa830
Event: 37.219 Thread 0x0000021d328f89d0 Thread added: 0x0000021d2f8c9080
Event: 37.223 Thread 0x0000021d328f9e10 Thread added: 0x0000021d2f8c62f0
Event: 37.224 Thread 0x0000021d328f9e10 Thread added: 0x0000021d2f8c9aa0
Event: 37.226 Thread 0x0000021d2f8c9aa0 Thread added: 0x0000021d3c1d3350
Event: 37.226 Thread 0x0000021d2f8c9aa0 Thread added: 0x0000021d3c1d6b00
Event: 37.247 Thread 0x0000021d2f8c9080 Thread added: 0x0000021d3c1d7010
Event: 37.383 Thread 0x0000021d3c1d3350 Thread exited: 0x0000021d3c1d3350
Event: 37.383 Thread 0x0000021d2f8c9080 Thread exited: 0x0000021d2f8c9080
Event: 37.383 Thread 0x0000021d328f84c0 Thread exited: 0x0000021d328f84c0
Event: 37.383 Thread 0x0000021d3c1d7010 Thread exited: 0x0000021d3c1d7010
Event: 37.383 Thread 0x0000021d328f9e10 Thread exited: 0x0000021d328f9e10
Event: 37.383 Thread 0x0000021d328fa830 Thread exited: 0x0000021d328fa830
Event: 37.383 Thread 0x0000021d3c1d6b00 Thread exited: 0x0000021d3c1d6b00
Event: 37.383 Thread 0x0000021d2f8c62f0 Thread exited: 0x0000021d2f8c62f0
Event: 37.383 Thread 0x0000021d328f89d0 Thread exited: 0x0000021d328f89d0
Event: 37.383 Thread 0x0000021d328ffe40 Thread exited: 0x0000021d328ffe40
Event: 37.383 Thread 0x0000021d2f8c9aa0 Thread exited: 0x0000021d2f8c9aa0


Dynamic libraries:
0x00007ff681d80000 - 0x00007ff681d8e000 	c:\Users\tuant\.vscode\extensions\redhat.java-1.37.0-win32-x64\jre\17.0.13-win32-x86_64\bin\java.exe
0x00007ffd510f0000 - 0x00007ffd51307000 	C:\WINDOWS\SYSTEM32\ntdll.dll
0x00007ffd4f1f0000 - 0x00007ffd4f2b4000 	C:\WINDOWS\System32\KERNEL32.DLL
0x00007ffd4e560000 - 0x00007ffd4e919000 	C:\WINDOWS\System32\KERNELBASE.dll
0x00007ffd4ecf0000 - 0x00007ffd4ee01000 	C:\WINDOWS\System32\ucrtbase.dll
0x00007ffd49590000 - 0x00007ffd495ae000 	c:\Users\tuant\.vscode\extensions\redhat.java-1.37.0-win32-x64\jre\17.0.13-win32-x86_64\bin\VCRUNTIME140.dll
0x00007ffd44020000 - 0x00007ffd44037000 	c:\Users\tuant\.vscode\extensions\redhat.java-1.37.0-win32-x64\jre\17.0.13-win32-x86_64\bin\jli.dll
0x00007ffd4ee10000 - 0x00007ffd4efbe000 	C:\WINDOWS\System32\USER32.dll
0x00007ffd34760000 - 0x00007ffd349f2000 	C:\WINDOWS\WinSxS\amd64_microsoft.windows.common-controls_6595b64144ccf1df_6.0.22621.4391_none_2715d37f73803e96\COMCTL32.dll
0x00007ffd4e460000 - 0x00007ffd4e486000 	C:\WINDOWS\System32\win32u.dll
0x00007ffd4f140000 - 0x00007ffd4f1e7000 	C:\WINDOWS\System32\msvcrt.dll
0x00007ffd4f030000 - 0x00007ffd4f059000 	C:\WINDOWS\System32\GDI32.dll
0x00007ffd4e920000 - 0x00007ffd4ea3b000 	C:\WINDOWS\System32\gdi32full.dll
0x00007ffd4e4c0000 - 0x00007ffd4e55a000 	C:\WINDOWS\System32\msvcp_win.dll
0x00007ffd50b20000 - 0x00007ffd50b51000 	C:\WINDOWS\System32\IMM32.DLL
0x00007ffd495c0000 - 0x00007ffd495cc000 	c:\Users\tuant\.vscode\extensions\redhat.java-1.37.0-win32-x64\jre\17.0.13-win32-x86_64\bin\vcruntime140_1.dll
0x00007ffd0f6c0000 - 0x00007ffd0f74d000 	c:\Users\tuant\.vscode\extensions\redhat.java-1.37.0-win32-x64\jre\17.0.13-win32-x86_64\bin\msvcp140.dll
0x00007ffcaf430000 - 0x00007ffcb009b000 	c:\Users\tuant\.vscode\extensions\redhat.java-1.37.0-win32-x64\jre\17.0.13-win32-x86_64\bin\server\jvm.dll
0x00007ffd50a60000 - 0x00007ffd50b12000 	C:\WINDOWS\System32\ADVAPI32.dll
0x00007ffd50b60000 - 0x00007ffd50c07000 	C:\WINDOWS\System32\sechost.dll
0x00007ffd4e490000 - 0x00007ffd4e4b8000 	C:\WINDOWS\System32\bcrypt.dll
0x00007ffd4fc10000 - 0x00007ffd4fd24000 	C:\WINDOWS\System32\RPCRT4.dll
0x00007ffd4f060000 - 0x00007ffd4f0d1000 	C:\WINDOWS\System32\WS2_32.dll
0x00007ffd4d260000 - 0x00007ffd4d2ad000 	C:\WINDOWS\SYSTEM32\POWRPROF.dll
0x00007ffd474e0000 - 0x00007ffd47514000 	C:\WINDOWS\SYSTEM32\WINMM.dll
0x00007ffd42c20000 - 0x00007ffd42c2a000 	C:\WINDOWS\SYSTEM32\VERSION.dll
0x00007ffd4d230000 - 0x00007ffd4d243000 	C:\WINDOWS\SYSTEM32\UMPDC.dll
0x00007ffd4d500000 - 0x00007ffd4d518000 	C:\WINDOWS\SYSTEM32\kernel.appcore.dll
0x00007ffd49540000 - 0x00007ffd4954a000 	c:\Users\tuant\.vscode\extensions\redhat.java-1.37.0-win32-x64\jre\17.0.13-win32-x86_64\bin\jimage.dll
0x00007ffd4b6b0000 - 0x00007ffd4b8e2000 	C:\WINDOWS\SYSTEM32\DBGHELP.DLL
0x00007ffd4fd30000 - 0x00007ffd500bf000 	C:\WINDOWS\System32\combase.dll
0x00007ffd505e0000 - 0x00007ffd506b7000 	C:\WINDOWS\System32\OLEAUT32.dll
0x00007ffd425c0000 - 0x00007ffd425f2000 	C:\WINDOWS\SYSTEM32\dbgcore.DLL
0x00007ffd4ebb0000 - 0x00007ffd4ec2b000 	C:\WINDOWS\System32\bcryptPrimitives.dll
0x00007ffd43e00000 - 0x00007ffd43e0e000 	c:\Users\tuant\.vscode\extensions\redhat.java-1.37.0-win32-x64\jre\17.0.13-win32-x86_64\bin\instrument.dll
0x00007ffd44050000 - 0x00007ffd44075000 	c:\Users\tuant\.vscode\extensions\redhat.java-1.37.0-win32-x64\jre\17.0.13-win32-x86_64\bin\java.dll
0x00007ffd4a2e0000 - 0x00007ffd4a2f8000 	c:\Users\tuant\.vscode\extensions\redhat.java-1.37.0-win32-x64\jre\17.0.13-win32-x86_64\bin\zip.dll
0x00007ffd4f370000 - 0x00007ffd4fbe6000 	C:\WINDOWS\System32\SHELL32.dll
0x00007ffd4c2f0000 - 0x00007ffd4cbf3000 	C:\WINDOWS\SYSTEM32\windows.storage.dll
0x00007ffd4c1b0000 - 0x00007ffd4c2ef000 	C:\WINDOWS\SYSTEM32\wintypes.dll
0x00007ffd50460000 - 0x00007ffd50559000 	C:\WINDOWS\System32\SHCORE.dll
0x00007ffd508a0000 - 0x00007ffd508fe000 	C:\WINDOWS\System32\shlwapi.dll
0x00007ffd4e320000 - 0x00007ffd4e34b000 	C:\WINDOWS\SYSTEM32\profapi.dll
0x00007ffd43fc0000 - 0x00007ffd43fd9000 	C:\Users\tuant\.vscode\extensions\redhat.java-1.37.0-win32-x64\jre\17.0.13-win32-x86_64\bin\net.dll
0x00007ffd4a860000 - 0x00007ffd4a996000 	C:\WINDOWS\SYSTEM32\WINHTTP.dll
0x00007ffd4d9a0000 - 0x00007ffd4da09000 	C:\WINDOWS\system32\mswsock.dll
0x00007ffd3e890000 - 0x00007ffd3e8a6000 	C:\Users\tuant\.vscode\extensions\redhat.java-1.37.0-win32-x64\jre\17.0.13-win32-x86_64\bin\nio.dll
0x00007ffd3e590000 - 0x00007ffd3e5a0000 	c:\Users\tuant\.vscode\extensions\redhat.java-1.37.0-win32-x64\jre\17.0.13-win32-x86_64\bin\verify.dll
0x00007ffd35a30000 - 0x00007ffd35a75000 	C:\Users\tuant\AppData\Roaming\Code\User\globalStorage\redhat.java\1.37.0\config_win\org.eclipse.equinox.launcher\org.eclipse.equinox.launcher.win32.win32.x86_64_1.2.1100.v20240722-2106\eclipse_11904.dll
0x00007ffd50290000 - 0x00007ffd50435000 	C:\WINDOWS\System32\ole32.dll
0x00007ffd4dbf0000 - 0x00007ffd4dc0b000 	C:\WINDOWS\SYSTEM32\CRYPTSP.dll
0x00007ffd4d460000 - 0x00007ffd4d495000 	C:\WINDOWS\system32\rsaenh.dll
0x00007ffd4da90000 - 0x00007ffd4dab8000 	C:\WINDOWS\SYSTEM32\USERENV.dll
0x00007ffd4dc10000 - 0x00007ffd4dc1c000 	C:\WINDOWS\SYSTEM32\CRYPTBASE.dll
0x00007ffd4cf10000 - 0x00007ffd4cf3d000 	C:\WINDOWS\SYSTEM32\IPHLPAPI.DLL
0x00007ffd4fc00000 - 0x00007ffd4fc09000 	C:\WINDOWS\System32\NSI.dll
0x00007ffd498b0000 - 0x00007ffd498c9000 	C:\WINDOWS\SYSTEM32\dhcpcsvc6.DLL
0x00007ffd49850000 - 0x00007ffd4986f000 	C:\WINDOWS\SYSTEM32\dhcpcsvc.DLL
0x00007ffd4cf90000 - 0x00007ffd4d092000 	C:\WINDOWS\SYSTEM32\DNSAPI.dll
0x00007ffd35240000 - 0x00007ffd35289000 	C:\Users\tuant\AppData\Local\Temp\jna-110710726\jna9158971374926738567.dll
0x00007ffd4fbf0000 - 0x00007ffd4fbf8000 	C:\WINDOWS\System32\PSAPI.DLL
0x00007ffd42650000 - 0x00007ffd42677000 	C:\Users\tuant\.gradle\native\c067742578af261105cb4f569cf0c3c89f3d7b1fecec35dd04571415982c5e48\windows-amd64\native-platform.dll
0x00007ffd494b0000 - 0x00007ffd494ba000 	C:\Users\tuant\.vscode\extensions\redhat.java-1.37.0-win32-x64\jre\17.0.13-win32-x86_64\bin\management.dll
0x00007ffd474b0000 - 0x00007ffd474bb000 	C:\Users\tuant\.vscode\extensions\redhat.java-1.37.0-win32-x64\jre\17.0.13-win32-x86_64\bin\management_ext.dll
0x00007ffd44040000 - 0x00007ffd44049000 	C:\Users\tuant\.vscode\extensions\redhat.java-1.37.0-win32-x64\jre\17.0.13-win32-x86_64\bin\extnet.dll
0x00007ffd4d630000 - 0x00007ffd4d664000 	C:\WINDOWS\SYSTEM32\ntmarta.dll

dbghelp: loaded successfully - version: 4.0.5 - missing functions: none
symbol engine: initialized successfully - sym options: 0x614 - pdb path: .;c:\Users\tuant\.vscode\extensions\redhat.java-1.37.0-win32-x64\jre\17.0.13-win32-x86_64\bin;C:\WINDOWS\SYSTEM32;C:\WINDOWS\WinSxS\amd64_microsoft.windows.common-controls_6595b64144ccf1df_6.0.22621.4391_none_2715d37f73803e96;c:\Users\tuant\.vscode\extensions\redhat.java-1.37.0-win32-x64\jre\17.0.13-win32-x86_64\bin\server;C:\Users\tuant\AppData\Roaming\Code\User\globalStorage\redhat.java\1.37.0\config_win\org.eclipse.equinox.launcher\org.eclipse.equinox.launcher.win32.win32.x86_64_1.2.1100.v20240722-2106;C:\Users\tuant\AppData\Local\Temp\jna-110710726;C:\Users\tuant\.gradle\native\c067742578af261105cb4f569cf0c3c89f3d7b1fecec35dd04571415982c5e48\windows-amd64

VM Arguments:
jvm_args: --add-modules=ALL-SYSTEM --add-opens=java.base/java.util=ALL-UNNAMED --add-opens=java.base/java.lang=ALL-UNNAMED --add-opens=java.base/sun.nio.fs=ALL-UNNAMED -Declipse.application=org.eclipse.jdt.ls.core.id1 -Dosgi.bundles.defaultStartLevel=4 -Declipse.product=org.eclipse.jdt.ls.core.product -Djava.import.generatesMetadataFilesAtProjectRoot=false -DDetectVMInstallationsJob.disabled=true -Dfile.encoding=utf8 -XX:+UseParallelGC -XX:GCTimeRatio=4 -XX:AdaptiveSizePolicyWeight=90 -Dsun.zip.disableMemoryMapping=true -Xmx1G -Xms100m -Xlog:disable -javaagent:c:\Users\tuant\.vscode\extensions\redhat.java-1.37.0-win32-x64\lombok\lombok-1.18.34.jar -XX:+HeapDumpOnOutOfMemoryError -XX:HeapDumpPath=c:\Users\tuant\AppData\Roaming\Code\User\workspaceStorage\9255a2486ce90b51e51345d54823f42f\redhat.java -Daether.dependencyCollector.impl=bf 
java_command: c:\Users\tuant\.vscode\extensions\redhat.java-1.37.0-win32-x64\server\plugins\org.eclipse.equinox.launcher_1.6.900.v20240613-2009.jar -configuration c:\Users\tuant\AppData\Roaming\Code\User\globalStorage\redhat.java\1.37.0\config_win -data c:\Users\tuant\AppData\Roaming\Code\User\workspaceStorage\9255a2486ce90b51e51345d54823f42f\redhat.java\jdt_ws --pipe=\\.\pipe\lsp-ccd14ead273095900d14a2312bd5a196-sock
java_class_path (initial): c:\Users\tuant\.vscode\extensions\redhat.java-1.37.0-win32-x64\server\plugins\org.eclipse.equinox.launcher_1.6.900.v20240613-2009.jar
Launcher Type: SUN_STANDARD

[Global flags]
    uintx AdaptiveSizePolicyWeight                 = 90                                        {product} {command line}
     intx CICompilerCount                          = 4                                         {product} {ergonomic}
    uintx GCTimeRatio                              = 4                                         {product} {command line}
     bool HeapDumpOnOutOfMemoryError               = true                                   {manageable} {command line}
    ccstr HeapDumpPath                             = c:\Users\tuant\AppData\Roaming\Code\User\workspaceStorage\9255a2486ce90b51e51345d54823f42f\redhat.java         {manageable} {command line}
   size_t InitialHeapSize                          = 104857600                                 {product} {command line}
   size_t MaxHeapSize                              = 1073741824                                {product} {command line}
   size_t MaxNewSize                               = 357564416                                 {product} {ergonomic}
   size_t MinHeapDeltaBytes                        = 524288                                    {product} {ergonomic}
   size_t MinHeapSize                              = 104857600                                 {product} {command line}
   size_t NewSize                                  = 34603008                                  {product} {ergonomic}
    uintx NonNMethodCodeHeapSize                   = 5839372                                {pd product} {ergonomic}
    uintx NonProfiledCodeHeapSize                  = 122909434                              {pd product} {ergonomic}
   size_t OldSize                                  = 70254592                                  {product} {ergonomic}
    uintx ProfiledCodeHeapSize                     = 122909434                              {pd product} {ergonomic}
    uintx ReservedCodeCacheSize                    = 251658240                              {pd product} {ergonomic}
     bool SegmentedCodeCache                       = true                                      {product} {ergonomic}
   size_t SoftMaxHeapSize                          = 1073741824                             {manageable} {ergonomic}
     bool UseCompressedClassPointers               = true                           {product lp64_product} {ergonomic}
     bool UseCompressedOops                        = true                           {product lp64_product} {ergonomic}
     bool UseLargePagesIndividualAllocation        = false                                  {pd product} {ergonomic}
     bool UseParallelGC                            = true                                      {product} {command line}

Logging:
Log output configuration:
 #0: stdout all=off uptime,level,tags
 #1: stderr all=off uptime,level,tags

Environment Variables:
JAVA_HOME=C:\Program Files\java\jdk-17.0.12
PATH=C:\Python312\Scripts\;C:\Python312\;C:\Windows\system32;C:\Windows;C:\Windows\System32\Wbem;C:\Windows\System32\WindowsPowerShell\v1.0\;C:\Windows\System32\OpenSSH\;C:\Program Files (x86)\NVIDIA Corporation\PhysX\Common;C:\Program Files\NVIDIA Corporation\NVIDIA NvDLISR;C:\WINDOWS\system32;C:\WINDOWS;C:\WINDOWS\System32\Wbem;C:\WINDOWS\System32\WindowsPowerShell\v1.0\;C:\WINDOWS\System32\OpenSSH\;C:\Program Files\java\jdk-17.0.12\bin;C:\Program Files\Cloudflare\Cloudflare WARP\;C:\ProgramData\chocolatey\bin;C:\Users\tuant\AppData\Local\Android\Sdk\platform-tools;C:\Program Files\Git\cmd;C:\Program Files\Git\bin;C:\Program Files\MongoDB\Server\8.0\bin;C:\Program Files\mongosh-2.3.3-win32-x64\bin;C:\Program Files\nodejs\;C:\Users\tuant\AppData\Local\Microsoft\WindowsApps;D:\Microsoft VS Code\bin;C:\Users\tuant\AppData\Local\GitHubDesktop\bin;C:\Users\tuant\AppData\Local\Programs\mongosh\;C:\Users\tuant\AppData\Roaming\npm
USERNAME=tuant
OS=Windows_NT
PROCESSOR_IDENTIFIER=Intel64 Family 6 Model 154 Stepping 3, GenuineIntel
TMP=C:\Users\tuant\AppData\Local\Temp
TEMP=C:\Users\tuant\AppData\Local\Temp



Periodic native trim disabled


---------------  S Y S T E M  ---------------

OS:
 Windows 11 , 64 bit Build 22621 (10.0.22621.4391)
OS uptime: 8 days 23:28 hours
Hyper-V role detected

CPU: total 12 (initial active 12) (6 cores per cpu, 2 threads per core) family 6 model 154 stepping 3 microcode 0x42a, cx8, cmov, fxsr, ht, mmx, 3dnowpref, sse, sse2, sse3, ssse3, sse4.1, sse4.2, popcnt, lzcnt, tsc, tscinvbit, avx, avx2, aes, erms, clmul, bmi1, bmi2, adx, sha, fma, vzeroupper, clflush, clflushopt, clwb, hv
Processor Information for processor 0
  Max Mhz: 2000, Current Mhz: 2000, Mhz Limit: 2000
Processor Information for processor 1
  Max Mhz: 2000, Current Mhz: 2000, Mhz Limit: 2000
Processor Information for processor 2
  Max Mhz: 2000, Current Mhz: 2000, Mhz Limit: 2000
Processor Information for processor 3
  Max Mhz: 2000, Current Mhz: 2000, Mhz Limit: 2000
Processor Information for processor 4
  Max Mhz: 2000, Current Mhz: 2000, Mhz Limit: 2000
Processor Information for processor 5
  Max Mhz: 2000, Current Mhz: 2000, Mhz Limit: 2000
Processor Information for processor 6
  Max Mhz: 2000, Current Mhz: 2000, Mhz Limit: 2000
Processor Information for processor 7
  Max Mhz: 2000, Current Mhz: 2000, Mhz Limit: 2000
Processor Information for processor 8
  Max Mhz: 2000, Current Mhz: 1500, Mhz Limit: 1500
Processor Information for processor 9
  Max Mhz: 2000, Current Mhz: 1500, Mhz Limit: 1500
Processor Information for processor 10
  Max Mhz: 2000, Current Mhz: 1500, Mhz Limit: 1500
Processor Information for processor 11
  Max Mhz: 2000, Current Mhz: 1500, Mhz Limit: 1500

Memory: 4k page, system-wide physical 7896M (122M free)
TotalPageFile size 32472M (AvailPageFile size 2M)
current process WorkingSet (physical memory assigned to process): 490M, peak: 502M
current process commit charge ("private bytes"): 983M, peak: 993M

vm_info: OpenJDK 64-Bit Server VM (17.0.13+11) for windows-amd64 JRE (17.0.13+11), built on Oct 16 2024 00:10:08 by "admin" with MS VC++ 17.7 (VS2022)

END.
